[35m[1mConsolidate compiler generated dependencies of target BT_node_server[0m
[ 50%] Built target bt_node_server
[100%] Built target BT_node_server
-- Install configuration: ""
-- Up-to-date: /home/mcolledanchise/behavior-stack-example/libs/ros2_bt_nodes/ws/src/install/bt_leaf_nodes_servers/lib/bt_leaf_nodes_servers/bt_node_server
-- Up-to-date: /home/mcolledanchise/behavior-stack-example/libs/ros2_bt_nodes/ws/src/install/bt_leaf_nodes_servers/lib/libBT_node_server.so
-- Up-to-date: /home/mcolledanchise/behavior-stack-example/libs/ros2_bt_nodes/ws/src/install/bt_leaf_nodes_servers/share/ament_index/resource_index/package_run_dependencies/bt_leaf_nodes_servers
-- Up-to-date: /home/mcolledanchise/behavior-stack-example/libs/ros2_bt_nodes/ws/src/install/bt_leaf_nodes_servers/share/ament_index/resource_index/parent_prefix_path/bt_leaf_nodes_servers
-- Up-to-date: /home/mcolledanchise/behavior-stack-example/libs/ros2_bt_nodes/ws/src/install/bt_leaf_nodes_servers/share/bt_leaf_nodes_servers/environment/ament_prefix_path.sh
-- Up-to-date: /home/mcolledanchise/behavior-stack-example/libs/ros2_bt_nodes/ws/src/install/bt_leaf_nodes_servers/share/bt_leaf_nodes_servers/environment/ament_prefix_path.dsv
-- Up-to-date: /home/mcolledanchise/behavior-stack-example/libs/ros2_bt_nodes/ws/src/install/bt_leaf_nodes_servers/share/bt_leaf_nodes_servers/environment/path.sh
-- Up-to-date: /home/mcolledanchise/behavior-stack-example/libs/ros2_bt_nodes/ws/src/install/bt_leaf_nodes_servers/share/bt_leaf_nodes_servers/environment/path.dsv
-- Up-to-date: /home/mcolledanchise/behavior-stack-example/libs/ros2_bt_nodes/ws/src/install/bt_leaf_nodes_servers/share/bt_leaf_nodes_servers/local_setup.bash
-- Up-to-date: /home/mcolledanchise/behavior-stack-example/libs/ros2_bt_nodes/ws/src/install/bt_leaf_nodes_servers/share/bt_leaf_nodes_servers/local_setup.sh
-- Up-to-date: /home/mcolledanchise/behavior-stack-example/libs/ros2_bt_nodes/ws/src/install/bt_leaf_nodes_servers/share/bt_leaf_nodes_servers/local_setup.zsh
-- Up-to-date: /home/mcolledanchise/behavior-stack-example/libs/ros2_bt_nodes/ws/src/install/bt_leaf_nodes_servers/share/bt_leaf_nodes_servers/local_setup.dsv
-- Installing: /home/mcolledanchise/behavior-stack-example/libs/ros2_bt_nodes/ws/src/install/bt_leaf_nodes_servers/share/bt_leaf_nodes_servers/package.dsv
-- Up-to-date: /home/mcolledanchise/behavior-stack-example/libs/ros2_bt_nodes/ws/src/install/bt_leaf_nodes_servers/share/ament_index/resource_index/packages/bt_leaf_nodes_servers
-- Up-to-date: /home/mcolledanchise/behavior-stack-example/libs/ros2_bt_nodes/ws/src/install/bt_leaf_nodes_servers/share/ament_index/resource_index/rclcpp_components/bt_leaf_nodes_servers
-- Up-to-date: /home/mcolledanchise/behavior-stack-example/libs/ros2_bt_nodes/ws/src/install/bt_leaf_nodes_servers/share/bt_leaf_nodes_servers/cmake/bt_leaf_nodes_serversConfig.cmake
-- Up-to-date: /home/mcolledanchise/behavior-stack-example/libs/ros2_bt_nodes/ws/src/install/bt_leaf_nodes_servers/share/bt_leaf_nodes_servers/cmake/bt_leaf_nodes_serversConfig-version.cmake
-- Up-to-date: /home/mcolledanchise/behavior-stack-example/libs/ros2_bt_nodes/ws/src/install/bt_leaf_nodes_servers/share/bt_leaf_nodes_servers/package.xml
