[0.052s] Invoking command in '/home/mcolledanchise/behavior-stack-example/libs/ros2_bt_nodes/ws/src/build/bt_leaf_nodes_clients': AMENT_PREFIX_PATH=/home/mcolledanchise/behavior-stack-example/libs/ros2_bt_nodes/ws/src/install/bt_leaf_nodes_interfaces:${AMENT_PREFIX_PATH} CMAKE_PREFIX_PATH=/home/mcolledanchise/behavior-stack-example/libs/ros2_bt_nodes/ws/src/install/bt_leaf_nodes_interfaces:/opt/ros/humble LD_LIBRARY_PATH=/home/mcolledanchise/behavior-stack-example/libs/ros2_bt_nodes/ws/src/install/bt_leaf_nodes_interfaces/lib:${LD_LIBRARY_PATH} PYTHONPATH=/home/mcolledanchise/behavior-stack-example/libs/ros2_bt_nodes/ws/src/install/bt_leaf_nodes_interfaces/local/lib/python3.10/dist-packages:${PYTHONPATH} /usr/bin/cmake /home/mcolledanchise/behavior-stack-example/libs/ros2_bt_nodes/ws/src/bt_leaf_nodes_clients -DCMAKE_INSTALL_PREFIX=/home/mcolledanchise/behavior-stack-example/libs/ros2_bt_nodes/ws/src/install/bt_leaf_nodes_clients
[0.196s] -- The C compiler identification is GNU 11.2.0
[0.464s] -- The CXX compiler identification is GNU 11.2.0
[0.655s] -- Detecting C compiler ABI info
[0.751s] -- Detecting C compiler ABI info - done
[0.757s] -- Check for working C compiler: /usr/bin/cc - skipped
[0.757s] -- Detecting C compile features
[0.758s] -- Detecting C compile features - done
[0.760s] -- Detecting CXX compiler ABI info
[0.856s] -- Detecting CXX compiler ABI info - done
[0.862s] -- Check for working CXX compiler: /usr/bin/c++ - skipped
[0.862s] -- Detecting CXX compile features
[0.862s] -- Detecting CXX compile features - done
[0.866s] -- Found ament_cmake: 1.3.2 (/opt/ros/humble/share/ament_cmake/cmake)
[1.011s] -- Found Python3: /usr/bin/python3.10 (found version "3.10.4") found components: Interpreter 
[1.090s] -- Found bt_leaf_nodes_interfaces: 0.0.0 (/home/mcolledanchise/behavior-stack-example/libs/ros2_bt_nodes/ws/src/install/bt_leaf_nodes_interfaces/share/bt_leaf_nodes_interfaces/cmake)
[1.187s] -- Found rosidl_generator_c: 3.1.3 (/opt/ros/humble/share/rosidl_generator_c/cmake)
[1.191s] -- Found rosidl_adapter: 3.1.3 (/opt/ros/humble/share/rosidl_adapter/cmake)
[1.199s] -- Found rosidl_generator_cpp: 3.1.3 (/opt/ros/humble/share/rosidl_generator_cpp/cmake)
[1.213s] -- Using all available rosidl_typesupport_c: rosidl_typesupport_fastrtps_c;rosidl_typesupport_introspection_c
[1.230s] -- Using all available rosidl_typesupport_cpp: rosidl_typesupport_fastrtps_cpp;rosidl_typesupport_introspection_cpp
[1.369s] -- Found rclcpp: 16.0.1 (/opt/ros/humble/share/rclcpp/cmake)
[1.427s] -- Found rmw_implementation_cmake: 6.1.0 (/opt/ros/humble/share/rmw_implementation_cmake/cmake)
[1.430s] -- Found rmw_fastrtps_cpp: 6.2.1 (/opt/ros/humble/share/rmw_fastrtps_cpp/cmake)
[1.806s] -- Found OpenSSL: /usr/lib/x86_64-linux-gnu/libcrypto.so (found version "3.0.2")  
[2.178s] -- Found FastRTPS: /opt/ros/humble/include  
[2.803s] -- Using RMW implementation 'rmw_fastrtps_cpp' as default
[2.959s] -- Found rclcpp_action: 16.0.1 (/opt/ros/humble/share/rclcpp_action/cmake)
[2.987s] -- Found rclcpp_components: 16.0.1 (/opt/ros/humble/share/rclcpp_components/cmake)
[3.047s] -- Found ament_lint_auto: 0.12.4 (/opt/ros/humble/share/ament_lint_auto/cmake)
[3.139s] -- Added test 'cppcheck' to perform static code analysis on C / C++ code
[3.139s] -- Configured cppcheck include dirs: $<BUILD_INTERFACE:/home/mcolledanchise/behavior-stack-example/libs/ros2_bt_nodes/ws/src/bt_leaf_nodes_clients/include>
[3.140s] -- Configured cppcheck exclude dirs and/or files: 
[3.140s] -- Added test 'lint_cmake' to check CMake code style
[3.141s] -- Added test 'uncrustify' to check C / C++ code style
[3.141s] -- Configured uncrustify additional arguments: 
[3.141s] -- Added test 'xmllint' to check XML markup files
[3.143s] -- Configuring done
[3.145s] [31mCMake Error at CMakeLists.txt:27 (add_library):
[3.146s]   Cannot find source file:
[3.146s] 
[3.146s]     src/bt_leaf_nodes_client.cpp
[3.146s] 
[3.146s]   Tried extensions .c .C .c++ .cc .cpp .cxx .cu .mpp .m .M .mm .ixx .cppm .h
[3.146s]   .hh .h++ .hm .hpp .hxx .in .txx .f .F .for .f77 .f90 .f95 .f03 .hip .ispc
[3.146s] 
[3.146s] [0m
[3.147s] [31mCMake Error at CMakeLists.txt:27 (add_library):
[3.147s]   No SOURCES given to target: BT_node_client
[3.147s] 
[3.147s] [0m
[3.147s] [0mCMake Generate step failed.  Build files cannot be regenerated correctly.[0m
