[0.023s] Invoking command in '/home/mcolledanchise/behavior-stack-example/libs/ros2_bt_nodes/ws/src/build/bt_leaf_nodes_interfaces': CMAKE_PREFIX_PATH=/opt/ros/humble /usr/bin/cmake --build /home/mcolledanchise/behavior-stack-example/libs/ros2_bt_nodes/ws/src/build/bt_leaf_nodes_interfaces -- -j8 -l8
[0.121s] [35m[1mConsolidate compiler generated dependencies of target bt_leaf_nodes_interfaces__rosidl_generator_c[0m
[0.129s] [  3%] Built target bt_leaf_nodes_interfaces__cpp
[0.141s] [ 12%] Built target bt_leaf_nodes_interfaces__rosidl_generator_c
[0.141s] [35m[1mConsolidate compiler generated dependencies of target bt_leaf_nodes_interfaces__rosidl_typesupport_cpp[0m
[0.146s] [35m[1mConsolidate compiler generated dependencies of target bt_leaf_nodes_interfaces__rosidl_typesupport_fastrtps_cpp[0m
[0.147s] [35m[1mConsolidate compiler generated dependencies of target bt_leaf_nodes_interfaces__rosidl_typesupport_introspection_cpp[0m
[0.148s] [ 12%] Built target ament_cmake_python_copy_bt_leaf_nodes_interfaces
[0.154s] [35m[1mConsolidate compiler generated dependencies of target bt_leaf_nodes_interfaces__rosidl_typesupport_fastrtps_c[0m
[0.154s] [35m[1mConsolidate compiler generated dependencies of target bt_leaf_nodes_interfaces__rosidl_typesupport_c[0m
[0.155s] [35m[1mConsolidate compiler generated dependencies of target bt_leaf_nodes_interfaces__rosidl_typesupport_introspection_c[0m
[0.163s] [ 22%] Built target bt_leaf_nodes_interfaces__rosidl_typesupport_cpp
[0.165s] [ 32%] Built target bt_leaf_nodes_interfaces__rosidl_typesupport_introspection_cpp
[0.166s] [ 41%] Built target bt_leaf_nodes_interfaces__rosidl_typesupport_fastrtps_cpp
[0.168s] [ 51%] Built target bt_leaf_nodes_interfaces__rosidl_typesupport_c
[0.170s] [ 70%] Built target bt_leaf_nodes_interfaces__rosidl_typesupport_fastrtps_c
[0.170s] [ 70%] Built target bt_leaf_nodes_interfaces__rosidl_typesupport_introspection_c
[0.185s] [ 70%] Built target bt_leaf_nodes_interfaces
[0.201s] [ 74%] Built target bt_leaf_nodes_interfaces__py
[0.210s] [35m[1mConsolidate compiler generated dependencies of target bt_leaf_nodes_interfaces__rosidl_generator_py[0m
[0.224s] [ 80%] Built target bt_leaf_nodes_interfaces__rosidl_generator_py
[0.234s] [35m[1mConsolidate compiler generated dependencies of target bt_leaf_nodes_interfaces__rosidl_typesupport_introspection_c__pyext[0m
[0.235s] [35m[1mConsolidate compiler generated dependencies of target bt_leaf_nodes_interfaces__rosidl_typesupport_fastrtps_c__pyext[0m
[0.236s] [35m[1mConsolidate compiler generated dependencies of target bt_leaf_nodes_interfaces__rosidl_typesupport_c__pyext[0m
[0.245s] [ 87%] Built target bt_leaf_nodes_interfaces__rosidl_typesupport_introspection_c__pyext
[0.247s] [ 93%] Built target bt_leaf_nodes_interfaces__rosidl_typesupport_fastrtps_c__pyext
[0.248s] [100%] Built target bt_leaf_nodes_interfaces__rosidl_typesupport_c__pyext
[0.403s] running egg_info
[0.404s] writing bt_leaf_nodes_interfaces.egg-info/PKG-INFO
[0.404s] writing dependency_links to bt_leaf_nodes_interfaces.egg-info/dependency_links.txt
[0.405s] writing top-level names to bt_leaf_nodes_interfaces.egg-info/top_level.txt
[0.407s] reading manifest file 'bt_leaf_nodes_interfaces.egg-info/SOURCES.txt'
[0.408s] writing manifest file 'bt_leaf_nodes_interfaces.egg-info/SOURCES.txt'
[0.429s] [100%] Built target ament_cmake_python_build_bt_leaf_nodes_interfaces_egg
[0.437s] Invoked command in '/home/mcolledanchise/behavior-stack-example/libs/ros2_bt_nodes/ws/src/build/bt_leaf_nodes_interfaces' returned '0': CMAKE_PREFIX_PATH=/opt/ros/humble /usr/bin/cmake --build /home/mcolledanchise/behavior-stack-example/libs/ros2_bt_nodes/ws/src/build/bt_leaf_nodes_interfaces -- -j8 -l8
[0.484s] Invoking command in '/home/mcolledanchise/behavior-stack-example/libs/ros2_bt_nodes/ws/src/build/bt_leaf_nodes_interfaces': CMAKE_PREFIX_PATH=/opt/ros/humble /usr/bin/cmake --install /home/mcolledanchise/behavior-stack-example/libs/ros2_bt_nodes/ws/src/build/bt_leaf_nodes_interfaces
[0.490s] -- Install configuration: ""
[0.491s] -- Up-to-date: /home/mcolledanchise/behavior-stack-example/libs/ros2_bt_nodes/ws/src/install/bt_leaf_nodes_interfaces/share/ament_index/resource_index/rosidl_interfaces/bt_leaf_nodes_interfaces
[0.491s] -- Up-to-date: /home/mcolledanchise/behavior-stack-example/libs/ros2_bt_nodes/ws/src/install/bt_leaf_nodes_interfaces/include/bt_leaf_nodes_interfaces/bt_leaf_nodes_interfaces
[0.502s] -- Up-to-date: /home/mcolledanchise/behavior-stack-example/libs/ros2_bt_nodes/ws/src/install/bt_leaf_nodes_interfaces/include/bt_leaf_nodes_interfaces/bt_leaf_nodes_interfaces/msg
[0.502s] -- Up-to-date: /home/mcolledanchise/behavior-stack-example/libs/ros2_bt_nodes/ws/src/install/bt_leaf_nodes_interfaces/include/bt_leaf_nodes_interfaces/bt_leaf_nodes_interfaces/msg/rosidl_generator_c__visibility_control.h
[0.502s] -- Up-to-date: /home/mcolledanchise/behavior-stack-example/libs/ros2_bt_nodes/ws/src/install/bt_leaf_nodes_interfaces/include/bt_leaf_nodes_interfaces/bt_leaf_nodes_interfaces/action
[0.503s] -- Up-to-date: /home/mcolledanchise/behavior-stack-example/libs/ros2_bt_nodes/ws/src/install/bt_leaf_nodes_interfaces/include/bt_leaf_nodes_interfaces/bt_leaf_nodes_interfaces/action/detail
[0.504s] -- Up-to-date: /home/mcolledanchise/behavior-stack-example/libs/ros2_bt_nodes/ws/src/install/bt_leaf_nodes_interfaces/include/bt_leaf_nodes_interfaces/bt_leaf_nodes_interfaces/action/detail/bt__functions.h
[0.504s] -- Up-to-date: /home/mcolledanchise/behavior-stack-example/libs/ros2_bt_nodes/ws/src/install/bt_leaf_nodes_interfaces/include/bt_leaf_nodes_interfaces/bt_leaf_nodes_interfaces/action/detail/bt__struct.h
[0.504s] -- Up-to-date: /home/mcolledanchise/behavior-stack-example/libs/ros2_bt_nodes/ws/src/install/bt_leaf_nodes_interfaces/include/bt_leaf_nodes_interfaces/bt_leaf_nodes_interfaces/action/detail/bt__functions.c
[0.504s] -- Up-to-date: /home/mcolledanchise/behavior-stack-example/libs/ros2_bt_nodes/ws/src/install/bt_leaf_nodes_interfaces/include/bt_leaf_nodes_interfaces/bt_leaf_nodes_interfaces/action/detail/bt__type_support.h
[0.505s] -- Up-to-date: /home/mcolledanchise/behavior-stack-example/libs/ros2_bt_nodes/ws/src/install/bt_leaf_nodes_interfaces/include/bt_leaf_nodes_interfaces/bt_leaf_nodes_interfaces/action/bt.h
[0.505s] -- Up-to-date: /home/mcolledanchise/behavior-stack-example/libs/ros2_bt_nodes/ws/src/install/bt_leaf_nodes_interfaces/share/bt_leaf_nodes_interfaces/environment/library_path.sh
[0.505s] -- Up-to-date: /home/mcolledanchise/behavior-stack-example/libs/ros2_bt_nodes/ws/src/install/bt_leaf_nodes_interfaces/share/bt_leaf_nodes_interfaces/environment/library_path.dsv
[0.505s] -- Up-to-date: /home/mcolledanchise/behavior-stack-example/libs/ros2_bt_nodes/ws/src/install/bt_leaf_nodes_interfaces/lib/libbt_leaf_nodes_interfaces__rosidl_generator_c.so
[0.506s] -- Up-to-date: /home/mcolledanchise/behavior-stack-example/libs/ros2_bt_nodes/ws/src/install/bt_leaf_nodes_interfaces/include/bt_leaf_nodes_interfaces/bt_leaf_nodes_interfaces
[0.506s] -- Up-to-date: /home/mcolledanchise/behavior-stack-example/libs/ros2_bt_nodes/ws/src/install/bt_leaf_nodes_interfaces/include/bt_leaf_nodes_interfaces/bt_leaf_nodes_interfaces/msg
[0.507s] -- Up-to-date: /home/mcolledanchise/behavior-stack-example/libs/ros2_bt_nodes/ws/src/install/bt_leaf_nodes_interfaces/include/bt_leaf_nodes_interfaces/bt_leaf_nodes_interfaces/msg/rosidl_typesupport_fastrtps_c__visibility_control.h
[0.507s] -- Up-to-date: /home/mcolledanchise/behavior-stack-example/libs/ros2_bt_nodes/ws/src/install/bt_leaf_nodes_interfaces/include/bt_leaf_nodes_interfaces/bt_leaf_nodes_interfaces/action
[0.508s] -- Up-to-date: /home/mcolledanchise/behavior-stack-example/libs/ros2_bt_nodes/ws/src/install/bt_leaf_nodes_interfaces/include/bt_leaf_nodes_interfaces/bt_leaf_nodes_interfaces/action/detail
[0.508s] -- Up-to-date: /home/mcolledanchise/behavior-stack-example/libs/ros2_bt_nodes/ws/src/install/bt_leaf_nodes_interfaces/include/bt_leaf_nodes_interfaces/bt_leaf_nodes_interfaces/action/detail/bt__rosidl_typesupport_fastrtps_c.h
[0.509s] -- Up-to-date: /home/mcolledanchise/behavior-stack-example/libs/ros2_bt_nodes/ws/src/install/bt_leaf_nodes_interfaces/lib/libbt_leaf_nodes_interfaces__rosidl_typesupport_fastrtps_c.so
[0.509s] -- Up-to-date: /home/mcolledanchise/behavior-stack-example/libs/ros2_bt_nodes/ws/src/install/bt_leaf_nodes_interfaces/include/bt_leaf_nodes_interfaces/bt_leaf_nodes_interfaces
[0.509s] -- Up-to-date: /home/mcolledanchise/behavior-stack-example/libs/ros2_bt_nodes/ws/src/install/bt_leaf_nodes_interfaces/include/bt_leaf_nodes_interfaces/bt_leaf_nodes_interfaces/msg
[0.510s] -- Up-to-date: /home/mcolledanchise/behavior-stack-example/libs/ros2_bt_nodes/ws/src/install/bt_leaf_nodes_interfaces/include/bt_leaf_nodes_interfaces/bt_leaf_nodes_interfaces/msg/rosidl_typesupport_introspection_c__visibility_control.h
[0.510s] -- Up-to-date: /home/mcolledanchise/behavior-stack-example/libs/ros2_bt_nodes/ws/src/install/bt_leaf_nodes_interfaces/include/bt_leaf_nodes_interfaces/bt_leaf_nodes_interfaces/action
[0.510s] -- Up-to-date: /home/mcolledanchise/behavior-stack-example/libs/ros2_bt_nodes/ws/src/install/bt_leaf_nodes_interfaces/include/bt_leaf_nodes_interfaces/bt_leaf_nodes_interfaces/action/detail
[0.511s] -- Up-to-date: /home/mcolledanchise/behavior-stack-example/libs/ros2_bt_nodes/ws/src/install/bt_leaf_nodes_interfaces/include/bt_leaf_nodes_interfaces/bt_leaf_nodes_interfaces/action/detail/bt__rosidl_typesupport_introspection_c.h
[0.511s] -- Up-to-date: /home/mcolledanchise/behavior-stack-example/libs/ros2_bt_nodes/ws/src/install/bt_leaf_nodes_interfaces/include/bt_leaf_nodes_interfaces/bt_leaf_nodes_interfaces/action/detail/bt__type_support.c
[0.511s] -- Up-to-date: /home/mcolledanchise/behavior-stack-example/libs/ros2_bt_nodes/ws/src/install/bt_leaf_nodes_interfaces/lib/libbt_leaf_nodes_interfaces__rosidl_typesupport_introspection_c.so
[0.511s] -- Up-to-date: /home/mcolledanchise/behavior-stack-example/libs/ros2_bt_nodes/ws/src/install/bt_leaf_nodes_interfaces/lib/libbt_leaf_nodes_interfaces__rosidl_typesupport_c.so
[0.512s] -- Up-to-date: /home/mcolledanchise/behavior-stack-example/libs/ros2_bt_nodes/ws/src/install/bt_leaf_nodes_interfaces/include/bt_leaf_nodes_interfaces/bt_leaf_nodes_interfaces
[0.512s] -- Up-to-date: /home/mcolledanchise/behavior-stack-example/libs/ros2_bt_nodes/ws/src/install/bt_leaf_nodes_interfaces/include/bt_leaf_nodes_interfaces/bt_leaf_nodes_interfaces/action
[0.512s] -- Up-to-date: /home/mcolledanchise/behavior-stack-example/libs/ros2_bt_nodes/ws/src/install/bt_leaf_nodes_interfaces/include/bt_leaf_nodes_interfaces/bt_leaf_nodes_interfaces/action/bt.hpp
[0.512s] -- Up-to-date: /home/mcolledanchise/behavior-stack-example/libs/ros2_bt_nodes/ws/src/install/bt_leaf_nodes_interfaces/include/bt_leaf_nodes_interfaces/bt_leaf_nodes_interfaces/action/detail
[0.513s] -- Up-to-date: /home/mcolledanchise/behavior-stack-example/libs/ros2_bt_nodes/ws/src/install/bt_leaf_nodes_interfaces/include/bt_leaf_nodes_interfaces/bt_leaf_nodes_interfaces/action/detail/bt__traits.hpp
[0.513s] -- Up-to-date: /home/mcolledanchise/behavior-stack-example/libs/ros2_bt_nodes/ws/src/install/bt_leaf_nodes_interfaces/include/bt_leaf_nodes_interfaces/bt_leaf_nodes_interfaces/action/detail/bt__builder.hpp
[0.513s] -- Up-to-date: /home/mcolledanchise/behavior-stack-example/libs/ros2_bt_nodes/ws/src/install/bt_leaf_nodes_interfaces/include/bt_leaf_nodes_interfaces/bt_leaf_nodes_interfaces/action/detail/bt__struct.hpp
[0.513s] -- Up-to-date: /home/mcolledanchise/behavior-stack-example/libs/ros2_bt_nodes/ws/src/install/bt_leaf_nodes_interfaces/include/bt_leaf_nodes_interfaces/bt_leaf_nodes_interfaces
[0.513s] -- Up-to-date: /home/mcolledanchise/behavior-stack-example/libs/ros2_bt_nodes/ws/src/install/bt_leaf_nodes_interfaces/include/bt_leaf_nodes_interfaces/bt_leaf_nodes_interfaces/msg
[0.513s] -- Up-to-date: /home/mcolledanchise/behavior-stack-example/libs/ros2_bt_nodes/ws/src/install/bt_leaf_nodes_interfaces/include/bt_leaf_nodes_interfaces/bt_leaf_nodes_interfaces/msg/rosidl_typesupport_fastrtps_cpp__visibility_control.h
[0.513s] -- Up-to-date: /home/mcolledanchise/behavior-stack-example/libs/ros2_bt_nodes/ws/src/install/bt_leaf_nodes_interfaces/include/bt_leaf_nodes_interfaces/bt_leaf_nodes_interfaces/action
[0.514s] -- Up-to-date: /home/mcolledanchise/behavior-stack-example/libs/ros2_bt_nodes/ws/src/install/bt_leaf_nodes_interfaces/include/bt_leaf_nodes_interfaces/bt_leaf_nodes_interfaces/action/detail
[0.514s] -- Up-to-date: /home/mcolledanchise/behavior-stack-example/libs/ros2_bt_nodes/ws/src/install/bt_leaf_nodes_interfaces/include/bt_leaf_nodes_interfaces/bt_leaf_nodes_interfaces/action/detail/dds_fastrtps
[0.514s] -- Up-to-date: /home/mcolledanchise/behavior-stack-example/libs/ros2_bt_nodes/ws/src/install/bt_leaf_nodes_interfaces/include/bt_leaf_nodes_interfaces/bt_leaf_nodes_interfaces/action/detail/bt__rosidl_typesupport_fastrtps_cpp.hpp
[0.514s] -- Up-to-date: /home/mcolledanchise/behavior-stack-example/libs/ros2_bt_nodes/ws/src/install/bt_leaf_nodes_interfaces/lib/libbt_leaf_nodes_interfaces__rosidl_typesupport_fastrtps_cpp.so
[0.514s] -- Up-to-date: /home/mcolledanchise/behavior-stack-example/libs/ros2_bt_nodes/ws/src/install/bt_leaf_nodes_interfaces/include/bt_leaf_nodes_interfaces/bt_leaf_nodes_interfaces
[0.514s] -- Up-to-date: /home/mcolledanchise/behavior-stack-example/libs/ros2_bt_nodes/ws/src/install/bt_leaf_nodes_interfaces/include/bt_leaf_nodes_interfaces/bt_leaf_nodes_interfaces/action
[0.515s] -- Up-to-date: /home/mcolledanchise/behavior-stack-example/libs/ros2_bt_nodes/ws/src/install/bt_leaf_nodes_interfaces/include/bt_leaf_nodes_interfaces/bt_leaf_nodes_interfaces/action/detail
[0.515s] -- Up-to-date: /home/mcolledanchise/behavior-stack-example/libs/ros2_bt_nodes/ws/src/install/bt_leaf_nodes_interfaces/include/bt_leaf_nodes_interfaces/bt_leaf_nodes_interfaces/action/detail/bt__type_support.cpp
[0.515s] -- Up-to-date: /home/mcolledanchise/behavior-stack-example/libs/ros2_bt_nodes/ws/src/install/bt_leaf_nodes_interfaces/include/bt_leaf_nodes_interfaces/bt_leaf_nodes_interfaces/action/detail/bt__rosidl_typesupport_introspection_cpp.hpp
[0.515s] -- Up-to-date: /home/mcolledanchise/behavior-stack-example/libs/ros2_bt_nodes/ws/src/install/bt_leaf_nodes_interfaces/lib/libbt_leaf_nodes_interfaces__rosidl_typesupport_introspection_cpp.so
[0.516s] -- Up-to-date: /home/mcolledanchise/behavior-stack-example/libs/ros2_bt_nodes/ws/src/install/bt_leaf_nodes_interfaces/lib/libbt_leaf_nodes_interfaces__rosidl_typesupport_cpp.so
[0.516s] -- Up-to-date: /home/mcolledanchise/behavior-stack-example/libs/ros2_bt_nodes/ws/src/install/bt_leaf_nodes_interfaces/share/bt_leaf_nodes_interfaces/environment/pythonpath.sh
[0.516s] -- Up-to-date: /home/mcolledanchise/behavior-stack-example/libs/ros2_bt_nodes/ws/src/install/bt_leaf_nodes_interfaces/share/bt_leaf_nodes_interfaces/environment/pythonpath.dsv
[0.516s] -- Up-to-date: /home/mcolledanchise/behavior-stack-example/libs/ros2_bt_nodes/ws/src/install/bt_leaf_nodes_interfaces/local/lib/python3.10/dist-packages/bt_leaf_nodes_interfaces-0.0.0-py3.10.egg-info
[0.516s] -- Installing: /home/mcolledanchise/behavior-stack-example/libs/ros2_bt_nodes/ws/src/install/bt_leaf_nodes_interfaces/local/lib/python3.10/dist-packages/bt_leaf_nodes_interfaces-0.0.0-py3.10.egg-info/top_level.txt
[0.516s] -- Installing: /home/mcolledanchise/behavior-stack-example/libs/ros2_bt_nodes/ws/src/install/bt_leaf_nodes_interfaces/local/lib/python3.10/dist-packages/bt_leaf_nodes_interfaces-0.0.0-py3.10.egg-info/dependency_links.txt
[0.517s] -- Installing: /home/mcolledanchise/behavior-stack-example/libs/ros2_bt_nodes/ws/src/install/bt_leaf_nodes_interfaces/local/lib/python3.10/dist-packages/bt_leaf_nodes_interfaces-0.0.0-py3.10.egg-info/SOURCES.txt
[0.517s] -- Installing: /home/mcolledanchise/behavior-stack-example/libs/ros2_bt_nodes/ws/src/install/bt_leaf_nodes_interfaces/local/lib/python3.10/dist-packages/bt_leaf_nodes_interfaces-0.0.0-py3.10.egg-info/PKG-INFO
[0.517s] -- Up-to-date: /home/mcolledanchise/behavior-stack-example/libs/ros2_bt_nodes/ws/src/install/bt_leaf_nodes_interfaces/local/lib/python3.10/dist-packages/bt_leaf_nodes_interfaces
[0.517s] -- Up-to-date: /home/mcolledanchise/behavior-stack-example/libs/ros2_bt_nodes/ws/src/install/bt_leaf_nodes_interfaces/local/lib/python3.10/dist-packages/bt_leaf_nodes_interfaces/libbt_leaf_nodes_interfaces__rosidl_generator_py.so
[0.517s] -- Up-to-date: /home/mcolledanchise/behavior-stack-example/libs/ros2_bt_nodes/ws/src/install/bt_leaf_nodes_interfaces/local/lib/python3.10/dist-packages/bt_leaf_nodes_interfaces/bt_leaf_nodes_interfaces_s__rosidl_typesupport_fastrtps_c.cpython-310-x86_64-linux-gnu.so
[0.517s] -- Up-to-date: /home/mcolledanchise/behavior-stack-example/libs/ros2_bt_nodes/ws/src/install/bt_leaf_nodes_interfaces/local/lib/python3.10/dist-packages/bt_leaf_nodes_interfaces/_bt_leaf_nodes_interfaces_s.ep.rosidl_typesupport_fastrtps_c.c
[0.518s] -- Up-to-date: /home/mcolledanchise/behavior-stack-example/libs/ros2_bt_nodes/ws/src/install/bt_leaf_nodes_interfaces/local/lib/python3.10/dist-packages/bt_leaf_nodes_interfaces/_bt_leaf_nodes_interfaces_s.ep.rosidl_typesupport_c.c
[0.518s] -- Up-to-date: /home/mcolledanchise/behavior-stack-example/libs/ros2_bt_nodes/ws/src/install/bt_leaf_nodes_interfaces/local/lib/python3.10/dist-packages/bt_leaf_nodes_interfaces/bt_leaf_nodes_interfaces_s__rosidl_typesupport_introspection_c.cpython-310-x86_64-linux-gnu.so
[0.518s] -- Up-to-date: /home/mcolledanchise/behavior-stack-example/libs/ros2_bt_nodes/ws/src/install/bt_leaf_nodes_interfaces/local/lib/python3.10/dist-packages/bt_leaf_nodes_interfaces/_bt_leaf_nodes_interfaces_s.ep.rosidl_typesupport_introspection_c.c
[0.518s] -- Up-to-date: /home/mcolledanchise/behavior-stack-example/libs/ros2_bt_nodes/ws/src/install/bt_leaf_nodes_interfaces/local/lib/python3.10/dist-packages/bt_leaf_nodes_interfaces/bt_leaf_nodes_interfaces_s__rosidl_typesupport_c.cpython-310-x86_64-linux-gnu.so
[0.518s] -- Up-to-date: /home/mcolledanchise/behavior-stack-example/libs/ros2_bt_nodes/ws/src/install/bt_leaf_nodes_interfaces/local/lib/python3.10/dist-packages/bt_leaf_nodes_interfaces/__init__.py
[0.518s] -- Up-to-date: /home/mcolledanchise/behavior-stack-example/libs/ros2_bt_nodes/ws/src/install/bt_leaf_nodes_interfaces/local/lib/python3.10/dist-packages/bt_leaf_nodes_interfaces/action
[0.518s] -- Up-to-date: /home/mcolledanchise/behavior-stack-example/libs/ros2_bt_nodes/ws/src/install/bt_leaf_nodes_interfaces/local/lib/python3.10/dist-packages/bt_leaf_nodes_interfaces/action/_bt.py
[0.518s] -- Up-to-date: /home/mcolledanchise/behavior-stack-example/libs/ros2_bt_nodes/ws/src/install/bt_leaf_nodes_interfaces/local/lib/python3.10/dist-packages/bt_leaf_nodes_interfaces/action/_bt_s.c
[0.518s] -- Up-to-date: /home/mcolledanchise/behavior-stack-example/libs/ros2_bt_nodes/ws/src/install/bt_leaf_nodes_interfaces/local/lib/python3.10/dist-packages/bt_leaf_nodes_interfaces/action/__init__.py
[0.543s] Listing '/home/mcolledanchise/behavior-stack-example/libs/ros2_bt_nodes/ws/src/install/bt_leaf_nodes_interfaces/local/lib/python3.10/dist-packages/bt_leaf_nodes_interfaces'...
[0.543s] Listing '/home/mcolledanchise/behavior-stack-example/libs/ros2_bt_nodes/ws/src/install/bt_leaf_nodes_interfaces/local/lib/python3.10/dist-packages/bt_leaf_nodes_interfaces/action'...
[0.548s] -- Up-to-date: /home/mcolledanchise/behavior-stack-example/libs/ros2_bt_nodes/ws/src/install/bt_leaf_nodes_interfaces/local/lib/python3.10/dist-packages/bt_leaf_nodes_interfaces/bt_leaf_nodes_interfaces_s__rosidl_typesupport_fastrtps_c.cpython-310-x86_64-linux-gnu.so
[0.548s] -- Up-to-date: /home/mcolledanchise/behavior-stack-example/libs/ros2_bt_nodes/ws/src/install/bt_leaf_nodes_interfaces/local/lib/python3.10/dist-packages/bt_leaf_nodes_interfaces/bt_leaf_nodes_interfaces_s__rosidl_typesupport_introspection_c.cpython-310-x86_64-linux-gnu.so
[0.549s] -- Up-to-date: /home/mcolledanchise/behavior-stack-example/libs/ros2_bt_nodes/ws/src/install/bt_leaf_nodes_interfaces/local/lib/python3.10/dist-packages/bt_leaf_nodes_interfaces/bt_leaf_nodes_interfaces_s__rosidl_typesupport_c.cpython-310-x86_64-linux-gnu.so
[0.549s] -- Up-to-date: /home/mcolledanchise/behavior-stack-example/libs/ros2_bt_nodes/ws/src/install/bt_leaf_nodes_interfaces/lib/libbt_leaf_nodes_interfaces__rosidl_generator_py.so
[0.549s] -- Up-to-date: /home/mcolledanchise/behavior-stack-example/libs/ros2_bt_nodes/ws/src/install/bt_leaf_nodes_interfaces/share/bt_leaf_nodes_interfaces/action/BT.idl
[0.549s] -- Up-to-date: /home/mcolledanchise/behavior-stack-example/libs/ros2_bt_nodes/ws/src/install/bt_leaf_nodes_interfaces/share/bt_leaf_nodes_interfaces/action/BT.action
[0.550s] -- Up-to-date: /home/mcolledanchise/behavior-stack-example/libs/ros2_bt_nodes/ws/src/install/bt_leaf_nodes_interfaces/share/ament_index/resource_index/package_run_dependencies/bt_leaf_nodes_interfaces
[0.550s] -- Up-to-date: /home/mcolledanchise/behavior-stack-example/libs/ros2_bt_nodes/ws/src/install/bt_leaf_nodes_interfaces/share/ament_index/resource_index/parent_prefix_path/bt_leaf_nodes_interfaces
[0.550s] -- Up-to-date: /home/mcolledanchise/behavior-stack-example/libs/ros2_bt_nodes/ws/src/install/bt_leaf_nodes_interfaces/share/bt_leaf_nodes_interfaces/environment/ament_prefix_path.sh
[0.550s] -- Up-to-date: /home/mcolledanchise/behavior-stack-example/libs/ros2_bt_nodes/ws/src/install/bt_leaf_nodes_interfaces/share/bt_leaf_nodes_interfaces/environment/ament_prefix_path.dsv
[0.550s] -- Up-to-date: /home/mcolledanchise/behavior-stack-example/libs/ros2_bt_nodes/ws/src/install/bt_leaf_nodes_interfaces/share/bt_leaf_nodes_interfaces/environment/path.sh
[0.550s] -- Up-to-date: /home/mcolledanchise/behavior-stack-example/libs/ros2_bt_nodes/ws/src/install/bt_leaf_nodes_interfaces/share/bt_leaf_nodes_interfaces/environment/path.dsv
[0.550s] -- Up-to-date: /home/mcolledanchise/behavior-stack-example/libs/ros2_bt_nodes/ws/src/install/bt_leaf_nodes_interfaces/share/bt_leaf_nodes_interfaces/local_setup.bash
[0.550s] -- Up-to-date: /home/mcolledanchise/behavior-stack-example/libs/ros2_bt_nodes/ws/src/install/bt_leaf_nodes_interfaces/share/bt_leaf_nodes_interfaces/local_setup.sh
[0.550s] -- Up-to-date: /home/mcolledanchise/behavior-stack-example/libs/ros2_bt_nodes/ws/src/install/bt_leaf_nodes_interfaces/share/bt_leaf_nodes_interfaces/local_setup.zsh
[0.550s] -- Up-to-date: /home/mcolledanchise/behavior-stack-example/libs/ros2_bt_nodes/ws/src/install/bt_leaf_nodes_interfaces/share/bt_leaf_nodes_interfaces/local_setup.dsv
[0.550s] -- Installing: /home/mcolledanchise/behavior-stack-example/libs/ros2_bt_nodes/ws/src/install/bt_leaf_nodes_interfaces/share/bt_leaf_nodes_interfaces/package.dsv
[0.551s] -- Up-to-date: /home/mcolledanchise/behavior-stack-example/libs/ros2_bt_nodes/ws/src/install/bt_leaf_nodes_interfaces/share/ament_index/resource_index/packages/bt_leaf_nodes_interfaces
[0.551s] -- Up-to-date: /home/mcolledanchise/behavior-stack-example/libs/ros2_bt_nodes/ws/src/install/bt_leaf_nodes_interfaces/share/bt_leaf_nodes_interfaces/cmake/export_bt_leaf_nodes_interfaces__rosidl_generator_cExport.cmake
[0.551s] -- Up-to-date: /home/mcolledanchise/behavior-stack-example/libs/ros2_bt_nodes/ws/src/install/bt_leaf_nodes_interfaces/share/bt_leaf_nodes_interfaces/cmake/export_bt_leaf_nodes_interfaces__rosidl_generator_cExport-noconfig.cmake
[0.551s] -- Up-to-date: /home/mcolledanchise/behavior-stack-example/libs/ros2_bt_nodes/ws/src/install/bt_leaf_nodes_interfaces/share/bt_leaf_nodes_interfaces/cmake/export_bt_leaf_nodes_interfaces__rosidl_typesupport_fastrtps_cExport.cmake
[0.551s] -- Up-to-date: /home/mcolledanchise/behavior-stack-example/libs/ros2_bt_nodes/ws/src/install/bt_leaf_nodes_interfaces/share/bt_leaf_nodes_interfaces/cmake/export_bt_leaf_nodes_interfaces__rosidl_typesupport_fastrtps_cExport-noconfig.cmake
[0.552s] -- Up-to-date: /home/mcolledanchise/behavior-stack-example/libs/ros2_bt_nodes/ws/src/install/bt_leaf_nodes_interfaces/share/bt_leaf_nodes_interfaces/cmake/bt_leaf_nodes_interfaces__rosidl_typesupport_introspection_cExport.cmake
[0.552s] -- Up-to-date: /home/mcolledanchise/behavior-stack-example/libs/ros2_bt_nodes/ws/src/install/bt_leaf_nodes_interfaces/share/bt_leaf_nodes_interfaces/cmake/bt_leaf_nodes_interfaces__rosidl_typesupport_introspection_cExport-noconfig.cmake
[0.552s] -- Up-to-date: /home/mcolledanchise/behavior-stack-example/libs/ros2_bt_nodes/ws/src/install/bt_leaf_nodes_interfaces/share/bt_leaf_nodes_interfaces/cmake/bt_leaf_nodes_interfaces__rosidl_typesupport_cExport.cmake
[0.552s] -- Up-to-date: /home/mcolledanchise/behavior-stack-example/libs/ros2_bt_nodes/ws/src/install/bt_leaf_nodes_interfaces/share/bt_leaf_nodes_interfaces/cmake/bt_leaf_nodes_interfaces__rosidl_typesupport_cExport-noconfig.cmake
[0.552s] -- Up-to-date: /home/mcolledanchise/behavior-stack-example/libs/ros2_bt_nodes/ws/src/install/bt_leaf_nodes_interfaces/share/bt_leaf_nodes_interfaces/cmake/export_bt_leaf_nodes_interfaces__rosidl_generator_cppExport.cmake
[0.552s] -- Up-to-date: /home/mcolledanchise/behavior-stack-example/libs/ros2_bt_nodes/ws/src/install/bt_leaf_nodes_interfaces/share/bt_leaf_nodes_interfaces/cmake/export_bt_leaf_nodes_interfaces__rosidl_typesupport_fastrtps_cppExport.cmake
[0.553s] -- Up-to-date: /home/mcolledanchise/behavior-stack-example/libs/ros2_bt_nodes/ws/src/install/bt_leaf_nodes_interfaces/share/bt_leaf_nodes_interfaces/cmake/export_bt_leaf_nodes_interfaces__rosidl_typesupport_fastrtps_cppExport-noconfig.cmake
[0.553s] -- Up-to-date: /home/mcolledanchise/behavior-stack-example/libs/ros2_bt_nodes/ws/src/install/bt_leaf_nodes_interfaces/share/bt_leaf_nodes_interfaces/cmake/bt_leaf_nodes_interfaces__rosidl_typesupport_introspection_cppExport.cmake
[0.553s] -- Up-to-date: /home/mcolledanchise/behavior-stack-example/libs/ros2_bt_nodes/ws/src/install/bt_leaf_nodes_interfaces/share/bt_leaf_nodes_interfaces/cmake/bt_leaf_nodes_interfaces__rosidl_typesupport_introspection_cppExport-noconfig.cmake
[0.553s] -- Up-to-date: /home/mcolledanchise/behavior-stack-example/libs/ros2_bt_nodes/ws/src/install/bt_leaf_nodes_interfaces/share/bt_leaf_nodes_interfaces/cmake/bt_leaf_nodes_interfaces__rosidl_typesupport_cppExport.cmake
[0.553s] -- Up-to-date: /home/mcolledanchise/behavior-stack-example/libs/ros2_bt_nodes/ws/src/install/bt_leaf_nodes_interfaces/share/bt_leaf_nodes_interfaces/cmake/bt_leaf_nodes_interfaces__rosidl_typesupport_cppExport-noconfig.cmake
[0.553s] -- Up-to-date: /home/mcolledanchise/behavior-stack-example/libs/ros2_bt_nodes/ws/src/install/bt_leaf_nodes_interfaces/share/bt_leaf_nodes_interfaces/cmake/export_bt_leaf_nodes_interfaces__rosidl_generator_pyExport.cmake
[0.553s] -- Up-to-date: /home/mcolledanchise/behavior-stack-example/libs/ros2_bt_nodes/ws/src/install/bt_leaf_nodes_interfaces/share/bt_leaf_nodes_interfaces/cmake/export_bt_leaf_nodes_interfaces__rosidl_generator_pyExport-noconfig.cmake
[0.554s] -- Up-to-date: /home/mcolledanchise/behavior-stack-example/libs/ros2_bt_nodes/ws/src/install/bt_leaf_nodes_interfaces/share/bt_leaf_nodes_interfaces/cmake/rosidl_cmake-extras.cmake
[0.554s] -- Up-to-date: /home/mcolledanchise/behavior-stack-example/libs/ros2_bt_nodes/ws/src/install/bt_leaf_nodes_interfaces/share/bt_leaf_nodes_interfaces/cmake/ament_cmake_export_dependencies-extras.cmake
[0.554s] -- Up-to-date: /home/mcolledanchise/behavior-stack-example/libs/ros2_bt_nodes/ws/src/install/bt_leaf_nodes_interfaces/share/bt_leaf_nodes_interfaces/cmake/ament_cmake_export_include_directories-extras.cmake
[0.554s] -- Up-to-date: /home/mcolledanchise/behavior-stack-example/libs/ros2_bt_nodes/ws/src/install/bt_leaf_nodes_interfaces/share/bt_leaf_nodes_interfaces/cmake/ament_cmake_export_libraries-extras.cmake
[0.554s] -- Up-to-date: /home/mcolledanchise/behavior-stack-example/libs/ros2_bt_nodes/ws/src/install/bt_leaf_nodes_interfaces/share/bt_leaf_nodes_interfaces/cmake/ament_cmake_export_targets-extras.cmake
[0.554s] -- Up-to-date: /home/mcolledanchise/behavior-stack-example/libs/ros2_bt_nodes/ws/src/install/bt_leaf_nodes_interfaces/share/bt_leaf_nodes_interfaces/cmake/rosidl_cmake_export_typesupport_targets-extras.cmake
[0.554s] -- Up-to-date: /home/mcolledanchise/behavior-stack-example/libs/ros2_bt_nodes/ws/src/install/bt_leaf_nodes_interfaces/share/bt_leaf_nodes_interfaces/cmake/rosidl_cmake_export_typesupport_libraries-extras.cmake
[0.554s] -- Up-to-date: /home/mcolledanchise/behavior-stack-example/libs/ros2_bt_nodes/ws/src/install/bt_leaf_nodes_interfaces/share/bt_leaf_nodes_interfaces/cmake/bt_leaf_nodes_interfacesConfig.cmake
[0.554s] -- Up-to-date: /home/mcolledanchise/behavior-stack-example/libs/ros2_bt_nodes/ws/src/install/bt_leaf_nodes_interfaces/share/bt_leaf_nodes_interfaces/cmake/bt_leaf_nodes_interfacesConfig-version.cmake
[0.554s] -- Up-to-date: /home/mcolledanchise/behavior-stack-example/libs/ros2_bt_nodes/ws/src/install/bt_leaf_nodes_interfaces/share/bt_leaf_nodes_interfaces/package.xml
[0.556s] Invoked command in '/home/mcolledanchise/behavior-stack-example/libs/ros2_bt_nodes/ws/src/build/bt_leaf_nodes_interfaces' returned '0': CMAKE_PREFIX_PATH=/opt/ros/humble /usr/bin/cmake --install /home/mcolledanchise/behavior-stack-example/libs/ros2_bt_nodes/ws/src/build/bt_leaf_nodes_interfaces
