[0.051s] Invoking command in '/home/mcolledanchise/behavior-stack-example/libs/ros2_bt_nodes/ws/src/build/bt_leaf_nodes_clients': AMENT_PREFIX_PATH=/home/mcolledanchise/behavior-stack-example/libs/ros2_bt_nodes/ws/src/install/bt_leaf_nodes_interfaces:${AMENT_PREFIX_PATH} CMAKE_PREFIX_PATH=/home/mcolledanchise/behavior-stack-example/libs/ros2_bt_nodes/ws/src/install/bt_leaf_nodes_interfaces:/opt/ros/humble LD_LIBRARY_PATH=/home/mcolledanchise/behavior-stack-example/libs/ros2_bt_nodes/ws/src/install/bt_leaf_nodes_interfaces/lib:${LD_LIBRARY_PATH} PYTHONPATH=/home/mcolledanchise/behavior-stack-example/libs/ros2_bt_nodes/ws/src/install/bt_leaf_nodes_interfaces/local/lib/python3.10/dist-packages:${PYTHONPATH} /usr/bin/cmake --build /home/mcolledanchise/behavior-stack-example/libs/ros2_bt_nodes/ws/src/build/bt_leaf_nodes_clients --clean-first -- -j8 -l8
[0.119s] [ 25%] [32mBuilding CXX object CMakeFiles/bt_node_client.dir/rclcpp_components/node_main_bt_node_client.cpp.o[0m
[0.123s] [ 50%] [32mBuilding CXX object CMakeFiles/BT_node_client.dir/src/bt_leaf_node_client.cpp.o[0m
[3.122s] [01m[K/home/mcolledanchise/behavior-stack-example/libs/ros2_bt_nodes/ws/src/bt_leaf_nodes_clients/src/bt_leaf_node_client.cpp:[m[K In member function ‘[01m[Kvoid BT_leaf_nodes_clients::BTNodeClient::feedback_callback(rclcpp_action::ClientGoalHandle<bt_leaf_nodes_interfaces::action::BT>::SharedPtr, std::shared_ptr<const bt_leaf_nodes_interfaces::action::BT_Feedback_<std::allocator<void> > >)[m[K’:
[3.122s] [01m[K/home/mcolledanchise/behavior-stack-example/libs/ros2_bt_nodes/ws/src/bt_leaf_nodes_clients/src/bt_leaf_node_client.cpp:74:47:[m[K [01;35m[Kwarning: [m[Kunused parameter ‘[01m[Kfeedback[m[K’ [[01;35m[K]8;;https://gcc.gnu.org/onlinedocs/gcc/Warning-Options.html#index-Wunused-parameter-Wunused-parameter]8;;[m[K]
[3.122s]    74 |     [01;35m[Kconst std::shared_ptr<const BT::Feedback> feedback[m[K)
[3.122s]       |     [01;35m[K~~~~~~~~~~~~~~~~~~~~~~~~~~~~~~~~~~~~~~~~~~^~~~~~~~[m[K
[3.913s] [ 75%] [32m[1mLinking CXX executable bt_node_client[0m
[4.110s] [ 75%] Built target bt_node_client
[4.961s] [100%] [32m[1mLinking CXX shared library libBT_node_client.so[0m
[5.175s] [100%] Built target BT_node_client
[5.187s] Invoked command in '/home/mcolledanchise/behavior-stack-example/libs/ros2_bt_nodes/ws/src/build/bt_leaf_nodes_clients' returned '0': AMENT_PREFIX_PATH=/home/mcolledanchise/behavior-stack-example/libs/ros2_bt_nodes/ws/src/install/bt_leaf_nodes_interfaces:${AMENT_PREFIX_PATH} CMAKE_PREFIX_PATH=/home/mcolledanchise/behavior-stack-example/libs/ros2_bt_nodes/ws/src/install/bt_leaf_nodes_interfaces:/opt/ros/humble LD_LIBRARY_PATH=/home/mcolledanchise/behavior-stack-example/libs/ros2_bt_nodes/ws/src/install/bt_leaf_nodes_interfaces/lib:${LD_LIBRARY_PATH} PYTHONPATH=/home/mcolledanchise/behavior-stack-example/libs/ros2_bt_nodes/ws/src/install/bt_leaf_nodes_interfaces/local/lib/python3.10/dist-packages:${PYTHONPATH} /usr/bin/cmake --build /home/mcolledanchise/behavior-stack-example/libs/ros2_bt_nodes/ws/src/build/bt_leaf_nodes_clients --clean-first -- -j8 -l8
[5.209s] Invoking command in '/home/mcolledanchise/behavior-stack-example/libs/ros2_bt_nodes/ws/src/build/bt_leaf_nodes_clients': AMENT_PREFIX_PATH=/home/mcolledanchise/behavior-stack-example/libs/ros2_bt_nodes/ws/src/install/bt_leaf_nodes_interfaces:${AMENT_PREFIX_PATH} CMAKE_PREFIX_PATH=/home/mcolledanchise/behavior-stack-example/libs/ros2_bt_nodes/ws/src/install/bt_leaf_nodes_interfaces:/opt/ros/humble LD_LIBRARY_PATH=/home/mcolledanchise/behavior-stack-example/libs/ros2_bt_nodes/ws/src/install/bt_leaf_nodes_interfaces/lib:${LD_LIBRARY_PATH} PYTHONPATH=/home/mcolledanchise/behavior-stack-example/libs/ros2_bt_nodes/ws/src/install/bt_leaf_nodes_interfaces/local/lib/python3.10/dist-packages:${PYTHONPATH} /usr/bin/cmake --install /home/mcolledanchise/behavior-stack-example/libs/ros2_bt_nodes/ws/src/build/bt_leaf_nodes_clients
[5.213s] -- Install configuration: ""
[5.214s] -- Installing: /home/mcolledanchise/behavior-stack-example/libs/ros2_bt_nodes/ws/src/install/bt_leaf_nodes_clients/lib/bt_leaf_nodes_clients/bt_node_client
[5.214s] -- Set runtime path of "/home/mcolledanchise/behavior-stack-example/libs/ros2_bt_nodes/ws/src/install/bt_leaf_nodes_clients/lib/bt_leaf_nodes_clients/bt_node_client" to ""
[5.214s] -- Installing: /home/mcolledanchise/behavior-stack-example/libs/ros2_bt_nodes/ws/src/install/bt_leaf_nodes_clients/lib/libBT_node_client.so
[5.215s] -- Set runtime path of "/home/mcolledanchise/behavior-stack-example/libs/ros2_bt_nodes/ws/src/install/bt_leaf_nodes_clients/lib/libBT_node_client.so" to ""
[5.215s] -- Installing: /home/mcolledanchise/behavior-stack-example/libs/ros2_bt_nodes/ws/src/install/bt_leaf_nodes_clients/share/ament_index/resource_index/package_run_dependencies/bt_leaf_nodes_clients
[5.215s] -- Installing: /home/mcolledanchise/behavior-stack-example/libs/ros2_bt_nodes/ws/src/install/bt_leaf_nodes_clients/share/ament_index/resource_index/parent_prefix_path/bt_leaf_nodes_clients
[5.216s] -- Installing: /home/mcolledanchise/behavior-stack-example/libs/ros2_bt_nodes/ws/src/install/bt_leaf_nodes_clients/share/bt_leaf_nodes_clients/environment/ament_prefix_path.sh
[5.216s] -- Installing: /home/mcolledanchise/behavior-stack-example/libs/ros2_bt_nodes/ws/src/install/bt_leaf_nodes_clients/share/bt_leaf_nodes_clients/environment/ament_prefix_path.dsv
[5.216s] -- Installing: /home/mcolledanchise/behavior-stack-example/libs/ros2_bt_nodes/ws/src/install/bt_leaf_nodes_clients/share/bt_leaf_nodes_clients/environment/path.sh
[5.216s] -- Installing: /home/mcolledanchise/behavior-stack-example/libs/ros2_bt_nodes/ws/src/install/bt_leaf_nodes_clients/share/bt_leaf_nodes_clients/environment/path.dsv
[5.216s] -- Installing: /home/mcolledanchise/behavior-stack-example/libs/ros2_bt_nodes/ws/src/install/bt_leaf_nodes_clients/share/bt_leaf_nodes_clients/local_setup.bash
[5.217s] -- Installing: /home/mcolledanchise/behavior-stack-example/libs/ros2_bt_nodes/ws/src/install/bt_leaf_nodes_clients/share/bt_leaf_nodes_clients/local_setup.sh
[5.217s] -- Installing: /home/mcolledanchise/behavior-stack-example/libs/ros2_bt_nodes/ws/src/install/bt_leaf_nodes_clients/share/bt_leaf_nodes_clients/local_setup.zsh
[5.217s] -- Installing: /home/mcolledanchise/behavior-stack-example/libs/ros2_bt_nodes/ws/src/install/bt_leaf_nodes_clients/share/bt_leaf_nodes_clients/local_setup.dsv
[5.217s] -- Installing: /home/mcolledanchise/behavior-stack-example/libs/ros2_bt_nodes/ws/src/install/bt_leaf_nodes_clients/share/bt_leaf_nodes_clients/package.dsv
[5.217s] -- Installing: /home/mcolledanchise/behavior-stack-example/libs/ros2_bt_nodes/ws/src/install/bt_leaf_nodes_clients/share/ament_index/resource_index/packages/bt_leaf_nodes_clients
[5.217s] -- Installing: /home/mcolledanchise/behavior-stack-example/libs/ros2_bt_nodes/ws/src/install/bt_leaf_nodes_clients/share/ament_index/resource_index/rclcpp_components/bt_leaf_nodes_clients
[5.217s] -- Installing: /home/mcolledanchise/behavior-stack-example/libs/ros2_bt_nodes/ws/src/install/bt_leaf_nodes_clients/share/bt_leaf_nodes_clients/cmake/bt_leaf_nodes_clientsConfig.cmake
[5.217s] -- Installing: /home/mcolledanchise/behavior-stack-example/libs/ros2_bt_nodes/ws/src/install/bt_leaf_nodes_clients/share/bt_leaf_nodes_clients/cmake/bt_leaf_nodes_clientsConfig-version.cmake
[5.217s] -- Installing: /home/mcolledanchise/behavior-stack-example/libs/ros2_bt_nodes/ws/src/install/bt_leaf_nodes_clients/share/bt_leaf_nodes_clients/package.xml
[5.221s] Invoked command in '/home/mcolledanchise/behavior-stack-example/libs/ros2_bt_nodes/ws/src/build/bt_leaf_nodes_clients' returned '0': AMENT_PREFIX_PATH=/home/mcolledanchise/behavior-stack-example/libs/ros2_bt_nodes/ws/src/install/bt_leaf_nodes_interfaces:${AMENT_PREFIX_PATH} CMAKE_PREFIX_PATH=/home/mcolledanchise/behavior-stack-example/libs/ros2_bt_nodes/ws/src/install/bt_leaf_nodes_interfaces:/opt/ros/humble LD_LIBRARY_PATH=/home/mcolledanchise/behavior-stack-example/libs/ros2_bt_nodes/ws/src/install/bt_leaf_nodes_interfaces/lib:${LD_LIBRARY_PATH} PYTHONPATH=/home/mcolledanchise/behavior-stack-example/libs/ros2_bt_nodes/ws/src/install/bt_leaf_nodes_interfaces/local/lib/python3.10/dist-packages:${PYTHONPATH} /usr/bin/cmake --install /home/mcolledanchise/behavior-stack-example/libs/ros2_bt_nodes/ws/src/build/bt_leaf_nodes_clients
