[0.013s] Invoking command in '/home/mcolledanchise/behavior-stack-example/libs/ros2_bt_nodes/ws/src/build/bt_leaf_nodes_interfaces': CMAKE_PREFIX_PATH=/opt/ros/humble /usr/bin/cmake --build /home/mcolledanchise/behavior-stack-example/libs/ros2_bt_nodes/ws/src/build/bt_leaf_nodes_interfaces --clean-first -- -j8 -l8
[0.182s] [  3%] [34m[1mGenerating C code for ROS interfaces[0m
[0.190s] [  6%] [34m[1mGenerating C++ code for ROS interfaces[0m
[0.195s] [  6%] Built target ament_cmake_python_copy_bt_leaf_nodes_interfaces
[0.413s] running egg_info
[0.414s] writing bt_leaf_nodes_interfaces.egg-info/PKG-INFO
[0.414s] writing dependency_links to bt_leaf_nodes_interfaces.egg-info/dependency_links.txt
[0.414s] writing top-level names to bt_leaf_nodes_interfaces.egg-info/top_level.txt
[0.416s] reading manifest file 'bt_leaf_nodes_interfaces.egg-info/SOURCES.txt'
[0.416s] writing manifest file 'bt_leaf_nodes_interfaces.egg-info/SOURCES.txt'
[0.441s] [  6%] Built target ament_cmake_python_build_bt_leaf_nodes_interfaces_egg
[0.651s] [  6%] Built target bt_leaf_nodes_interfaces__cpp
[0.662s] [  9%] [34m[1mGenerating C++ type support for eProsima Fast-RTPS[0m
[0.662s] [ 12%] [34m[1mGenerating C++ type support dispatch for ROS interfaces[0m
[0.663s] [ 16%] [34m[1mGenerating C++ introspection for ROS interfaces[0m
[0.675s] [ 19%] [32mBuilding C object CMakeFiles/bt_leaf_nodes_interfaces__rosidl_generator_c.dir/rosidl_generator_c/bt_leaf_nodes_interfaces/action/detail/bt__functions.c.o[0m
[0.806s] [ 22%] [32m[1mLinking C shared library libbt_leaf_nodes_interfaces__rosidl_generator_c.so[0m
[0.896s] [ 22%] Built target bt_leaf_nodes_interfaces__rosidl_generator_c
[0.904s] [ 25%] [34m[1mGenerating C type support for eProsima Fast-RTPS[0m
[0.904s] [ 29%] [34m[1mGenerating C introspection for ROS interfaces[0m
[0.905s] [ 32%] [34m[1mGenerating C type support dispatch for ROS interfaces[0m
[1.016s] [ 35%] [32mBuilding CXX object CMakeFiles/bt_leaf_nodes_interfaces__rosidl_typesupport_cpp.dir/rosidl_typesupport_cpp/bt_leaf_nodes_interfaces/action/bt__type_support.cpp.o[0m
[1.070s] [ 38%] [32mBuilding CXX object CMakeFiles/bt_leaf_nodes_interfaces__rosidl_typesupport_introspection_cpp.dir/rosidl_typesupport_introspection_cpp/bt_leaf_nodes_interfaces/action/detail/bt__type_support.cpp.o[0m
[1.182s] [ 41%] [32mBuilding CXX object CMakeFiles/bt_leaf_nodes_interfaces__rosidl_typesupport_fastrtps_cpp.dir/rosidl_typesupport_fastrtps_cpp/bt_leaf_nodes_interfaces/action/detail/dds_fastrtps/bt__type_support.cpp.o[0m
[1.250s] [ 45%] [32mBuilding CXX object CMakeFiles/bt_leaf_nodes_interfaces__rosidl_typesupport_c.dir/rosidl_typesupport_c/bt_leaf_nodes_interfaces/action/bt__type_support.cpp.o[0m
[1.297s] [ 48%] [32m[1mLinking CXX shared library libbt_leaf_nodes_interfaces__rosidl_typesupport_c.so[0m
[1.402s] [ 51%] [32mBuilding C object CMakeFiles/bt_leaf_nodes_interfaces__rosidl_typesupport_introspection_c.dir/rosidl_typesupport_introspection_c/bt_leaf_nodes_interfaces/action/detail/bt__type_support.c.o[0m
[1.416s] [ 51%] Built target bt_leaf_nodes_interfaces__rosidl_typesupport_c
[1.451s] [ 58%] [32mBuilding CXX object CMakeFiles/bt_leaf_nodes_interfaces__rosidl_typesupport_fastrtps_c.dir/rosidl_typesupport_fastrtps_c/bt_leaf_nodes_interfaces/action/detail/bt__type_support_c.cpp.o[0m
[1.451s] [ 58%] [32m[1mLinking C shared library libbt_leaf_nodes_interfaces__rosidl_typesupport_introspection_c.so[0m
[1.550s] [ 58%] Built target bt_leaf_nodes_interfaces__rosidl_typesupport_introspection_c
[1.560s] [ 61%] [32m[1mLinking CXX shared library libbt_leaf_nodes_interfaces__rosidl_typesupport_cpp.so[0m
[1.655s] [ 61%] Built target bt_leaf_nodes_interfaces__rosidl_typesupport_cpp
[1.746s] [ 64%] [32m[1mLinking CXX shared library libbt_leaf_nodes_interfaces__rosidl_typesupport_introspection_cpp.so[0m
[1.790s] [ 67%] [32m[1mLinking CXX shared library libbt_leaf_nodes_interfaces__rosidl_typesupport_fastrtps_cpp.so[0m
[1.799s] [ 70%] [32m[1mLinking CXX shared library libbt_leaf_nodes_interfaces__rosidl_typesupport_fastrtps_c.so[0m
[1.879s] [ 70%] Built target bt_leaf_nodes_interfaces__rosidl_typesupport_introspection_cpp
[1.932s] [ 70%] Built target bt_leaf_nodes_interfaces__rosidl_typesupport_fastrtps_cpp
[1.938s] [ 70%] Built target bt_leaf_nodes_interfaces__rosidl_typesupport_fastrtps_c
[1.956s] [ 70%] Built target bt_leaf_nodes_interfaces
[1.975s] [ 74%] [34m[1mGenerating Python code for ROS interfaces[0m
[2.684s] [ 74%] Built target bt_leaf_nodes_interfaces__py
[2.701s] [ 77%] [32mBuilding C object CMakeFiles/bt_leaf_nodes_interfaces__rosidl_generator_py.dir/rosidl_generator_py/bt_leaf_nodes_interfaces/action/_bt_s.c.o[0m
[2.812s] [ 80%] [32m[1mLinking C shared library rosidl_generator_py/bt_leaf_nodes_interfaces/libbt_leaf_nodes_interfaces__rosidl_generator_py.so[0m
[2.897s] [ 80%] Built target bt_leaf_nodes_interfaces__rosidl_generator_py
[2.912s] [ 90%] [32mBuilding C object CMakeFiles/bt_leaf_nodes_interfaces__rosidl_typesupport_c__pyext.dir/rosidl_generator_py/bt_leaf_nodes_interfaces/_bt_leaf_nodes_interfaces_s.ep.rosidl_typesupport_c.c.o[0m
[2.912s] [ 90%] [32mBuilding C object CMakeFiles/bt_leaf_nodes_interfaces__rosidl_typesupport_introspection_c__pyext.dir/rosidl_generator_py/bt_leaf_nodes_interfaces/_bt_leaf_nodes_interfaces_s.ep.rosidl_typesupport_introspection_c.c.o[0m
[2.912s] [ 90%] [32mBuilding C object CMakeFiles/bt_leaf_nodes_interfaces__rosidl_typesupport_fastrtps_c__pyext.dir/rosidl_generator_py/bt_leaf_nodes_interfaces/_bt_leaf_nodes_interfaces_s.ep.rosidl_typesupport_fastrtps_c.c.o[0m
[3.020s] [ 93%] [32m[1mLinking C shared library rosidl_generator_py/bt_leaf_nodes_interfaces/bt_leaf_nodes_interfaces_s__rosidl_typesupport_c.cpython-310-x86_64-linux-gnu.so[0m
[3.020s] [ 96%] [32m[1mLinking C shared library rosidl_generator_py/bt_leaf_nodes_interfaces/bt_leaf_nodes_interfaces_s__rosidl_typesupport_fastrtps_c.cpython-310-x86_64-linux-gnu.so[0m
[3.034s] [100%] [32m[1mLinking C shared library rosidl_generator_py/bt_leaf_nodes_interfaces/bt_leaf_nodes_interfaces_s__rosidl_typesupport_introspection_c.cpython-310-x86_64-linux-gnu.so[0m
[3.086s] [100%] Built target bt_leaf_nodes_interfaces__rosidl_typesupport_fastrtps_c__pyext
[3.089s] [100%] Built target bt_leaf_nodes_interfaces__rosidl_typesupport_c__pyext
[3.114s] [100%] Built target bt_leaf_nodes_interfaces__rosidl_typesupport_introspection_c__pyext
[3.123s] Invoked command in '/home/mcolledanchise/behavior-stack-example/libs/ros2_bt_nodes/ws/src/build/bt_leaf_nodes_interfaces' returned '0': CMAKE_PREFIX_PATH=/opt/ros/humble /usr/bin/cmake --build /home/mcolledanchise/behavior-stack-example/libs/ros2_bt_nodes/ws/src/build/bt_leaf_nodes_interfaces --clean-first -- -j8 -l8
[3.164s] Invoking command in '/home/mcolledanchise/behavior-stack-example/libs/ros2_bt_nodes/ws/src/build/bt_leaf_nodes_interfaces': CMAKE_PREFIX_PATH=/opt/ros/humble /usr/bin/cmake --install /home/mcolledanchise/behavior-stack-example/libs/ros2_bt_nodes/ws/src/build/bt_leaf_nodes_interfaces
[3.170s] -- Install configuration: ""
[3.170s] -- Up-to-date: /home/mcolledanchise/behavior-stack-example/libs/ros2_bt_nodes/ws/src/install/bt_leaf_nodes_interfaces/share/ament_index/resource_index/rosidl_interfaces/bt_leaf_nodes_interfaces
[3.170s] -- Up-to-date: /home/mcolledanchise/behavior-stack-example/libs/ros2_bt_nodes/ws/src/install/bt_leaf_nodes_interfaces/include/bt_leaf_nodes_interfaces/bt_leaf_nodes_interfaces
[3.171s] -- Up-to-date: /home/mcolledanchise/behavior-stack-example/libs/ros2_bt_nodes/ws/src/install/bt_leaf_nodes_interfaces/include/bt_leaf_nodes_interfaces/bt_leaf_nodes_interfaces/msg
[3.171s] -- Up-to-date: /home/mcolledanchise/behavior-stack-example/libs/ros2_bt_nodes/ws/src/install/bt_leaf_nodes_interfaces/include/bt_leaf_nodes_interfaces/bt_leaf_nodes_interfaces/msg/rosidl_generator_c__visibility_control.h
[3.171s] -- Up-to-date: /home/mcolledanchise/behavior-stack-example/libs/ros2_bt_nodes/ws/src/install/bt_leaf_nodes_interfaces/include/bt_leaf_nodes_interfaces/bt_leaf_nodes_interfaces/action
[3.171s] -- Up-to-date: /home/mcolledanchise/behavior-stack-example/libs/ros2_bt_nodes/ws/src/install/bt_leaf_nodes_interfaces/include/bt_leaf_nodes_interfaces/bt_leaf_nodes_interfaces/action/detail
[3.171s] -- Installing: /home/mcolledanchise/behavior-stack-example/libs/ros2_bt_nodes/ws/src/install/bt_leaf_nodes_interfaces/include/bt_leaf_nodes_interfaces/bt_leaf_nodes_interfaces/action/detail/bt__functions.h
[3.172s] -- Installing: /home/mcolledanchise/behavior-stack-example/libs/ros2_bt_nodes/ws/src/install/bt_leaf_nodes_interfaces/include/bt_leaf_nodes_interfaces/bt_leaf_nodes_interfaces/action/detail/bt__struct.h
[3.172s] -- Installing: /home/mcolledanchise/behavior-stack-example/libs/ros2_bt_nodes/ws/src/install/bt_leaf_nodes_interfaces/include/bt_leaf_nodes_interfaces/bt_leaf_nodes_interfaces/action/detail/bt__functions.c
[3.172s] -- Installing: /home/mcolledanchise/behavior-stack-example/libs/ros2_bt_nodes/ws/src/install/bt_leaf_nodes_interfaces/include/bt_leaf_nodes_interfaces/bt_leaf_nodes_interfaces/action/detail/bt__type_support.h
[3.172s] -- Installing: /home/mcolledanchise/behavior-stack-example/libs/ros2_bt_nodes/ws/src/install/bt_leaf_nodes_interfaces/include/bt_leaf_nodes_interfaces/bt_leaf_nodes_interfaces/action/bt.h
[3.172s] -- Up-to-date: /home/mcolledanchise/behavior-stack-example/libs/ros2_bt_nodes/ws/src/install/bt_leaf_nodes_interfaces/share/bt_leaf_nodes_interfaces/environment/library_path.sh
[3.172s] -- Up-to-date: /home/mcolledanchise/behavior-stack-example/libs/ros2_bt_nodes/ws/src/install/bt_leaf_nodes_interfaces/share/bt_leaf_nodes_interfaces/environment/library_path.dsv
[3.172s] -- Installing: /home/mcolledanchise/behavior-stack-example/libs/ros2_bt_nodes/ws/src/install/bt_leaf_nodes_interfaces/lib/libbt_leaf_nodes_interfaces__rosidl_generator_c.so
[3.173s] -- Set runtime path of "/home/mcolledanchise/behavior-stack-example/libs/ros2_bt_nodes/ws/src/install/bt_leaf_nodes_interfaces/lib/libbt_leaf_nodes_interfaces__rosidl_generator_c.so" to ""
[3.173s] -- Up-to-date: /home/mcolledanchise/behavior-stack-example/libs/ros2_bt_nodes/ws/src/install/bt_leaf_nodes_interfaces/include/bt_leaf_nodes_interfaces/bt_leaf_nodes_interfaces
[3.173s] -- Up-to-date: /home/mcolledanchise/behavior-stack-example/libs/ros2_bt_nodes/ws/src/install/bt_leaf_nodes_interfaces/include/bt_leaf_nodes_interfaces/bt_leaf_nodes_interfaces/msg
[3.173s] -- Up-to-date: /home/mcolledanchise/behavior-stack-example/libs/ros2_bt_nodes/ws/src/install/bt_leaf_nodes_interfaces/include/bt_leaf_nodes_interfaces/bt_leaf_nodes_interfaces/msg/rosidl_typesupport_fastrtps_c__visibility_control.h
[3.173s] -- Up-to-date: /home/mcolledanchise/behavior-stack-example/libs/ros2_bt_nodes/ws/src/install/bt_leaf_nodes_interfaces/include/bt_leaf_nodes_interfaces/bt_leaf_nodes_interfaces/action
[3.174s] -- Up-to-date: /home/mcolledanchise/behavior-stack-example/libs/ros2_bt_nodes/ws/src/install/bt_leaf_nodes_interfaces/include/bt_leaf_nodes_interfaces/bt_leaf_nodes_interfaces/action/detail
[3.174s] -- Installing: /home/mcolledanchise/behavior-stack-example/libs/ros2_bt_nodes/ws/src/install/bt_leaf_nodes_interfaces/include/bt_leaf_nodes_interfaces/bt_leaf_nodes_interfaces/action/detail/bt__rosidl_typesupport_fastrtps_c.h
[3.174s] -- Installing: /home/mcolledanchise/behavior-stack-example/libs/ros2_bt_nodes/ws/src/install/bt_leaf_nodes_interfaces/lib/libbt_leaf_nodes_interfaces__rosidl_typesupport_fastrtps_c.so
[3.174s] -- Set runtime path of "/home/mcolledanchise/behavior-stack-example/libs/ros2_bt_nodes/ws/src/install/bt_leaf_nodes_interfaces/lib/libbt_leaf_nodes_interfaces__rosidl_typesupport_fastrtps_c.so" to ""
[3.174s] -- Up-to-date: /home/mcolledanchise/behavior-stack-example/libs/ros2_bt_nodes/ws/src/install/bt_leaf_nodes_interfaces/include/bt_leaf_nodes_interfaces/bt_leaf_nodes_interfaces
[3.174s] -- Up-to-date: /home/mcolledanchise/behavior-stack-example/libs/ros2_bt_nodes/ws/src/install/bt_leaf_nodes_interfaces/include/bt_leaf_nodes_interfaces/bt_leaf_nodes_interfaces/msg
[3.174s] -- Up-to-date: /home/mcolledanchise/behavior-stack-example/libs/ros2_bt_nodes/ws/src/install/bt_leaf_nodes_interfaces/include/bt_leaf_nodes_interfaces/bt_leaf_nodes_interfaces/msg/rosidl_typesupport_introspection_c__visibility_control.h
[3.175s] -- Up-to-date: /home/mcolledanchise/behavior-stack-example/libs/ros2_bt_nodes/ws/src/install/bt_leaf_nodes_interfaces/include/bt_leaf_nodes_interfaces/bt_leaf_nodes_interfaces/action
[3.175s] -- Up-to-date: /home/mcolledanchise/behavior-stack-example/libs/ros2_bt_nodes/ws/src/install/bt_leaf_nodes_interfaces/include/bt_leaf_nodes_interfaces/bt_leaf_nodes_interfaces/action/detail
[3.175s] -- Installing: /home/mcolledanchise/behavior-stack-example/libs/ros2_bt_nodes/ws/src/install/bt_leaf_nodes_interfaces/include/bt_leaf_nodes_interfaces/bt_leaf_nodes_interfaces/action/detail/bt__rosidl_typesupport_introspection_c.h
[3.175s] -- Installing: /home/mcolledanchise/behavior-stack-example/libs/ros2_bt_nodes/ws/src/install/bt_leaf_nodes_interfaces/include/bt_leaf_nodes_interfaces/bt_leaf_nodes_interfaces/action/detail/bt__type_support.c
[3.175s] -- Installing: /home/mcolledanchise/behavior-stack-example/libs/ros2_bt_nodes/ws/src/install/bt_leaf_nodes_interfaces/lib/libbt_leaf_nodes_interfaces__rosidl_typesupport_introspection_c.so
[3.176s] -- Set runtime path of "/home/mcolledanchise/behavior-stack-example/libs/ros2_bt_nodes/ws/src/install/bt_leaf_nodes_interfaces/lib/libbt_leaf_nodes_interfaces__rosidl_typesupport_introspection_c.so" to ""
[3.176s] -- Installing: /home/mcolledanchise/behavior-stack-example/libs/ros2_bt_nodes/ws/src/install/bt_leaf_nodes_interfaces/lib/libbt_leaf_nodes_interfaces__rosidl_typesupport_c.so
[3.176s] -- Set runtime path of "/home/mcolledanchise/behavior-stack-example/libs/ros2_bt_nodes/ws/src/install/bt_leaf_nodes_interfaces/lib/libbt_leaf_nodes_interfaces__rosidl_typesupport_c.so" to ""
[3.176s] -- Up-to-date: /home/mcolledanchise/behavior-stack-example/libs/ros2_bt_nodes/ws/src/install/bt_leaf_nodes_interfaces/include/bt_leaf_nodes_interfaces/bt_leaf_nodes_interfaces
[3.176s] -- Up-to-date: /home/mcolledanchise/behavior-stack-example/libs/ros2_bt_nodes/ws/src/install/bt_leaf_nodes_interfaces/include/bt_leaf_nodes_interfaces/bt_leaf_nodes_interfaces/action
[3.177s] -- Installing: /home/mcolledanchise/behavior-stack-example/libs/ros2_bt_nodes/ws/src/install/bt_leaf_nodes_interfaces/include/bt_leaf_nodes_interfaces/bt_leaf_nodes_interfaces/action/bt.hpp
[3.177s] -- Up-to-date: /home/mcolledanchise/behavior-stack-example/libs/ros2_bt_nodes/ws/src/install/bt_leaf_nodes_interfaces/include/bt_leaf_nodes_interfaces/bt_leaf_nodes_interfaces/action/detail
[3.177s] -- Installing: /home/mcolledanchise/behavior-stack-example/libs/ros2_bt_nodes/ws/src/install/bt_leaf_nodes_interfaces/include/bt_leaf_nodes_interfaces/bt_leaf_nodes_interfaces/action/detail/bt__traits.hpp
[3.177s] -- Installing: /home/mcolledanchise/behavior-stack-example/libs/ros2_bt_nodes/ws/src/install/bt_leaf_nodes_interfaces/include/bt_leaf_nodes_interfaces/bt_leaf_nodes_interfaces/action/detail/bt__builder.hpp
[3.177s] -- Installing: /home/mcolledanchise/behavior-stack-example/libs/ros2_bt_nodes/ws/src/install/bt_leaf_nodes_interfaces/include/bt_leaf_nodes_interfaces/bt_leaf_nodes_interfaces/action/detail/bt__struct.hpp
[3.178s] -- Up-to-date: /home/mcolledanchise/behavior-stack-example/libs/ros2_bt_nodes/ws/src/install/bt_leaf_nodes_interfaces/include/bt_leaf_nodes_interfaces/bt_leaf_nodes_interfaces
[3.178s] -- Up-to-date: /home/mcolledanchise/behavior-stack-example/libs/ros2_bt_nodes/ws/src/install/bt_leaf_nodes_interfaces/include/bt_leaf_nodes_interfaces/bt_leaf_nodes_interfaces/msg
[3.178s] -- Up-to-date: /home/mcolledanchise/behavior-stack-example/libs/ros2_bt_nodes/ws/src/install/bt_leaf_nodes_interfaces/include/bt_leaf_nodes_interfaces/bt_leaf_nodes_interfaces/msg/rosidl_typesupport_fastrtps_cpp__visibility_control.h
[3.178s] -- Up-to-date: /home/mcolledanchise/behavior-stack-example/libs/ros2_bt_nodes/ws/src/install/bt_leaf_nodes_interfaces/include/bt_leaf_nodes_interfaces/bt_leaf_nodes_interfaces/action
[3.178s] -- Up-to-date: /home/mcolledanchise/behavior-stack-example/libs/ros2_bt_nodes/ws/src/install/bt_leaf_nodes_interfaces/include/bt_leaf_nodes_interfaces/bt_leaf_nodes_interfaces/action/detail
[3.178s] -- Up-to-date: /home/mcolledanchise/behavior-stack-example/libs/ros2_bt_nodes/ws/src/install/bt_leaf_nodes_interfaces/include/bt_leaf_nodes_interfaces/bt_leaf_nodes_interfaces/action/detail/dds_fastrtps
[3.178s] -- Installing: /home/mcolledanchise/behavior-stack-example/libs/ros2_bt_nodes/ws/src/install/bt_leaf_nodes_interfaces/include/bt_leaf_nodes_interfaces/bt_leaf_nodes_interfaces/action/detail/bt__rosidl_typesupport_fastrtps_cpp.hpp
[3.178s] -- Installing: /home/mcolledanchise/behavior-stack-example/libs/ros2_bt_nodes/ws/src/install/bt_leaf_nodes_interfaces/lib/libbt_leaf_nodes_interfaces__rosidl_typesupport_fastrtps_cpp.so
[3.178s] -- Set runtime path of "/home/mcolledanchise/behavior-stack-example/libs/ros2_bt_nodes/ws/src/install/bt_leaf_nodes_interfaces/lib/libbt_leaf_nodes_interfaces__rosidl_typesupport_fastrtps_cpp.so" to ""
[3.178s] -- Up-to-date: /home/mcolledanchise/behavior-stack-example/libs/ros2_bt_nodes/ws/src/install/bt_leaf_nodes_interfaces/include/bt_leaf_nodes_interfaces/bt_leaf_nodes_interfaces
[3.179s] -- Up-to-date: /home/mcolledanchise/behavior-stack-example/libs/ros2_bt_nodes/ws/src/install/bt_leaf_nodes_interfaces/include/bt_leaf_nodes_interfaces/bt_leaf_nodes_interfaces/action
[3.179s] -- Up-to-date: /home/mcolledanchise/behavior-stack-example/libs/ros2_bt_nodes/ws/src/install/bt_leaf_nodes_interfaces/include/bt_leaf_nodes_interfaces/bt_leaf_nodes_interfaces/action/detail
[3.179s] -- Installing: /home/mcolledanchise/behavior-stack-example/libs/ros2_bt_nodes/ws/src/install/bt_leaf_nodes_interfaces/include/bt_leaf_nodes_interfaces/bt_leaf_nodes_interfaces/action/detail/bt__type_support.cpp
[3.179s] -- Installing: /home/mcolledanchise/behavior-stack-example/libs/ros2_bt_nodes/ws/src/install/bt_leaf_nodes_interfaces/include/bt_leaf_nodes_interfaces/bt_leaf_nodes_interfaces/action/detail/bt__rosidl_typesupport_introspection_cpp.hpp
[3.179s] -- Installing: /home/mcolledanchise/behavior-stack-example/libs/ros2_bt_nodes/ws/src/install/bt_leaf_nodes_interfaces/lib/libbt_leaf_nodes_interfaces__rosidl_typesupport_introspection_cpp.so
[3.179s] -- Set runtime path of "/home/mcolledanchise/behavior-stack-example/libs/ros2_bt_nodes/ws/src/install/bt_leaf_nodes_interfaces/lib/libbt_leaf_nodes_interfaces__rosidl_typesupport_introspection_cpp.so" to ""
[3.179s] -- Installing: /home/mcolledanchise/behavior-stack-example/libs/ros2_bt_nodes/ws/src/install/bt_leaf_nodes_interfaces/lib/libbt_leaf_nodes_interfaces__rosidl_typesupport_cpp.so
[3.179s] -- Set runtime path of "/home/mcolledanchise/behavior-stack-example/libs/ros2_bt_nodes/ws/src/install/bt_leaf_nodes_interfaces/lib/libbt_leaf_nodes_interfaces__rosidl_typesupport_cpp.so" to ""
[3.179s] -- Up-to-date: /home/mcolledanchise/behavior-stack-example/libs/ros2_bt_nodes/ws/src/install/bt_leaf_nodes_interfaces/share/bt_leaf_nodes_interfaces/environment/pythonpath.sh
[3.179s] -- Up-to-date: /home/mcolledanchise/behavior-stack-example/libs/ros2_bt_nodes/ws/src/install/bt_leaf_nodes_interfaces/share/bt_leaf_nodes_interfaces/environment/pythonpath.dsv
[3.179s] -- Up-to-date: /home/mcolledanchise/behavior-stack-example/libs/ros2_bt_nodes/ws/src/install/bt_leaf_nodes_interfaces/local/lib/python3.10/dist-packages/bt_leaf_nodes_interfaces-0.0.0-py3.10.egg-info
[3.179s] -- Installing: /home/mcolledanchise/behavior-stack-example/libs/ros2_bt_nodes/ws/src/install/bt_leaf_nodes_interfaces/local/lib/python3.10/dist-packages/bt_leaf_nodes_interfaces-0.0.0-py3.10.egg-info/top_level.txt
[3.179s] -- Installing: /home/mcolledanchise/behavior-stack-example/libs/ros2_bt_nodes/ws/src/install/bt_leaf_nodes_interfaces/local/lib/python3.10/dist-packages/bt_leaf_nodes_interfaces-0.0.0-py3.10.egg-info/dependency_links.txt
[3.179s] -- Installing: /home/mcolledanchise/behavior-stack-example/libs/ros2_bt_nodes/ws/src/install/bt_leaf_nodes_interfaces/local/lib/python3.10/dist-packages/bt_leaf_nodes_interfaces-0.0.0-py3.10.egg-info/SOURCES.txt
[3.179s] -- Installing: /home/mcolledanchise/behavior-stack-example/libs/ros2_bt_nodes/ws/src/install/bt_leaf_nodes_interfaces/local/lib/python3.10/dist-packages/bt_leaf_nodes_interfaces-0.0.0-py3.10.egg-info/PKG-INFO
[3.179s] -- Up-to-date: /home/mcolledanchise/behavior-stack-example/libs/ros2_bt_nodes/ws/src/install/bt_leaf_nodes_interfaces/local/lib/python3.10/dist-packages/bt_leaf_nodes_interfaces
[3.180s] -- Installing: /home/mcolledanchise/behavior-stack-example/libs/ros2_bt_nodes/ws/src/install/bt_leaf_nodes_interfaces/local/lib/python3.10/dist-packages/bt_leaf_nodes_interfaces/libbt_leaf_nodes_interfaces__rosidl_generator_py.so
[3.180s] -- Installing: /home/mcolledanchise/behavior-stack-example/libs/ros2_bt_nodes/ws/src/install/bt_leaf_nodes_interfaces/local/lib/python3.10/dist-packages/bt_leaf_nodes_interfaces/bt_leaf_nodes_interfaces_s__rosidl_typesupport_fastrtps_c.cpython-310-x86_64-linux-gnu.so
[3.180s] -- Installing: /home/mcolledanchise/behavior-stack-example/libs/ros2_bt_nodes/ws/src/install/bt_leaf_nodes_interfaces/local/lib/python3.10/dist-packages/bt_leaf_nodes_interfaces/_bt_leaf_nodes_interfaces_s.ep.rosidl_typesupport_fastrtps_c.c
[3.180s] -- Installing: /home/mcolledanchise/behavior-stack-example/libs/ros2_bt_nodes/ws/src/install/bt_leaf_nodes_interfaces/local/lib/python3.10/dist-packages/bt_leaf_nodes_interfaces/_bt_leaf_nodes_interfaces_s.ep.rosidl_typesupport_c.c
[3.180s] -- Installing: /home/mcolledanchise/behavior-stack-example/libs/ros2_bt_nodes/ws/src/install/bt_leaf_nodes_interfaces/local/lib/python3.10/dist-packages/bt_leaf_nodes_interfaces/bt_leaf_nodes_interfaces_s__rosidl_typesupport_introspection_c.cpython-310-x86_64-linux-gnu.so
[3.180s] -- Installing: /home/mcolledanchise/behavior-stack-example/libs/ros2_bt_nodes/ws/src/install/bt_leaf_nodes_interfaces/local/lib/python3.10/dist-packages/bt_leaf_nodes_interfaces/_bt_leaf_nodes_interfaces_s.ep.rosidl_typesupport_introspection_c.c
[3.180s] -- Installing: /home/mcolledanchise/behavior-stack-example/libs/ros2_bt_nodes/ws/src/install/bt_leaf_nodes_interfaces/local/lib/python3.10/dist-packages/bt_leaf_nodes_interfaces/bt_leaf_nodes_interfaces_s__rosidl_typesupport_c.cpython-310-x86_64-linux-gnu.so
[3.180s] -- Up-to-date: /home/mcolledanchise/behavior-stack-example/libs/ros2_bt_nodes/ws/src/install/bt_leaf_nodes_interfaces/local/lib/python3.10/dist-packages/bt_leaf_nodes_interfaces/__init__.py
[3.180s] -- Up-to-date: /home/mcolledanchise/behavior-stack-example/libs/ros2_bt_nodes/ws/src/install/bt_leaf_nodes_interfaces/local/lib/python3.10/dist-packages/bt_leaf_nodes_interfaces/action
[3.180s] -- Installing: /home/mcolledanchise/behavior-stack-example/libs/ros2_bt_nodes/ws/src/install/bt_leaf_nodes_interfaces/local/lib/python3.10/dist-packages/bt_leaf_nodes_interfaces/action/_bt.py
[3.180s] -- Installing: /home/mcolledanchise/behavior-stack-example/libs/ros2_bt_nodes/ws/src/install/bt_leaf_nodes_interfaces/local/lib/python3.10/dist-packages/bt_leaf_nodes_interfaces/action/_bt_s.c
[3.181s] -- Installing: /home/mcolledanchise/behavior-stack-example/libs/ros2_bt_nodes/ws/src/install/bt_leaf_nodes_interfaces/local/lib/python3.10/dist-packages/bt_leaf_nodes_interfaces/action/__init__.py
[3.210s] Listing '/home/mcolledanchise/behavior-stack-example/libs/ros2_bt_nodes/ws/src/install/bt_leaf_nodes_interfaces/local/lib/python3.10/dist-packages/bt_leaf_nodes_interfaces'...
[3.210s] Listing '/home/mcolledanchise/behavior-stack-example/libs/ros2_bt_nodes/ws/src/install/bt_leaf_nodes_interfaces/local/lib/python3.10/dist-packages/bt_leaf_nodes_interfaces/action'...
[3.210s] Compiling '/home/mcolledanchise/behavior-stack-example/libs/ros2_bt_nodes/ws/src/install/bt_leaf_nodes_interfaces/local/lib/python3.10/dist-packages/bt_leaf_nodes_interfaces/action/__init__.py'...
[3.210s] Compiling '/home/mcolledanchise/behavior-stack-example/libs/ros2_bt_nodes/ws/src/install/bt_leaf_nodes_interfaces/local/lib/python3.10/dist-packages/bt_leaf_nodes_interfaces/action/_bt.py'...
[3.214s] -- Installing: /home/mcolledanchise/behavior-stack-example/libs/ros2_bt_nodes/ws/src/install/bt_leaf_nodes_interfaces/local/lib/python3.10/dist-packages/bt_leaf_nodes_interfaces/bt_leaf_nodes_interfaces_s__rosidl_typesupport_fastrtps_c.cpython-310-x86_64-linux-gnu.so
[3.214s] -- Set runtime path of "/home/mcolledanchise/behavior-stack-example/libs/ros2_bt_nodes/ws/src/install/bt_leaf_nodes_interfaces/local/lib/python3.10/dist-packages/bt_leaf_nodes_interfaces/bt_leaf_nodes_interfaces_s__rosidl_typesupport_fastrtps_c.cpython-310-x86_64-linux-gnu.so" to ""
[3.215s] -- Installing: /home/mcolledanchise/behavior-stack-example/libs/ros2_bt_nodes/ws/src/install/bt_leaf_nodes_interfaces/local/lib/python3.10/dist-packages/bt_leaf_nodes_interfaces/bt_leaf_nodes_interfaces_s__rosidl_typesupport_introspection_c.cpython-310-x86_64-linux-gnu.so
[3.215s] -- Set runtime path of "/home/mcolledanchise/behavior-stack-example/libs/ros2_bt_nodes/ws/src/install/bt_leaf_nodes_interfaces/local/lib/python3.10/dist-packages/bt_leaf_nodes_interfaces/bt_leaf_nodes_interfaces_s__rosidl_typesupport_introspection_c.cpython-310-x86_64-linux-gnu.so" to ""
[3.215s] -- Installing: /home/mcolledanchise/behavior-stack-example/libs/ros2_bt_nodes/ws/src/install/bt_leaf_nodes_interfaces/local/lib/python3.10/dist-packages/bt_leaf_nodes_interfaces/bt_leaf_nodes_interfaces_s__rosidl_typesupport_c.cpython-310-x86_64-linux-gnu.so
[3.215s] -- Set runtime path of "/home/mcolledanchise/behavior-stack-example/libs/ros2_bt_nodes/ws/src/install/bt_leaf_nodes_interfaces/local/lib/python3.10/dist-packages/bt_leaf_nodes_interfaces/bt_leaf_nodes_interfaces_s__rosidl_typesupport_c.cpython-310-x86_64-linux-gnu.so" to ""
[3.215s] -- Installing: /home/mcolledanchise/behavior-stack-example/libs/ros2_bt_nodes/ws/src/install/bt_leaf_nodes_interfaces/lib/libbt_leaf_nodes_interfaces__rosidl_generator_py.so
[3.215s] -- Set runtime path of "/home/mcolledanchise/behavior-stack-example/libs/ros2_bt_nodes/ws/src/install/bt_leaf_nodes_interfaces/lib/libbt_leaf_nodes_interfaces__rosidl_generator_py.so" to ""
[3.216s] -- Up-to-date: /home/mcolledanchise/behavior-stack-example/libs/ros2_bt_nodes/ws/src/install/bt_leaf_nodes_interfaces/share/bt_leaf_nodes_interfaces/action/BT.idl
[3.216s] -- Up-to-date: /home/mcolledanchise/behavior-stack-example/libs/ros2_bt_nodes/ws/src/install/bt_leaf_nodes_interfaces/share/bt_leaf_nodes_interfaces/action/BT.action
[3.216s] -- Up-to-date: /home/mcolledanchise/behavior-stack-example/libs/ros2_bt_nodes/ws/src/install/bt_leaf_nodes_interfaces/share/ament_index/resource_index/package_run_dependencies/bt_leaf_nodes_interfaces
[3.217s] -- Up-to-date: /home/mcolledanchise/behavior-stack-example/libs/ros2_bt_nodes/ws/src/install/bt_leaf_nodes_interfaces/share/ament_index/resource_index/parent_prefix_path/bt_leaf_nodes_interfaces
[3.217s] -- Up-to-date: /home/mcolledanchise/behavior-stack-example/libs/ros2_bt_nodes/ws/src/install/bt_leaf_nodes_interfaces/share/bt_leaf_nodes_interfaces/environment/ament_prefix_path.sh
[3.217s] -- Up-to-date: /home/mcolledanchise/behavior-stack-example/libs/ros2_bt_nodes/ws/src/install/bt_leaf_nodes_interfaces/share/bt_leaf_nodes_interfaces/environment/ament_prefix_path.dsv
[3.217s] -- Up-to-date: /home/mcolledanchise/behavior-stack-example/libs/ros2_bt_nodes/ws/src/install/bt_leaf_nodes_interfaces/share/bt_leaf_nodes_interfaces/environment/path.sh
[3.217s] -- Up-to-date: /home/mcolledanchise/behavior-stack-example/libs/ros2_bt_nodes/ws/src/install/bt_leaf_nodes_interfaces/share/bt_leaf_nodes_interfaces/environment/path.dsv
[3.218s] -- Up-to-date: /home/mcolledanchise/behavior-stack-example/libs/ros2_bt_nodes/ws/src/install/bt_leaf_nodes_interfaces/share/bt_leaf_nodes_interfaces/local_setup.bash
[3.218s] -- Up-to-date: /home/mcolledanchise/behavior-stack-example/libs/ros2_bt_nodes/ws/src/install/bt_leaf_nodes_interfaces/share/bt_leaf_nodes_interfaces/local_setup.sh
[3.218s] -- Up-to-date: /home/mcolledanchise/behavior-stack-example/libs/ros2_bt_nodes/ws/src/install/bt_leaf_nodes_interfaces/share/bt_leaf_nodes_interfaces/local_setup.zsh
[3.218s] -- Up-to-date: /home/mcolledanchise/behavior-stack-example/libs/ros2_bt_nodes/ws/src/install/bt_leaf_nodes_interfaces/share/bt_leaf_nodes_interfaces/local_setup.dsv
[3.218s] -- Installing: /home/mcolledanchise/behavior-stack-example/libs/ros2_bt_nodes/ws/src/install/bt_leaf_nodes_interfaces/share/bt_leaf_nodes_interfaces/package.dsv
[3.218s] -- Up-to-date: /home/mcolledanchise/behavior-stack-example/libs/ros2_bt_nodes/ws/src/install/bt_leaf_nodes_interfaces/share/ament_index/resource_index/packages/bt_leaf_nodes_interfaces
[3.218s] -- Up-to-date: /home/mcolledanchise/behavior-stack-example/libs/ros2_bt_nodes/ws/src/install/bt_leaf_nodes_interfaces/share/bt_leaf_nodes_interfaces/cmake/export_bt_leaf_nodes_interfaces__rosidl_generator_cExport.cmake
[3.219s] -- Up-to-date: /home/mcolledanchise/behavior-stack-example/libs/ros2_bt_nodes/ws/src/install/bt_leaf_nodes_interfaces/share/bt_leaf_nodes_interfaces/cmake/export_bt_leaf_nodes_interfaces__rosidl_generator_cExport-noconfig.cmake
[3.219s] -- Up-to-date: /home/mcolledanchise/behavior-stack-example/libs/ros2_bt_nodes/ws/src/install/bt_leaf_nodes_interfaces/share/bt_leaf_nodes_interfaces/cmake/export_bt_leaf_nodes_interfaces__rosidl_typesupport_fastrtps_cExport.cmake
[3.219s] -- Up-to-date: /home/mcolledanchise/behavior-stack-example/libs/ros2_bt_nodes/ws/src/install/bt_leaf_nodes_interfaces/share/bt_leaf_nodes_interfaces/cmake/export_bt_leaf_nodes_interfaces__rosidl_typesupport_fastrtps_cExport-noconfig.cmake
[3.219s] -- Up-to-date: /home/mcolledanchise/behavior-stack-example/libs/ros2_bt_nodes/ws/src/install/bt_leaf_nodes_interfaces/share/bt_leaf_nodes_interfaces/cmake/bt_leaf_nodes_interfaces__rosidl_typesupport_introspection_cExport.cmake
[3.219s] -- Up-to-date: /home/mcolledanchise/behavior-stack-example/libs/ros2_bt_nodes/ws/src/install/bt_leaf_nodes_interfaces/share/bt_leaf_nodes_interfaces/cmake/bt_leaf_nodes_interfaces__rosidl_typesupport_introspection_cExport-noconfig.cmake
[3.219s] -- Up-to-date: /home/mcolledanchise/behavior-stack-example/libs/ros2_bt_nodes/ws/src/install/bt_leaf_nodes_interfaces/share/bt_leaf_nodes_interfaces/cmake/bt_leaf_nodes_interfaces__rosidl_typesupport_cExport.cmake
[3.219s] -- Up-to-date: /home/mcolledanchise/behavior-stack-example/libs/ros2_bt_nodes/ws/src/install/bt_leaf_nodes_interfaces/share/bt_leaf_nodes_interfaces/cmake/bt_leaf_nodes_interfaces__rosidl_typesupport_cExport-noconfig.cmake
[3.219s] -- Up-to-date: /home/mcolledanchise/behavior-stack-example/libs/ros2_bt_nodes/ws/src/install/bt_leaf_nodes_interfaces/share/bt_leaf_nodes_interfaces/cmake/export_bt_leaf_nodes_interfaces__rosidl_generator_cppExport.cmake
[3.220s] -- Up-to-date: /home/mcolledanchise/behavior-stack-example/libs/ros2_bt_nodes/ws/src/install/bt_leaf_nodes_interfaces/share/bt_leaf_nodes_interfaces/cmake/export_bt_leaf_nodes_interfaces__rosidl_typesupport_fastrtps_cppExport.cmake
[3.220s] -- Up-to-date: /home/mcolledanchise/behavior-stack-example/libs/ros2_bt_nodes/ws/src/install/bt_leaf_nodes_interfaces/share/bt_leaf_nodes_interfaces/cmake/export_bt_leaf_nodes_interfaces__rosidl_typesupport_fastrtps_cppExport-noconfig.cmake
[3.220s] -- Up-to-date: /home/mcolledanchise/behavior-stack-example/libs/ros2_bt_nodes/ws/src/install/bt_leaf_nodes_interfaces/share/bt_leaf_nodes_interfaces/cmake/bt_leaf_nodes_interfaces__rosidl_typesupport_introspection_cppExport.cmake
[3.220s] -- Up-to-date: /home/mcolledanchise/behavior-stack-example/libs/ros2_bt_nodes/ws/src/install/bt_leaf_nodes_interfaces/share/bt_leaf_nodes_interfaces/cmake/bt_leaf_nodes_interfaces__rosidl_typesupport_introspection_cppExport-noconfig.cmake
[3.220s] -- Up-to-date: /home/mcolledanchise/behavior-stack-example/libs/ros2_bt_nodes/ws/src/install/bt_leaf_nodes_interfaces/share/bt_leaf_nodes_interfaces/cmake/bt_leaf_nodes_interfaces__rosidl_typesupport_cppExport.cmake
[3.220s] -- Up-to-date: /home/mcolledanchise/behavior-stack-example/libs/ros2_bt_nodes/ws/src/install/bt_leaf_nodes_interfaces/share/bt_leaf_nodes_interfaces/cmake/bt_leaf_nodes_interfaces__rosidl_typesupport_cppExport-noconfig.cmake
[3.221s] -- Up-to-date: /home/mcolledanchise/behavior-stack-example/libs/ros2_bt_nodes/ws/src/install/bt_leaf_nodes_interfaces/share/bt_leaf_nodes_interfaces/cmake/export_bt_leaf_nodes_interfaces__rosidl_generator_pyExport.cmake
[3.221s] -- Up-to-date: /home/mcolledanchise/behavior-stack-example/libs/ros2_bt_nodes/ws/src/install/bt_leaf_nodes_interfaces/share/bt_leaf_nodes_interfaces/cmake/export_bt_leaf_nodes_interfaces__rosidl_generator_pyExport-noconfig.cmake
[3.221s] -- Up-to-date: /home/mcolledanchise/behavior-stack-example/libs/ros2_bt_nodes/ws/src/install/bt_leaf_nodes_interfaces/share/bt_leaf_nodes_interfaces/cmake/rosidl_cmake-extras.cmake
[3.222s] -- Up-to-date: /home/mcolledanchise/behavior-stack-example/libs/ros2_bt_nodes/ws/src/install/bt_leaf_nodes_interfaces/share/bt_leaf_nodes_interfaces/cmake/ament_cmake_export_dependencies-extras.cmake
[3.222s] -- Up-to-date: /home/mcolledanchise/behavior-stack-example/libs/ros2_bt_nodes/ws/src/install/bt_leaf_nodes_interfaces/share/bt_leaf_nodes_interfaces/cmake/ament_cmake_export_include_directories-extras.cmake
[3.222s] -- Up-to-date: /home/mcolledanchise/behavior-stack-example/libs/ros2_bt_nodes/ws/src/install/bt_leaf_nodes_interfaces/share/bt_leaf_nodes_interfaces/cmake/ament_cmake_export_libraries-extras.cmake
[3.222s] -- Up-to-date: /home/mcolledanchise/behavior-stack-example/libs/ros2_bt_nodes/ws/src/install/bt_leaf_nodes_interfaces/share/bt_leaf_nodes_interfaces/cmake/ament_cmake_export_targets-extras.cmake
[3.223s] -- Up-to-date: /home/mcolledanchise/behavior-stack-example/libs/ros2_bt_nodes/ws/src/install/bt_leaf_nodes_interfaces/share/bt_leaf_nodes_interfaces/cmake/rosidl_cmake_export_typesupport_targets-extras.cmake
[3.223s] -- Up-to-date: /home/mcolledanchise/behavior-stack-example/libs/ros2_bt_nodes/ws/src/install/bt_leaf_nodes_interfaces/share/bt_leaf_nodes_interfaces/cmake/rosidl_cmake_export_typesupport_libraries-extras.cmake
[3.223s] -- Up-to-date: /home/mcolledanchise/behavior-stack-example/libs/ros2_bt_nodes/ws/src/install/bt_leaf_nodes_interfaces/share/bt_leaf_nodes_interfaces/cmake/bt_leaf_nodes_interfacesConfig.cmake
[3.223s] -- Up-to-date: /home/mcolledanchise/behavior-stack-example/libs/ros2_bt_nodes/ws/src/install/bt_leaf_nodes_interfaces/share/bt_leaf_nodes_interfaces/cmake/bt_leaf_nodes_interfacesConfig-version.cmake
[3.223s] -- Up-to-date: /home/mcolledanchise/behavior-stack-example/libs/ros2_bt_nodes/ws/src/install/bt_leaf_nodes_interfaces/share/bt_leaf_nodes_interfaces/package.xml
[3.224s] Invoked command in '/home/mcolledanchise/behavior-stack-example/libs/ros2_bt_nodes/ws/src/build/bt_leaf_nodes_interfaces' returned '0': CMAKE_PREFIX_PATH=/opt/ros/humble /usr/bin/cmake --install /home/mcolledanchise/behavior-stack-example/libs/ros2_bt_nodes/ws/src/build/bt_leaf_nodes_interfaces
