[0.011s] Invoking command in '/home/mcolledanchise/behavior-stack-example/libs/ros2_bt_nodes/ws/src/build/bt_leaf_nodes_interfaces': CMAKE_PREFIX_PATH=/opt/ros/humble /usr/bin/cmake --build /home/mcolledanchise/behavior-stack-example/libs/ros2_bt_nodes/ws/src/build/bt_leaf_nodes_interfaces -- -j8 -l8
[0.027s] -- Found ament_cmake: 1.3.2 (/opt/ros/humble/share/ament_cmake/cmake)
[0.146s] -- Found ament_lint_auto: 0.12.4 (/opt/ros/humble/share/ament_lint_auto/cmake)
[0.199s] -- Found rosidl_default_generators: 1.2.0 (/opt/ros/humble/share/rosidl_default_generators/cmake)
[0.201s] -- Using all available rosidl_typesupport_c: rosidl_typesupport_fastrtps_c;rosidl_typesupport_introspection_c
[0.203s] -- Found rosidl_adapter: 3.1.3 (/opt/ros/humble/share/rosidl_adapter/cmake)
[0.302s] -- Using all available rosidl_typesupport_cpp: rosidl_typesupport_fastrtps_cpp;rosidl_typesupport_introspection_cpp
[0.560s] -- Found ament_cmake_ros: 0.10.0 (/opt/ros/humble/share/ament_cmake_ros/cmake)
[0.722s] -- Using all available rosidl_typesupport_c: rosidl_typesupport_fastrtps_c;rosidl_typesupport_introspection_c
[0.937s] -- Using all available rosidl_typesupport_cpp: rosidl_typesupport_fastrtps_cpp;rosidl_typesupport_introspection_cpp
[0.957s] -- Found python_cmake_module: 0.10.0 (/opt/ros/humble/share/python_cmake_module/cmake)
[0.977s] -- Using PYTHON_EXECUTABLE: /usr/bin/python3
[0.977s] -- Using PYTHON_INCLUDE_DIRS: /usr/include/python3.10
[0.977s] -- Using PYTHON_LIBRARIES: /usr/lib/x86_64-linux-gnu/libpython3.10.so
[0.995s] -- Added test 'lint_cmake' to check CMake code style
[0.996s] -- Added test 'xmllint' to check XML markup files
[0.999s] -- Configuring done
[1.026s] -- Generating done
[1.029s] -- Build files have been written to: /home/mcolledanchise/behavior-stack-example/libs/ros2_bt_nodes/ws/src/build/bt_leaf_nodes_interfaces
[1.047s] [  3%] [34m[1mGenerating C code for ROS interfaces[0m
[1.053s] [  6%] [34m[1mGenerating C++ code for ROS interfaces[0m
[1.060s] [  6%] Built target ament_cmake_python_copy_bt_leaf_nodes_interfaces
[1.251s] running egg_info
[1.252s] writing bt_leaf_nodes_interfaces.egg-info/PKG-INFO
[1.253s] writing dependency_links to bt_leaf_nodes_interfaces.egg-info/dependency_links.txt
[1.253s] writing top-level names to bt_leaf_nodes_interfaces.egg-info/top_level.txt
[1.255s] reading manifest file 'bt_leaf_nodes_interfaces.egg-info/SOURCES.txt'
[1.256s] writing manifest file 'bt_leaf_nodes_interfaces.egg-info/SOURCES.txt'
[1.280s] [  6%] Built target ament_cmake_python_build_bt_leaf_nodes_interfaces_egg
[1.461s] [  6%] Built target bt_leaf_nodes_interfaces__cpp
[1.468s] [ 12%] [34m[1mGenerating C++ type support for eProsima Fast-RTPS[0m
[1.469s] [ 12%] [34m[1mGenerating C++ type support dispatch for ROS interfaces[0m
[1.469s] [ 16%] [34m[1mGenerating C++ introspection for ROS interfaces[0m
[1.470s] [35m[1mConsolidate compiler generated dependencies of target bt_leaf_nodes_interfaces__rosidl_generator_c[0m
[1.480s] [ 19%] [32mBuilding C object CMakeFiles/bt_leaf_nodes_interfaces__rosidl_generator_c.dir/rosidl_generator_c/bt_leaf_nodes_interfaces/action/detail/bt__functions.c.o[0m
[1.612s] [ 22%] [32m[1mLinking C shared library libbt_leaf_nodes_interfaces__rosidl_generator_c.so[0m
[1.699s] [ 22%] Built target bt_leaf_nodes_interfaces__rosidl_generator_c
[1.707s] [ 25%] [34m[1mGenerating C type support for eProsima Fast-RTPS[0m
[1.708s] [ 32%] [34m[1mGenerating C introspection for ROS interfaces[0m
[1.708s] [ 32%] [34m[1mGenerating C type support dispatch for ROS interfaces[0m
[1.754s] [35m[1mConsolidate compiler generated dependencies of target bt_leaf_nodes_interfaces__rosidl_typesupport_cpp[0m
[1.765s] [ 35%] [32mBuilding CXX object CMakeFiles/bt_leaf_nodes_interfaces__rosidl_typesupport_cpp.dir/rosidl_typesupport_cpp/bt_leaf_nodes_interfaces/action/bt__type_support.cpp.o[0m
[1.871s] [35m[1mConsolidate compiler generated dependencies of target bt_leaf_nodes_interfaces__rosidl_typesupport_introspection_cpp[0m
[1.882s] [ 38%] [32mBuilding CXX object CMakeFiles/bt_leaf_nodes_interfaces__rosidl_typesupport_introspection_cpp.dir/rosidl_typesupport_introspection_cpp/bt_leaf_nodes_interfaces/action/detail/bt__type_support.cpp.o[0m
[1.939s] [35m[1mConsolidate compiler generated dependencies of target bt_leaf_nodes_interfaces__rosidl_typesupport_fastrtps_cpp[0m
[1.950s] [ 41%] [32mBuilding CXX object CMakeFiles/bt_leaf_nodes_interfaces__rosidl_typesupport_fastrtps_cpp.dir/rosidl_typesupport_fastrtps_cpp/bt_leaf_nodes_interfaces/action/detail/dds_fastrtps/bt__type_support.cpp.o[0m
[2.088s] [35m[1mConsolidate compiler generated dependencies of target bt_leaf_nodes_interfaces__rosidl_typesupport_c[0m
[2.097s] [ 45%] [32mBuilding CXX object CMakeFiles/bt_leaf_nodes_interfaces__rosidl_typesupport_c.dir/rosidl_typesupport_c/bt_leaf_nodes_interfaces/action/bt__type_support.cpp.o[0m
[2.148s] [ 48%] [32m[1mLinking CXX shared library libbt_leaf_nodes_interfaces__rosidl_typesupport_c.so[0m
[2.156s] [35m[1mConsolidate compiler generated dependencies of target bt_leaf_nodes_interfaces__rosidl_typesupport_introspection_c[0m
[2.167s] [ 51%] [32mBuilding C object CMakeFiles/bt_leaf_nodes_interfaces__rosidl_typesupport_introspection_c.dir/rosidl_typesupport_introspection_c/bt_leaf_nodes_interfaces/action/detail/bt__type_support.c.o[0m
[2.217s] [ 54%] [32m[1mLinking C shared library libbt_leaf_nodes_interfaces__rosidl_typesupport_introspection_c.so[0m
[2.241s] [35m[1mConsolidate compiler generated dependencies of target bt_leaf_nodes_interfaces__rosidl_typesupport_fastrtps_c[0m
[2.251s] [ 54%] Built target bt_leaf_nodes_interfaces__rosidl_typesupport_c
[2.253s] [ 58%] [32mBuilding CXX object CMakeFiles/bt_leaf_nodes_interfaces__rosidl_typesupport_fastrtps_c.dir/rosidl_typesupport_fastrtps_c/bt_leaf_nodes_interfaces/action/detail/bt__type_support_c.cpp.o[0m
[2.300s] [ 61%] [32m[1mLinking CXX shared library libbt_leaf_nodes_interfaces__rosidl_typesupport_cpp.so[0m
[2.302s] [ 61%] Built target bt_leaf_nodes_interfaces__rosidl_typesupport_introspection_c
[2.392s] [ 61%] Built target bt_leaf_nodes_interfaces__rosidl_typesupport_cpp
[2.554s] [ 64%] [32m[1mLinking CXX shared library libbt_leaf_nodes_interfaces__rosidl_typesupport_introspection_cpp.so[0m
[2.569s] [ 67%] [32m[1mLinking CXX shared library libbt_leaf_nodes_interfaces__rosidl_typesupport_fastrtps_cpp.so[0m
[2.622s] [ 70%] [32m[1mLinking CXX shared library libbt_leaf_nodes_interfaces__rosidl_typesupport_fastrtps_c.so[0m
[2.698s] [ 70%] Built target bt_leaf_nodes_interfaces__rosidl_typesupport_introspection_cpp
[2.713s] [ 70%] Built target bt_leaf_nodes_interfaces__rosidl_typesupport_fastrtps_cpp
[2.757s] [ 70%] Built target bt_leaf_nodes_interfaces__rosidl_typesupport_fastrtps_c
[2.773s] [ 70%] Built target bt_leaf_nodes_interfaces
[2.788s] [ 74%] [34m[1mGenerating Python code for ROS interfaces[0m
[3.522s] [ 74%] Built target bt_leaf_nodes_interfaces__py
[3.529s] [35m[1mConsolidate compiler generated dependencies of target bt_leaf_nodes_interfaces__rosidl_generator_py[0m
[3.537s] [ 77%] [32mBuilding C object CMakeFiles/bt_leaf_nodes_interfaces__rosidl_generator_py.dir/rosidl_generator_py/bt_leaf_nodes_interfaces/action/_bt_s.c.o[0m
[3.665s] [ 80%] [32m[1mLinking C shared library rosidl_generator_py/bt_leaf_nodes_interfaces/libbt_leaf_nodes_interfaces__rosidl_generator_py.so[0m
[3.752s] [ 80%] Built target bt_leaf_nodes_interfaces__rosidl_generator_py
[3.758s] [35m[1mConsolidate compiler generated dependencies of target bt_leaf_nodes_interfaces__rosidl_typesupport_c__pyext[0m
[3.758s] [35m[1mConsolidate compiler generated dependencies of target bt_leaf_nodes_interfaces__rosidl_typesupport_fastrtps_c__pyext[0m
[3.759s] [35m[1mConsolidate compiler generated dependencies of target bt_leaf_nodes_interfaces__rosidl_typesupport_introspection_c__pyext[0m
[3.767s] [ 90%] [32mBuilding C object CMakeFiles/bt_leaf_nodes_interfaces__rosidl_typesupport_fastrtps_c__pyext.dir/rosidl_generator_py/bt_leaf_nodes_interfaces/_bt_leaf_nodes_interfaces_s.ep.rosidl_typesupport_fastrtps_c.c.o[0m
[3.767s] [ 90%] [32mBuilding C object CMakeFiles/bt_leaf_nodes_interfaces__rosidl_typesupport_introspection_c__pyext.dir/rosidl_generator_py/bt_leaf_nodes_interfaces/_bt_leaf_nodes_interfaces_s.ep.rosidl_typesupport_introspection_c.c.o[0m
[3.767s] [ 90%] [32mBuilding C object CMakeFiles/bt_leaf_nodes_interfaces__rosidl_typesupport_c__pyext.dir/rosidl_generator_py/bt_leaf_nodes_interfaces/_bt_leaf_nodes_interfaces_s.ep.rosidl_typesupport_c.c.o[0m
[3.860s] [100%] [32m[1mLinking C shared library rosidl_generator_py/bt_leaf_nodes_interfaces/bt_leaf_nodes_interfaces_s__rosidl_typesupport_c.cpython-310-x86_64-linux-gnu.so[0m
[3.860s] [100%] [32m[1mLinking C shared library rosidl_generator_py/bt_leaf_nodes_interfaces/bt_leaf_nodes_interfaces_s__rosidl_typesupport_fastrtps_c.cpython-310-x86_64-linux-gnu.so[0m
[3.860s] [100%] [32m[1mLinking C shared library rosidl_generator_py/bt_leaf_nodes_interfaces/bt_leaf_nodes_interfaces_s__rosidl_typesupport_introspection_c.cpython-310-x86_64-linux-gnu.so[0m
[3.924s] [100%] Built target bt_leaf_nodes_interfaces__rosidl_typesupport_introspection_c__pyext
[3.924s] [100%] Built target bt_leaf_nodes_interfaces__rosidl_typesupport_c__pyext
[3.924s] [100%] Built target bt_leaf_nodes_interfaces__rosidl_typesupport_fastrtps_c__pyext
[3.938s] Invoked command in '/home/mcolledanchise/behavior-stack-example/libs/ros2_bt_nodes/ws/src/build/bt_leaf_nodes_interfaces' returned '0': CMAKE_PREFIX_PATH=/opt/ros/humble /usr/bin/cmake --build /home/mcolledanchise/behavior-stack-example/libs/ros2_bt_nodes/ws/src/build/bt_leaf_nodes_interfaces -- -j8 -l8
[3.981s] Invoking command in '/home/mcolledanchise/behavior-stack-example/libs/ros2_bt_nodes/ws/src/build/bt_leaf_nodes_interfaces': CMAKE_PREFIX_PATH=/opt/ros/humble /usr/bin/cmake --install /home/mcolledanchise/behavior-stack-example/libs/ros2_bt_nodes/ws/src/build/bt_leaf_nodes_interfaces
[3.986s] -- Install configuration: ""
[3.986s] -- Up-to-date: /home/mcolledanchise/behavior-stack-example/libs/ros2_bt_nodes/ws/src/install/bt_leaf_nodes_interfaces/share/ament_index/resource_index/rosidl_interfaces/bt_leaf_nodes_interfaces
[3.986s] -- Up-to-date: /home/mcolledanchise/behavior-stack-example/libs/ros2_bt_nodes/ws/src/install/bt_leaf_nodes_interfaces/include/bt_leaf_nodes_interfaces/bt_leaf_nodes_interfaces
[3.986s] -- Up-to-date: /home/mcolledanchise/behavior-stack-example/libs/ros2_bt_nodes/ws/src/install/bt_leaf_nodes_interfaces/include/bt_leaf_nodes_interfaces/bt_leaf_nodes_interfaces/msg
[3.987s] -- Up-to-date: /home/mcolledanchise/behavior-stack-example/libs/ros2_bt_nodes/ws/src/install/bt_leaf_nodes_interfaces/include/bt_leaf_nodes_interfaces/bt_leaf_nodes_interfaces/msg/rosidl_generator_c__visibility_control.h
[3.987s] -- Up-to-date: /home/mcolledanchise/behavior-stack-example/libs/ros2_bt_nodes/ws/src/install/bt_leaf_nodes_interfaces/include/bt_leaf_nodes_interfaces/bt_leaf_nodes_interfaces/action
[3.987s] -- Up-to-date: /home/mcolledanchise/behavior-stack-example/libs/ros2_bt_nodes/ws/src/install/bt_leaf_nodes_interfaces/include/bt_leaf_nodes_interfaces/bt_leaf_nodes_interfaces/action/detail
[3.987s] -- Installing: /home/mcolledanchise/behavior-stack-example/libs/ros2_bt_nodes/ws/src/install/bt_leaf_nodes_interfaces/include/bt_leaf_nodes_interfaces/bt_leaf_nodes_interfaces/action/detail/bt__functions.h
[3.987s] -- Installing: /home/mcolledanchise/behavior-stack-example/libs/ros2_bt_nodes/ws/src/install/bt_leaf_nodes_interfaces/include/bt_leaf_nodes_interfaces/bt_leaf_nodes_interfaces/action/detail/bt__struct.h
[3.987s] -- Installing: /home/mcolledanchise/behavior-stack-example/libs/ros2_bt_nodes/ws/src/install/bt_leaf_nodes_interfaces/include/bt_leaf_nodes_interfaces/bt_leaf_nodes_interfaces/action/detail/bt__functions.c
[3.987s] -- Installing: /home/mcolledanchise/behavior-stack-example/libs/ros2_bt_nodes/ws/src/install/bt_leaf_nodes_interfaces/include/bt_leaf_nodes_interfaces/bt_leaf_nodes_interfaces/action/detail/bt__type_support.h
[3.987s] -- Installing: /home/mcolledanchise/behavior-stack-example/libs/ros2_bt_nodes/ws/src/install/bt_leaf_nodes_interfaces/include/bt_leaf_nodes_interfaces/bt_leaf_nodes_interfaces/action/bt.h
[3.988s] -- Up-to-date: /home/mcolledanchise/behavior-stack-example/libs/ros2_bt_nodes/ws/src/install/bt_leaf_nodes_interfaces/share/bt_leaf_nodes_interfaces/environment/library_path.sh
[3.988s] -- Installing: /home/mcolledanchise/behavior-stack-example/libs/ros2_bt_nodes/ws/src/install/bt_leaf_nodes_interfaces/share/bt_leaf_nodes_interfaces/environment/library_path.dsv
[3.988s] -- Installing: /home/mcolledanchise/behavior-stack-example/libs/ros2_bt_nodes/ws/src/install/bt_leaf_nodes_interfaces/lib/libbt_leaf_nodes_interfaces__rosidl_generator_c.so
[3.988s] -- Set runtime path of "/home/mcolledanchise/behavior-stack-example/libs/ros2_bt_nodes/ws/src/install/bt_leaf_nodes_interfaces/lib/libbt_leaf_nodes_interfaces__rosidl_generator_c.so" to ""
[3.988s] -- Up-to-date: /home/mcolledanchise/behavior-stack-example/libs/ros2_bt_nodes/ws/src/install/bt_leaf_nodes_interfaces/include/bt_leaf_nodes_interfaces/bt_leaf_nodes_interfaces
[3.989s] -- Up-to-date: /home/mcolledanchise/behavior-stack-example/libs/ros2_bt_nodes/ws/src/install/bt_leaf_nodes_interfaces/include/bt_leaf_nodes_interfaces/bt_leaf_nodes_interfaces/msg
[3.989s] -- Up-to-date: /home/mcolledanchise/behavior-stack-example/libs/ros2_bt_nodes/ws/src/install/bt_leaf_nodes_interfaces/include/bt_leaf_nodes_interfaces/bt_leaf_nodes_interfaces/msg/rosidl_typesupport_fastrtps_c__visibility_control.h
[3.989s] -- Up-to-date: /home/mcolledanchise/behavior-stack-example/libs/ros2_bt_nodes/ws/src/install/bt_leaf_nodes_interfaces/include/bt_leaf_nodes_interfaces/bt_leaf_nodes_interfaces/action
[3.989s] -- Up-to-date: /home/mcolledanchise/behavior-stack-example/libs/ros2_bt_nodes/ws/src/install/bt_leaf_nodes_interfaces/include/bt_leaf_nodes_interfaces/bt_leaf_nodes_interfaces/action/detail
[3.989s] -- Installing: /home/mcolledanchise/behavior-stack-example/libs/ros2_bt_nodes/ws/src/install/bt_leaf_nodes_interfaces/include/bt_leaf_nodes_interfaces/bt_leaf_nodes_interfaces/action/detail/bt__rosidl_typesupport_fastrtps_c.h
[3.989s] -- Installing: /home/mcolledanchise/behavior-stack-example/libs/ros2_bt_nodes/ws/src/install/bt_leaf_nodes_interfaces/lib/libbt_leaf_nodes_interfaces__rosidl_typesupport_fastrtps_c.so
[3.989s] -- Set runtime path of "/home/mcolledanchise/behavior-stack-example/libs/ros2_bt_nodes/ws/src/install/bt_leaf_nodes_interfaces/lib/libbt_leaf_nodes_interfaces__rosidl_typesupport_fastrtps_c.so" to ""
[3.989s] -- Up-to-date: /home/mcolledanchise/behavior-stack-example/libs/ros2_bt_nodes/ws/src/install/bt_leaf_nodes_interfaces/include/bt_leaf_nodes_interfaces/bt_leaf_nodes_interfaces
[3.990s] -- Up-to-date: /home/mcolledanchise/behavior-stack-example/libs/ros2_bt_nodes/ws/src/install/bt_leaf_nodes_interfaces/include/bt_leaf_nodes_interfaces/bt_leaf_nodes_interfaces/msg
[3.990s] -- Up-to-date: /home/mcolledanchise/behavior-stack-example/libs/ros2_bt_nodes/ws/src/install/bt_leaf_nodes_interfaces/include/bt_leaf_nodes_interfaces/bt_leaf_nodes_interfaces/msg/rosidl_typesupport_introspection_c__visibility_control.h
[3.990s] -- Up-to-date: /home/mcolledanchise/behavior-stack-example/libs/ros2_bt_nodes/ws/src/install/bt_leaf_nodes_interfaces/include/bt_leaf_nodes_interfaces/bt_leaf_nodes_interfaces/action
[3.990s] -- Up-to-date: /home/mcolledanchise/behavior-stack-example/libs/ros2_bt_nodes/ws/src/install/bt_leaf_nodes_interfaces/include/bt_leaf_nodes_interfaces/bt_leaf_nodes_interfaces/action/detail
[3.990s] -- Installing: /home/mcolledanchise/behavior-stack-example/libs/ros2_bt_nodes/ws/src/install/bt_leaf_nodes_interfaces/include/bt_leaf_nodes_interfaces/bt_leaf_nodes_interfaces/action/detail/bt__rosidl_typesupport_introspection_c.h
[3.990s] -- Installing: /home/mcolledanchise/behavior-stack-example/libs/ros2_bt_nodes/ws/src/install/bt_leaf_nodes_interfaces/include/bt_leaf_nodes_interfaces/bt_leaf_nodes_interfaces/action/detail/bt__type_support.c
[3.990s] -- Installing: /home/mcolledanchise/behavior-stack-example/libs/ros2_bt_nodes/ws/src/install/bt_leaf_nodes_interfaces/lib/libbt_leaf_nodes_interfaces__rosidl_typesupport_introspection_c.so
[3.990s] -- Set runtime path of "/home/mcolledanchise/behavior-stack-example/libs/ros2_bt_nodes/ws/src/install/bt_leaf_nodes_interfaces/lib/libbt_leaf_nodes_interfaces__rosidl_typesupport_introspection_c.so" to ""
[3.991s] -- Installing: /home/mcolledanchise/behavior-stack-example/libs/ros2_bt_nodes/ws/src/install/bt_leaf_nodes_interfaces/lib/libbt_leaf_nodes_interfaces__rosidl_typesupport_c.so
[3.991s] -- Set runtime path of "/home/mcolledanchise/behavior-stack-example/libs/ros2_bt_nodes/ws/src/install/bt_leaf_nodes_interfaces/lib/libbt_leaf_nodes_interfaces__rosidl_typesupport_c.so" to ""
[3.991s] -- Up-to-date: /home/mcolledanchise/behavior-stack-example/libs/ros2_bt_nodes/ws/src/install/bt_leaf_nodes_interfaces/include/bt_leaf_nodes_interfaces/bt_leaf_nodes_interfaces
[3.991s] -- Up-to-date: /home/mcolledanchise/behavior-stack-example/libs/ros2_bt_nodes/ws/src/install/bt_leaf_nodes_interfaces/include/bt_leaf_nodes_interfaces/bt_leaf_nodes_interfaces/action
[3.991s] -- Installing: /home/mcolledanchise/behavior-stack-example/libs/ros2_bt_nodes/ws/src/install/bt_leaf_nodes_interfaces/include/bt_leaf_nodes_interfaces/bt_leaf_nodes_interfaces/action/bt.hpp
[3.991s] -- Up-to-date: /home/mcolledanchise/behavior-stack-example/libs/ros2_bt_nodes/ws/src/install/bt_leaf_nodes_interfaces/include/bt_leaf_nodes_interfaces/bt_leaf_nodes_interfaces/action/detail
[3.991s] -- Installing: /home/mcolledanchise/behavior-stack-example/libs/ros2_bt_nodes/ws/src/install/bt_leaf_nodes_interfaces/include/bt_leaf_nodes_interfaces/bt_leaf_nodes_interfaces/action/detail/bt__traits.hpp
[3.991s] -- Installing: /home/mcolledanchise/behavior-stack-example/libs/ros2_bt_nodes/ws/src/install/bt_leaf_nodes_interfaces/include/bt_leaf_nodes_interfaces/bt_leaf_nodes_interfaces/action/detail/bt__builder.hpp
[3.991s] -- Installing: /home/mcolledanchise/behavior-stack-example/libs/ros2_bt_nodes/ws/src/install/bt_leaf_nodes_interfaces/include/bt_leaf_nodes_interfaces/bt_leaf_nodes_interfaces/action/detail/bt__struct.hpp
[3.991s] -- Up-to-date: /home/mcolledanchise/behavior-stack-example/libs/ros2_bt_nodes/ws/src/install/bt_leaf_nodes_interfaces/include/bt_leaf_nodes_interfaces/bt_leaf_nodes_interfaces
[3.991s] -- Up-to-date: /home/mcolledanchise/behavior-stack-example/libs/ros2_bt_nodes/ws/src/install/bt_leaf_nodes_interfaces/include/bt_leaf_nodes_interfaces/bt_leaf_nodes_interfaces/msg
[3.991s] -- Up-to-date: /home/mcolledanchise/behavior-stack-example/libs/ros2_bt_nodes/ws/src/install/bt_leaf_nodes_interfaces/include/bt_leaf_nodes_interfaces/bt_leaf_nodes_interfaces/msg/rosidl_typesupport_fastrtps_cpp__visibility_control.h
[3.992s] -- Up-to-date: /home/mcolledanchise/behavior-stack-example/libs/ros2_bt_nodes/ws/src/install/bt_leaf_nodes_interfaces/include/bt_leaf_nodes_interfaces/bt_leaf_nodes_interfaces/action
[3.992s] -- Up-to-date: /home/mcolledanchise/behavior-stack-example/libs/ros2_bt_nodes/ws/src/install/bt_leaf_nodes_interfaces/include/bt_leaf_nodes_interfaces/bt_leaf_nodes_interfaces/action/detail
[3.992s] -- Up-to-date: /home/mcolledanchise/behavior-stack-example/libs/ros2_bt_nodes/ws/src/install/bt_leaf_nodes_interfaces/include/bt_leaf_nodes_interfaces/bt_leaf_nodes_interfaces/action/detail/dds_fastrtps
[3.992s] -- Installing: /home/mcolledanchise/behavior-stack-example/libs/ros2_bt_nodes/ws/src/install/bt_leaf_nodes_interfaces/include/bt_leaf_nodes_interfaces/bt_leaf_nodes_interfaces/action/detail/bt__rosidl_typesupport_fastrtps_cpp.hpp
[3.992s] -- Installing: /home/mcolledanchise/behavior-stack-example/libs/ros2_bt_nodes/ws/src/install/bt_leaf_nodes_interfaces/lib/libbt_leaf_nodes_interfaces__rosidl_typesupport_fastrtps_cpp.so
[3.992s] -- Set runtime path of "/home/mcolledanchise/behavior-stack-example/libs/ros2_bt_nodes/ws/src/install/bt_leaf_nodes_interfaces/lib/libbt_leaf_nodes_interfaces__rosidl_typesupport_fastrtps_cpp.so" to ""
[3.992s] -- Up-to-date: /home/mcolledanchise/behavior-stack-example/libs/ros2_bt_nodes/ws/src/install/bt_leaf_nodes_interfaces/include/bt_leaf_nodes_interfaces/bt_leaf_nodes_interfaces
[3.992s] -- Up-to-date: /home/mcolledanchise/behavior-stack-example/libs/ros2_bt_nodes/ws/src/install/bt_leaf_nodes_interfaces/include/bt_leaf_nodes_interfaces/bt_leaf_nodes_interfaces/action
[3.992s] -- Up-to-date: /home/mcolledanchise/behavior-stack-example/libs/ros2_bt_nodes/ws/src/install/bt_leaf_nodes_interfaces/include/bt_leaf_nodes_interfaces/bt_leaf_nodes_interfaces/action/detail
[3.992s] -- Installing: /home/mcolledanchise/behavior-stack-example/libs/ros2_bt_nodes/ws/src/install/bt_leaf_nodes_interfaces/include/bt_leaf_nodes_interfaces/bt_leaf_nodes_interfaces/action/detail/bt__type_support.cpp
[3.992s] -- Installing: /home/mcolledanchise/behavior-stack-example/libs/ros2_bt_nodes/ws/src/install/bt_leaf_nodes_interfaces/include/bt_leaf_nodes_interfaces/bt_leaf_nodes_interfaces/action/detail/bt__rosidl_typesupport_introspection_cpp.hpp
[3.993s] -- Installing: /home/mcolledanchise/behavior-stack-example/libs/ros2_bt_nodes/ws/src/install/bt_leaf_nodes_interfaces/lib/libbt_leaf_nodes_interfaces__rosidl_typesupport_introspection_cpp.so
[3.993s] -- Set runtime path of "/home/mcolledanchise/behavior-stack-example/libs/ros2_bt_nodes/ws/src/install/bt_leaf_nodes_interfaces/lib/libbt_leaf_nodes_interfaces__rosidl_typesupport_introspection_cpp.so" to ""
[3.993s] -- Installing: /home/mcolledanchise/behavior-stack-example/libs/ros2_bt_nodes/ws/src/install/bt_leaf_nodes_interfaces/lib/libbt_leaf_nodes_interfaces__rosidl_typesupport_cpp.so
[3.993s] -- Set runtime path of "/home/mcolledanchise/behavior-stack-example/libs/ros2_bt_nodes/ws/src/install/bt_leaf_nodes_interfaces/lib/libbt_leaf_nodes_interfaces__rosidl_typesupport_cpp.so" to ""
[3.993s] -- Up-to-date: /home/mcolledanchise/behavior-stack-example/libs/ros2_bt_nodes/ws/src/install/bt_leaf_nodes_interfaces/share/bt_leaf_nodes_interfaces/environment/pythonpath.sh
[3.993s] -- Installing: /home/mcolledanchise/behavior-stack-example/libs/ros2_bt_nodes/ws/src/install/bt_leaf_nodes_interfaces/share/bt_leaf_nodes_interfaces/environment/pythonpath.dsv
[3.993s] -- Up-to-date: /home/mcolledanchise/behavior-stack-example/libs/ros2_bt_nodes/ws/src/install/bt_leaf_nodes_interfaces/local/lib/python3.10/dist-packages/bt_leaf_nodes_interfaces-0.0.0-py3.10.egg-info
[3.993s] -- Installing: /home/mcolledanchise/behavior-stack-example/libs/ros2_bt_nodes/ws/src/install/bt_leaf_nodes_interfaces/local/lib/python3.10/dist-packages/bt_leaf_nodes_interfaces-0.0.0-py3.10.egg-info/top_level.txt
[3.994s] -- Installing: /home/mcolledanchise/behavior-stack-example/libs/ros2_bt_nodes/ws/src/install/bt_leaf_nodes_interfaces/local/lib/python3.10/dist-packages/bt_leaf_nodes_interfaces-0.0.0-py3.10.egg-info/dependency_links.txt
[3.994s] -- Installing: /home/mcolledanchise/behavior-stack-example/libs/ros2_bt_nodes/ws/src/install/bt_leaf_nodes_interfaces/local/lib/python3.10/dist-packages/bt_leaf_nodes_interfaces-0.0.0-py3.10.egg-info/SOURCES.txt
[3.994s] -- Installing: /home/mcolledanchise/behavior-stack-example/libs/ros2_bt_nodes/ws/src/install/bt_leaf_nodes_interfaces/local/lib/python3.10/dist-packages/bt_leaf_nodes_interfaces-0.0.0-py3.10.egg-info/PKG-INFO
[3.994s] -- Up-to-date: /home/mcolledanchise/behavior-stack-example/libs/ros2_bt_nodes/ws/src/install/bt_leaf_nodes_interfaces/local/lib/python3.10/dist-packages/bt_leaf_nodes_interfaces
[3.994s] -- Installing: /home/mcolledanchise/behavior-stack-example/libs/ros2_bt_nodes/ws/src/install/bt_leaf_nodes_interfaces/local/lib/python3.10/dist-packages/bt_leaf_nodes_interfaces/libbt_leaf_nodes_interfaces__rosidl_generator_py.so
[3.994s] -- Installing: /home/mcolledanchise/behavior-stack-example/libs/ros2_bt_nodes/ws/src/install/bt_leaf_nodes_interfaces/local/lib/python3.10/dist-packages/bt_leaf_nodes_interfaces/bt_leaf_nodes_interfaces_s__rosidl_typesupport_fastrtps_c.cpython-310-x86_64-linux-gnu.so
[3.994s] -- Installing: /home/mcolledanchise/behavior-stack-example/libs/ros2_bt_nodes/ws/src/install/bt_leaf_nodes_interfaces/local/lib/python3.10/dist-packages/bt_leaf_nodes_interfaces/_bt_leaf_nodes_interfaces_s.ep.rosidl_typesupport_fastrtps_c.c
[3.994s] -- Installing: /home/mcolledanchise/behavior-stack-example/libs/ros2_bt_nodes/ws/src/install/bt_leaf_nodes_interfaces/local/lib/python3.10/dist-packages/bt_leaf_nodes_interfaces/_bt_leaf_nodes_interfaces_s.ep.rosidl_typesupport_c.c
[3.994s] -- Installing: /home/mcolledanchise/behavior-stack-example/libs/ros2_bt_nodes/ws/src/install/bt_leaf_nodes_interfaces/local/lib/python3.10/dist-packages/bt_leaf_nodes_interfaces/bt_leaf_nodes_interfaces_s__rosidl_typesupport_introspection_c.cpython-310-x86_64-linux-gnu.so
[3.994s] -- Installing: /home/mcolledanchise/behavior-stack-example/libs/ros2_bt_nodes/ws/src/install/bt_leaf_nodes_interfaces/local/lib/python3.10/dist-packages/bt_leaf_nodes_interfaces/_bt_leaf_nodes_interfaces_s.ep.rosidl_typesupport_introspection_c.c
[3.994s] -- Installing: /home/mcolledanchise/behavior-stack-example/libs/ros2_bt_nodes/ws/src/install/bt_leaf_nodes_interfaces/local/lib/python3.10/dist-packages/bt_leaf_nodes_interfaces/bt_leaf_nodes_interfaces_s__rosidl_typesupport_c.cpython-310-x86_64-linux-gnu.so
[3.995s] -- Installing: /home/mcolledanchise/behavior-stack-example/libs/ros2_bt_nodes/ws/src/install/bt_leaf_nodes_interfaces/local/lib/python3.10/dist-packages/bt_leaf_nodes_interfaces/__init__.py
[3.995s] -- Up-to-date: /home/mcolledanchise/behavior-stack-example/libs/ros2_bt_nodes/ws/src/install/bt_leaf_nodes_interfaces/local/lib/python3.10/dist-packages/bt_leaf_nodes_interfaces/action
[3.995s] -- Installing: /home/mcolledanchise/behavior-stack-example/libs/ros2_bt_nodes/ws/src/install/bt_leaf_nodes_interfaces/local/lib/python3.10/dist-packages/bt_leaf_nodes_interfaces/action/_bt.py
[3.995s] -- Installing: /home/mcolledanchise/behavior-stack-example/libs/ros2_bt_nodes/ws/src/install/bt_leaf_nodes_interfaces/local/lib/python3.10/dist-packages/bt_leaf_nodes_interfaces/action/_bt_s.c
[3.995s] -- Installing: /home/mcolledanchise/behavior-stack-example/libs/ros2_bt_nodes/ws/src/install/bt_leaf_nodes_interfaces/local/lib/python3.10/dist-packages/bt_leaf_nodes_interfaces/action/__init__.py
[4.026s] Listing '/home/mcolledanchise/behavior-stack-example/libs/ros2_bt_nodes/ws/src/install/bt_leaf_nodes_interfaces/local/lib/python3.10/dist-packages/bt_leaf_nodes_interfaces'...
[4.026s] Compiling '/home/mcolledanchise/behavior-stack-example/libs/ros2_bt_nodes/ws/src/install/bt_leaf_nodes_interfaces/local/lib/python3.10/dist-packages/bt_leaf_nodes_interfaces/__init__.py'...
[4.026s] Listing '/home/mcolledanchise/behavior-stack-example/libs/ros2_bt_nodes/ws/src/install/bt_leaf_nodes_interfaces/local/lib/python3.10/dist-packages/bt_leaf_nodes_interfaces/action'...
[4.026s] Compiling '/home/mcolledanchise/behavior-stack-example/libs/ros2_bt_nodes/ws/src/install/bt_leaf_nodes_interfaces/local/lib/python3.10/dist-packages/bt_leaf_nodes_interfaces/action/__init__.py'...
[4.026s] Compiling '/home/mcolledanchise/behavior-stack-example/libs/ros2_bt_nodes/ws/src/install/bt_leaf_nodes_interfaces/local/lib/python3.10/dist-packages/bt_leaf_nodes_interfaces/action/_bt.py'...
[4.033s] -- Installing: /home/mcolledanchise/behavior-stack-example/libs/ros2_bt_nodes/ws/src/install/bt_leaf_nodes_interfaces/local/lib/python3.10/dist-packages/bt_leaf_nodes_interfaces/bt_leaf_nodes_interfaces_s__rosidl_typesupport_fastrtps_c.cpython-310-x86_64-linux-gnu.so
[4.034s] -- Set runtime path of "/home/mcolledanchise/behavior-stack-example/libs/ros2_bt_nodes/ws/src/install/bt_leaf_nodes_interfaces/local/lib/python3.10/dist-packages/bt_leaf_nodes_interfaces/bt_leaf_nodes_interfaces_s__rosidl_typesupport_fastrtps_c.cpython-310-x86_64-linux-gnu.so" to ""
[4.034s] -- Installing: /home/mcolledanchise/behavior-stack-example/libs/ros2_bt_nodes/ws/src/install/bt_leaf_nodes_interfaces/local/lib/python3.10/dist-packages/bt_leaf_nodes_interfaces/bt_leaf_nodes_interfaces_s__rosidl_typesupport_introspection_c.cpython-310-x86_64-linux-gnu.so
[4.034s] -- Set runtime path of "/home/mcolledanchise/behavior-stack-example/libs/ros2_bt_nodes/ws/src/install/bt_leaf_nodes_interfaces/local/lib/python3.10/dist-packages/bt_leaf_nodes_interfaces/bt_leaf_nodes_interfaces_s__rosidl_typesupport_introspection_c.cpython-310-x86_64-linux-gnu.so" to ""
[4.034s] -- Installing: /home/mcolledanchise/behavior-stack-example/libs/ros2_bt_nodes/ws/src/install/bt_leaf_nodes_interfaces/local/lib/python3.10/dist-packages/bt_leaf_nodes_interfaces/bt_leaf_nodes_interfaces_s__rosidl_typesupport_c.cpython-310-x86_64-linux-gnu.so
[4.035s] -- Set runtime path of "/home/mcolledanchise/behavior-stack-example/libs/ros2_bt_nodes/ws/src/install/bt_leaf_nodes_interfaces/local/lib/python3.10/dist-packages/bt_leaf_nodes_interfaces/bt_leaf_nodes_interfaces_s__rosidl_typesupport_c.cpython-310-x86_64-linux-gnu.so" to ""
[4.035s] -- Installing: /home/mcolledanchise/behavior-stack-example/libs/ros2_bt_nodes/ws/src/install/bt_leaf_nodes_interfaces/lib/libbt_leaf_nodes_interfaces__rosidl_generator_py.so
[4.035s] -- Set runtime path of "/home/mcolledanchise/behavior-stack-example/libs/ros2_bt_nodes/ws/src/install/bt_leaf_nodes_interfaces/lib/libbt_leaf_nodes_interfaces__rosidl_generator_py.so" to ""
[4.035s] -- Installing: /home/mcolledanchise/behavior-stack-example/libs/ros2_bt_nodes/ws/src/install/bt_leaf_nodes_interfaces/share/bt_leaf_nodes_interfaces/action/BT.idl
[4.036s] -- Installing: /home/mcolledanchise/behavior-stack-example/libs/ros2_bt_nodes/ws/src/install/bt_leaf_nodes_interfaces/share/bt_leaf_nodes_interfaces/action/BT.action
[4.036s] -- Up-to-date: /home/mcolledanchise/behavior-stack-example/libs/ros2_bt_nodes/ws/src/install/bt_leaf_nodes_interfaces/share/ament_index/resource_index/package_run_dependencies/bt_leaf_nodes_interfaces
[4.036s] -- Up-to-date: /home/mcolledanchise/behavior-stack-example/libs/ros2_bt_nodes/ws/src/install/bt_leaf_nodes_interfaces/share/ament_index/resource_index/parent_prefix_path/bt_leaf_nodes_interfaces
[4.036s] -- Up-to-date: /home/mcolledanchise/behavior-stack-example/libs/ros2_bt_nodes/ws/src/install/bt_leaf_nodes_interfaces/share/bt_leaf_nodes_interfaces/environment/ament_prefix_path.sh
[4.037s] -- Installing: /home/mcolledanchise/behavior-stack-example/libs/ros2_bt_nodes/ws/src/install/bt_leaf_nodes_interfaces/share/bt_leaf_nodes_interfaces/environment/ament_prefix_path.dsv
[4.037s] -- Up-to-date: /home/mcolledanchise/behavior-stack-example/libs/ros2_bt_nodes/ws/src/install/bt_leaf_nodes_interfaces/share/bt_leaf_nodes_interfaces/environment/path.sh
[4.037s] -- Installing: /home/mcolledanchise/behavior-stack-example/libs/ros2_bt_nodes/ws/src/install/bt_leaf_nodes_interfaces/share/bt_leaf_nodes_interfaces/environment/path.dsv
[4.038s] -- Up-to-date: /home/mcolledanchise/behavior-stack-example/libs/ros2_bt_nodes/ws/src/install/bt_leaf_nodes_interfaces/share/bt_leaf_nodes_interfaces/local_setup.bash
[4.038s] -- Up-to-date: /home/mcolledanchise/behavior-stack-example/libs/ros2_bt_nodes/ws/src/install/bt_leaf_nodes_interfaces/share/bt_leaf_nodes_interfaces/local_setup.sh
[4.038s] -- Up-to-date: /home/mcolledanchise/behavior-stack-example/libs/ros2_bt_nodes/ws/src/install/bt_leaf_nodes_interfaces/share/bt_leaf_nodes_interfaces/local_setup.zsh
[4.038s] -- Installing: /home/mcolledanchise/behavior-stack-example/libs/ros2_bt_nodes/ws/src/install/bt_leaf_nodes_interfaces/share/bt_leaf_nodes_interfaces/local_setup.dsv
[4.038s] -- Installing: /home/mcolledanchise/behavior-stack-example/libs/ros2_bt_nodes/ws/src/install/bt_leaf_nodes_interfaces/share/bt_leaf_nodes_interfaces/package.dsv
[4.039s] -- Up-to-date: /home/mcolledanchise/behavior-stack-example/libs/ros2_bt_nodes/ws/src/install/bt_leaf_nodes_interfaces/share/ament_index/resource_index/packages/bt_leaf_nodes_interfaces
[4.039s] -- Up-to-date: /home/mcolledanchise/behavior-stack-example/libs/ros2_bt_nodes/ws/src/install/bt_leaf_nodes_interfaces/share/bt_leaf_nodes_interfaces/cmake/export_bt_leaf_nodes_interfaces__rosidl_generator_cExport.cmake
[4.039s] -- Up-to-date: /home/mcolledanchise/behavior-stack-example/libs/ros2_bt_nodes/ws/src/install/bt_leaf_nodes_interfaces/share/bt_leaf_nodes_interfaces/cmake/export_bt_leaf_nodes_interfaces__rosidl_generator_cExport-noconfig.cmake
[4.039s] -- Up-to-date: /home/mcolledanchise/behavior-stack-example/libs/ros2_bt_nodes/ws/src/install/bt_leaf_nodes_interfaces/share/bt_leaf_nodes_interfaces/cmake/export_bt_leaf_nodes_interfaces__rosidl_typesupport_fastrtps_cExport.cmake
[4.039s] -- Up-to-date: /home/mcolledanchise/behavior-stack-example/libs/ros2_bt_nodes/ws/src/install/bt_leaf_nodes_interfaces/share/bt_leaf_nodes_interfaces/cmake/export_bt_leaf_nodes_interfaces__rosidl_typesupport_fastrtps_cExport-noconfig.cmake
[4.039s] -- Up-to-date: /home/mcolledanchise/behavior-stack-example/libs/ros2_bt_nodes/ws/src/install/bt_leaf_nodes_interfaces/share/bt_leaf_nodes_interfaces/cmake/bt_leaf_nodes_interfaces__rosidl_typesupport_introspection_cExport.cmake
[4.040s] -- Up-to-date: /home/mcolledanchise/behavior-stack-example/libs/ros2_bt_nodes/ws/src/install/bt_leaf_nodes_interfaces/share/bt_leaf_nodes_interfaces/cmake/bt_leaf_nodes_interfaces__rosidl_typesupport_introspection_cExport-noconfig.cmake
[4.040s] -- Up-to-date: /home/mcolledanchise/behavior-stack-example/libs/ros2_bt_nodes/ws/src/install/bt_leaf_nodes_interfaces/share/bt_leaf_nodes_interfaces/cmake/bt_leaf_nodes_interfaces__rosidl_typesupport_cExport.cmake
[4.040s] -- Up-to-date: /home/mcolledanchise/behavior-stack-example/libs/ros2_bt_nodes/ws/src/install/bt_leaf_nodes_interfaces/share/bt_leaf_nodes_interfaces/cmake/bt_leaf_nodes_interfaces__rosidl_typesupport_cExport-noconfig.cmake
[4.040s] -- Up-to-date: /home/mcolledanchise/behavior-stack-example/libs/ros2_bt_nodes/ws/src/install/bt_leaf_nodes_interfaces/share/bt_leaf_nodes_interfaces/cmake/export_bt_leaf_nodes_interfaces__rosidl_generator_cppExport.cmake
[4.040s] -- Up-to-date: /home/mcolledanchise/behavior-stack-example/libs/ros2_bt_nodes/ws/src/install/bt_leaf_nodes_interfaces/share/bt_leaf_nodes_interfaces/cmake/export_bt_leaf_nodes_interfaces__rosidl_typesupport_fastrtps_cppExport.cmake
[4.040s] -- Up-to-date: /home/mcolledanchise/behavior-stack-example/libs/ros2_bt_nodes/ws/src/install/bt_leaf_nodes_interfaces/share/bt_leaf_nodes_interfaces/cmake/export_bt_leaf_nodes_interfaces__rosidl_typesupport_fastrtps_cppExport-noconfig.cmake
[4.041s] -- Up-to-date: /home/mcolledanchise/behavior-stack-example/libs/ros2_bt_nodes/ws/src/install/bt_leaf_nodes_interfaces/share/bt_leaf_nodes_interfaces/cmake/bt_leaf_nodes_interfaces__rosidl_typesupport_introspection_cppExport.cmake
[4.041s] -- Up-to-date: /home/mcolledanchise/behavior-stack-example/libs/ros2_bt_nodes/ws/src/install/bt_leaf_nodes_interfaces/share/bt_leaf_nodes_interfaces/cmake/bt_leaf_nodes_interfaces__rosidl_typesupport_introspection_cppExport-noconfig.cmake
[4.042s] -- Up-to-date: /home/mcolledanchise/behavior-stack-example/libs/ros2_bt_nodes/ws/src/install/bt_leaf_nodes_interfaces/share/bt_leaf_nodes_interfaces/cmake/bt_leaf_nodes_interfaces__rosidl_typesupport_cppExport.cmake
[4.042s] -- Up-to-date: /home/mcolledanchise/behavior-stack-example/libs/ros2_bt_nodes/ws/src/install/bt_leaf_nodes_interfaces/share/bt_leaf_nodes_interfaces/cmake/bt_leaf_nodes_interfaces__rosidl_typesupport_cppExport-noconfig.cmake
[4.043s] -- Up-to-date: /home/mcolledanchise/behavior-stack-example/libs/ros2_bt_nodes/ws/src/install/bt_leaf_nodes_interfaces/share/bt_leaf_nodes_interfaces/cmake/export_bt_leaf_nodes_interfaces__rosidl_generator_pyExport.cmake
[4.044s] -- Up-to-date: /home/mcolledanchise/behavior-stack-example/libs/ros2_bt_nodes/ws/src/install/bt_leaf_nodes_interfaces/share/bt_leaf_nodes_interfaces/cmake/export_bt_leaf_nodes_interfaces__rosidl_generator_pyExport-noconfig.cmake
[4.044s] -- Up-to-date: /home/mcolledanchise/behavior-stack-example/libs/ros2_bt_nodes/ws/src/install/bt_leaf_nodes_interfaces/share/bt_leaf_nodes_interfaces/cmake/rosidl_cmake-extras.cmake
[4.044s] -- Up-to-date: /home/mcolledanchise/behavior-stack-example/libs/ros2_bt_nodes/ws/src/install/bt_leaf_nodes_interfaces/share/bt_leaf_nodes_interfaces/cmake/ament_cmake_export_dependencies-extras.cmake
[4.044s] -- Up-to-date: /home/mcolledanchise/behavior-stack-example/libs/ros2_bt_nodes/ws/src/install/bt_leaf_nodes_interfaces/share/bt_leaf_nodes_interfaces/cmake/ament_cmake_export_include_directories-extras.cmake
[4.044s] -- Up-to-date: /home/mcolledanchise/behavior-stack-example/libs/ros2_bt_nodes/ws/src/install/bt_leaf_nodes_interfaces/share/bt_leaf_nodes_interfaces/cmake/ament_cmake_export_libraries-extras.cmake
[4.044s] -- Up-to-date: /home/mcolledanchise/behavior-stack-example/libs/ros2_bt_nodes/ws/src/install/bt_leaf_nodes_interfaces/share/bt_leaf_nodes_interfaces/cmake/ament_cmake_export_targets-extras.cmake
[4.044s] -- Up-to-date: /home/mcolledanchise/behavior-stack-example/libs/ros2_bt_nodes/ws/src/install/bt_leaf_nodes_interfaces/share/bt_leaf_nodes_interfaces/cmake/rosidl_cmake_export_typesupport_targets-extras.cmake
[4.045s] -- Up-to-date: /home/mcolledanchise/behavior-stack-example/libs/ros2_bt_nodes/ws/src/install/bt_leaf_nodes_interfaces/share/bt_leaf_nodes_interfaces/cmake/rosidl_cmake_export_typesupport_libraries-extras.cmake
[4.045s] -- Up-to-date: /home/mcolledanchise/behavior-stack-example/libs/ros2_bt_nodes/ws/src/install/bt_leaf_nodes_interfaces/share/bt_leaf_nodes_interfaces/cmake/bt_leaf_nodes_interfacesConfig.cmake
[4.045s] -- Up-to-date: /home/mcolledanchise/behavior-stack-example/libs/ros2_bt_nodes/ws/src/install/bt_leaf_nodes_interfaces/share/bt_leaf_nodes_interfaces/cmake/bt_leaf_nodes_interfacesConfig-version.cmake
[4.045s] -- Up-to-date: /home/mcolledanchise/behavior-stack-example/libs/ros2_bt_nodes/ws/src/install/bt_leaf_nodes_interfaces/share/bt_leaf_nodes_interfaces/package.xml
[4.045s] Invoked command in '/home/mcolledanchise/behavior-stack-example/libs/ros2_bt_nodes/ws/src/build/bt_leaf_nodes_interfaces' returned '0': CMAKE_PREFIX_PATH=/opt/ros/humble /usr/bin/cmake --install /home/mcolledanchise/behavior-stack-example/libs/ros2_bt_nodes/ws/src/build/bt_leaf_nodes_interfaces
