[0.011s] Invoking command in '/home/mcolledanchise/behavior-stack-example/libs/ros2_bt_nodes/ws/src/build/bt_leaf_nodes_interfaces': CMAKE_PREFIX_PATH=/opt/ros/humble /usr/bin/cmake /home/mcolledanchise/behavior-stack-example/libs/ros2_bt_nodes/ws/src/bt_leaf_nodes_interfaces -DCMAKE_INSTALL_PREFIX=/home/mcolledanchise/behavior-stack-example/libs/ros2_bt_nodes/ws/src/install/bt_leaf_nodes_interfaces
[0.086s] -- The C compiler identification is GNU 11.2.0
[0.325s] -- The CXX compiler identification is GNU 11.2.0
[0.510s] -- Detecting C compiler ABI info
[0.638s] -- Detecting C compiler ABI info - done
[0.645s] -- Check for working C compiler: /usr/bin/cc - skipped
[0.645s] -- Detecting C compile features
[0.645s] -- Detecting C compile features - done
[0.648s] -- Detecting CXX compiler ABI info
[0.763s] -- Detecting CXX compiler ABI info - done
[0.769s] -- Check for working CXX compiler: /usr/bin/c++ - skipped
[0.769s] -- Detecting CXX compile features
[0.770s] -- Detecting CXX compile features - done
[0.773s] -- Found ament_cmake: 1.3.2 (/opt/ros/humble/share/ament_cmake/cmake)
[0.911s] -- Found Python3: /usr/bin/python3.10 (found version "3.10.4") found components: Interpreter 
[0.980s] -- Found ament_lint_auto: 0.12.4 (/opt/ros/humble/share/ament_lint_auto/cmake)
[1.049s] -- Found rosidl_default_generators: 1.2.0 (/opt/ros/humble/share/rosidl_default_generators/cmake)
[1.055s] -- Using all available rosidl_typesupport_c: rosidl_typesupport_fastrtps_c;rosidl_typesupport_introspection_c
[1.060s] -- Found rosidl_adapter: 3.1.3 (/opt/ros/humble/share/rosidl_adapter/cmake)
[1.205s] -- Using all available rosidl_typesupport_cpp: rosidl_typesupport_fastrtps_cpp;rosidl_typesupport_introspection_cpp
[1.413s] [31mCMake Error at /opt/ros/humble/share/rosidl_adapter/cmake/rosidl_adapt_interfaces.cmake:59 (message):
[1.413s]   execute_process(/usr/bin/python3.10 -m rosidl_adapter --package-name
[1.413s]   bt_leaf_nodes_interfaces --arguments-file
[1.413s]   /home/mcolledanchise/behavior-stack-example/libs/ros2_bt_nodes/ws/src/build/bt_leaf_nodes_interfaces/rosidl_adapter__arguments__bt_leaf_nodes_interfaces.json
[1.413s]   --output-dir
[1.414s]   /home/mcolledanchise/behavior-stack-example/libs/ros2_bt_nodes/ws/src/build/bt_leaf_nodes_interfaces/rosidl_adapter/bt_leaf_nodes_interfaces
[1.414s]   --output-file
[1.414s]   /home/mcolledanchise/behavior-stack-example/libs/ros2_bt_nodes/ws/src/build/bt_leaf_nodes_interfaces/rosidl_adapter/bt_leaf_nodes_interfaces.idls)
[1.414s]   returned error code 1:
[1.414s] 
[1.414s]   Error processing 'int command' of 'bt_leaf_nodes_interfaces/BT_Goal':
[1.414s]   ''int' is an invalid message name.  It should have the pattern
[1.414s]   '^[A-Z][A-Za-z0-9]*$''
[1.414s] 
[1.414s]   Traceback (most recent call last):
[1.414s] 
[1.414s]     File "/usr/lib/python3.10/runpy.py", line 196, in _run_module_as_main
[1.415s]       return _run_code(code, main_globals, None,
[1.415s]     File "/usr/lib/python3.10/runpy.py", line 86, in _run_code
[1.415s]       exec(code, run_globals)
[1.415s]     File "/opt/ros/humble/local/lib/python3.10/dist-packages/rosidl_adapter/__main__.py", line 19, in <module>
[1.415s]       sys.exit(main())
[1.415s]     File "/opt/ros/humble/local/lib/python3.10/dist-packages/rosidl_adapter/main.py", line 53, in main
[1.415s]       abs_idl_file = convert_to_idl(
[1.415s]     File "/opt/ros/humble/local/lib/python3.10/dist-packages/rosidl_adapter/__init__.py", line 29, in convert_to_idl
[1.415s]       return convert_action_to_idl(
[1.415s]     File "/opt/ros/humble/local/lib/python3.10/dist-packages/rosidl_adapter/action/__init__.py", line 28, in convert_action_to_idl
[1.415s]       action = parse_action_string(package_name, input_file.stem, content)
[1.415s]     File "/opt/ros/humble/local/lib/python3.10/dist-packages/rosidl_adapter/parser.py", line 902, in parse_action_string
[1.415s]       goal_message = parse_message_string(
[1.415s]     File "/opt/ros/humble/local/lib/python3.10/dist-packages/rosidl_adapter/parser.py", line 520, in parse_message_string
[1.415s]       Type(type_string, context_package_name=pkg_name),
[1.415s]     File "/opt/ros/humble/local/lib/python3.10/dist-packages/rosidl_adapter/parser.py", line 277, in __init__
[1.415s]       super(Type, self).__init__(
[1.416s]     File "/opt/ros/humble/local/lib/python3.10/dist-packages/rosidl_adapter/parser.py", line 205, in __init__
[1.416s]       raise InvalidResourceName(
[1.416s] 
[1.416s]   rosidl_adapter.parser.InvalidResourceName: 'int' is an invalid message
[1.416s]   name.  It should have the pattern '^[A-Z][A-Za-z0-9]*$'
[1.416s] 
[1.416s] Call Stack (most recent call first):
[1.416s]   /opt/ros/humble/share/rosidl_cmake/cmake/rosidl_generate_interfaces.cmake:130 (rosidl_adapt_interfaces)
[1.416s]   CMakeLists.txt:27 (rosidl_generate_interfaces)
[1.416s] 
[1.416s] [0m
[1.416s] -- Configuring incomplete, errors occurred!
[1.416s] See also "/home/mcolledanchise/behavior-stack-example/libs/ros2_bt_nodes/ws/src/build/bt_leaf_nodes_interfaces/CMakeFiles/CMakeOutput.log".
[1.422s] Invoked command in '/home/mcolledanchise/behavior-stack-example/libs/ros2_bt_nodes/ws/src/build/bt_leaf_nodes_interfaces' returned '1': CMAKE_PREFIX_PATH=/opt/ros/humble /usr/bin/cmake /home/mcolledanchise/behavior-stack-example/libs/ros2_bt_nodes/ws/src/bt_leaf_nodes_interfaces -DCMAKE_INSTALL_PREFIX=/home/mcolledanchise/behavior-stack-example/libs/ros2_bt_nodes/ws/src/install/bt_leaf_nodes_interfaces
