[ 50%] [32mBuilding CXX object CMakeFiles/bt_node_server.dir/rclcpp_components/node_main_bt_node_server.cpp.o[0m
[ 50%] [32mBuilding CXX object CMakeFiles/BT_node_server.dir/src/bt_action_node_server.cpp.o[0m
[ 75%] [32m[1mLinking CXX executable bt_node_server[0m
[ 75%] Built target bt_node_server
[100%] [32m[1mLinking CXX shared library libBT_node_server.so[0m
[100%] Built target BT_node_server
-- Install configuration: ""
-- Installing: /home/mcolledanchise/behavior-stack-example/libs/ros2_bt_nodes/ws/src/install/bt_leaf_nodes_servers/lib/bt_leaf_nodes_servers/bt_node_server
-- Set runtime path of "/home/mcolledanchise/behavior-stack-example/libs/ros2_bt_nodes/ws/src/install/bt_leaf_nodes_servers/lib/bt_leaf_nodes_servers/bt_node_server" to ""
-- Installing: /home/mcolledanchise/behavior-stack-example/libs/ros2_bt_nodes/ws/src/install/bt_leaf_nodes_servers/lib/libBT_node_server.so
-- Set runtime path of "/home/mcolledanchise/behavior-stack-example/libs/ros2_bt_nodes/ws/src/install/bt_leaf_nodes_servers/lib/libBT_node_server.so" to ""
-- Up-to-date: /home/mcolledanchise/behavior-stack-example/libs/ros2_bt_nodes/ws/src/install/bt_leaf_nodes_servers/share/ament_index/resource_index/package_run_dependencies/bt_leaf_nodes_servers
-- Up-to-date: /home/mcolledanchise/behavior-stack-example/libs/ros2_bt_nodes/ws/src/install/bt_leaf_nodes_servers/share/ament_index/resource_index/parent_prefix_path/bt_leaf_nodes_servers
-- Up-to-date: /home/mcolledanchise/behavior-stack-example/libs/ros2_bt_nodes/ws/src/install/bt_leaf_nodes_servers/share/bt_leaf_nodes_servers/environment/ament_prefix_path.sh
-- Up-to-date: /home/mcolledanchise/behavior-stack-example/libs/ros2_bt_nodes/ws/src/install/bt_leaf_nodes_servers/share/bt_leaf_nodes_servers/environment/ament_prefix_path.dsv
-- Up-to-date: /home/mcolledanchise/behavior-stack-example/libs/ros2_bt_nodes/ws/src/install/bt_leaf_nodes_servers/share/bt_leaf_nodes_servers/environment/path.sh
-- Up-to-date: /home/mcolledanchise/behavior-stack-example/libs/ros2_bt_nodes/ws/src/install/bt_leaf_nodes_servers/share/bt_leaf_nodes_servers/environment/path.dsv
-- Up-to-date: /home/mcolledanchise/behavior-stack-example/libs/ros2_bt_nodes/ws/src/install/bt_leaf_nodes_servers/share/bt_leaf_nodes_servers/local_setup.bash
-- Up-to-date: /home/mcolledanchise/behavior-stack-example/libs/ros2_bt_nodes/ws/src/install/bt_leaf_nodes_servers/share/bt_leaf_nodes_servers/local_setup.sh
-- Up-to-date: /home/mcolledanchise/behavior-stack-example/libs/ros2_bt_nodes/ws/src/install/bt_leaf_nodes_servers/share/bt_leaf_nodes_servers/local_setup.zsh
-- Up-to-date: /home/mcolledanchise/behavior-stack-example/libs/ros2_bt_nodes/ws/src/install/bt_leaf_nodes_servers/share/bt_leaf_nodes_servers/local_setup.dsv
-- Installing: /home/mcolledanchise/behavior-stack-example/libs/ros2_bt_nodes/ws/src/install/bt_leaf_nodes_servers/share/bt_leaf_nodes_servers/package.dsv
-- Up-to-date: /home/mcolledanchise/behavior-stack-example/libs/ros2_bt_nodes/ws/src/install/bt_leaf_nodes_servers/share/ament_index/resource_index/packages/bt_leaf_nodes_servers
-- Up-to-date: /home/mcolledanchise/behavior-stack-example/libs/ros2_bt_nodes/ws/src/install/bt_leaf_nodes_servers/share/ament_index/resource_index/rclcpp_components/bt_leaf_nodes_servers
-- Up-to-date: /home/mcolledanchise/behavior-stack-example/libs/ros2_bt_nodes/ws/src/install/bt_leaf_nodes_servers/share/bt_leaf_nodes_servers/cmake/bt_leaf_nodes_serversConfig.cmake
-- Up-to-date: /home/mcolledanchise/behavior-stack-example/libs/ros2_bt_nodes/ws/src/install/bt_leaf_nodes_servers/share/bt_leaf_nodes_servers/cmake/bt_leaf_nodes_serversConfig-version.cmake
-- Up-to-date: /home/mcolledanchise/behavior-stack-example/libs/ros2_bt_nodes/ws/src/install/bt_leaf_nodes_servers/share/bt_leaf_nodes_servers/package.xml
