[0.051s] Invoking command in '/home/mcolledanchise/behavior-stack-example/libs/ros2_bt_nodes/ws/src/build/bt_leaf_nodes_clients': AMENT_PREFIX_PATH=/home/mcolledanchise/behavior-stack-example/libs/ros2_bt_nodes/ws/src/install/bt_leaf_nodes_interfaces:${AMENT_PREFIX_PATH} CMAKE_PREFIX_PATH=/home/mcolledanchise/behavior-stack-example/libs/ros2_bt_nodes/ws/src/install/bt_leaf_nodes_interfaces:/opt/ros/humble LD_LIBRARY_PATH=/home/mcolledanchise/behavior-stack-example/libs/ros2_bt_nodes/ws/src/install/bt_leaf_nodes_interfaces/lib:${LD_LIBRARY_PATH} PYTHONPATH=/home/mcolledanchise/behavior-stack-example/libs/ros2_bt_nodes/ws/src/install/bt_leaf_nodes_interfaces/local/lib/python3.10/dist-packages:${PYTHONPATH} /usr/bin/cmake --build /home/mcolledanchise/behavior-stack-example/libs/ros2_bt_nodes/ws/src/build/bt_leaf_nodes_clients -- -j8 -l8
[0.066s] -- Found ament_cmake: 1.3.2 (/opt/ros/humble/share/ament_cmake/cmake)
[0.181s] -- Found bt_leaf_nodes_interfaces: 0.0.0 (/home/mcolledanchise/behavior-stack-example/libs/ros2_bt_nodes/ws/src/install/bt_leaf_nodes_interfaces/share/bt_leaf_nodes_interfaces/cmake)
[0.290s] -- Found rosidl_generator_c: 3.1.3 (/opt/ros/humble/share/rosidl_generator_c/cmake)
[0.294s] -- Found rosidl_adapter: 3.1.3 (/opt/ros/humble/share/rosidl_adapter/cmake)
[0.300s] -- Found rosidl_generator_cpp: 3.1.3 (/opt/ros/humble/share/rosidl_generator_cpp/cmake)
[0.310s] -- Using all available rosidl_typesupport_c: rosidl_typesupport_fastrtps_c;rosidl_typesupport_introspection_c
[0.326s] -- Using all available rosidl_typesupport_cpp: rosidl_typesupport_fastrtps_cpp;rosidl_typesupport_introspection_cpp
[0.454s] -- Found rclcpp: 16.0.1 (/opt/ros/humble/share/rclcpp/cmake)
[0.492s] -- Found rmw_implementation_cmake: 6.1.0 (/opt/ros/humble/share/rmw_implementation_cmake/cmake)
[0.493s] -- Found rmw_fastrtps_cpp: 6.2.1 (/opt/ros/humble/share/rmw_fastrtps_cpp/cmake)
[3.889s] -- Using RMW implementation 'rmw_fastrtps_cpp' as default
[4.023s] -- Found rclcpp_action: 16.0.1 (/opt/ros/humble/share/rclcpp_action/cmake)
[4.047s] -- Found rclcpp_components: 16.0.1 (/opt/ros/humble/share/rclcpp_components/cmake)
[4.096s] -- Found ament_lint_auto: 0.12.4 (/opt/ros/humble/share/ament_lint_auto/cmake)
[4.153s] -- Added test 'cppcheck' to perform static code analysis on C / C++ code
[4.153s] -- Configured cppcheck include dirs: $<BUILD_INTERFACE:/home/mcolledanchise/behavior-stack-example/libs/ros2_bt_nodes/ws/src/bt_leaf_nodes_clients/include>
[4.153s] -- Configured cppcheck exclude dirs and/or files: 
[4.153s] -- Added test 'lint_cmake' to check CMake code style
[4.154s] -- Added test 'uncrustify' to check C / C++ code style
[4.154s] -- Configured uncrustify additional arguments: 
[4.154s] -- Added test 'xmllint' to check XML markup files
[4.155s] -- Configuring done
[4.166s] -- Generating done
[4.168s] -- Build files have been written to: /home/mcolledanchise/behavior-stack-example/libs/ros2_bt_nodes/ws/src/build/bt_leaf_nodes_clients
[4.193s] [ 50%] [32mBuilding CXX object CMakeFiles/BT_node_client.dir/src/bt_leaf_node_client.cpp.o[0m
[4.193s] [ 50%] [32mBuilding CXX object CMakeFiles/bt_node_client.dir/rclcpp_components/node_main_bt_node_client.cpp.o[0m
[6.716s] [01m[K/home/mcolledanchise/behavior-stack-example/libs/ros2_bt_nodes/ws/src/bt_leaf_nodes_clients/src/bt_leaf_node_client.cpp:[m[K In member function ‘[01m[Kvoid BT_leaf_nodes_servers::BTNodeClient::feedback_callback(rclcpp_action::ClientGoalHandle<bt_leaf_nodes_interfaces::action::BT>::SharedPtr, std::shared_ptr<const bt_leaf_nodes_interfaces::action::BT_Feedback_<std::allocator<void> > >)[m[K’:
[6.716s] [01m[K/home/mcolledanchise/behavior-stack-example/libs/ros2_bt_nodes/ws/src/bt_leaf_nodes_clients/src/bt_leaf_node_client.cpp:78:34:[m[K [01;31m[Kerror: [m[K‘[01m[Kusing element_type = const struct bt_leaf_nodes_interfaces::action::BT_Feedback_<std::allocator<void> >[m[K’ {aka ‘[01m[Kconst struct bt_leaf_nodes_interfaces::action::BT_Feedback_<std::allocator<void> >[m[K’} has no member named ‘[01m[Kpartial_sequence[m[K’
[6.716s]    78 |     for (auto number : feedback->[01;31m[Kpartial_sequence[m[K) {
[6.716s]       |                                  [01;31m[K^~~~~~~~~~~~~~~~[m[K
[6.717s] [01m[K/home/mcolledanchise/behavior-stack-example/libs/ros2_bt_nodes/ws/src/bt_leaf_nodes_clients/src/bt_leaf_node_client.cpp:[m[K In member function ‘[01m[Kvoid BT_leaf_nodes_servers::BTNodeClient::result_callback(const rclcpp_action::ClientGoalHandle<bt_leaf_nodes_interfaces::action::BT>::WrappedResult&)[m[K’:
[6.718s] [01m[K/home/mcolledanchise/behavior-stack-example/libs/ros2_bt_nodes/ws/src/bt_leaf_nodes_clients/src/bt_leaf_node_client.cpp:101:39:[m[K [01;31m[Kerror: [m[K‘[01m[Kusing element_type = struct bt_leaf_nodes_interfaces::action::BT_Result_<std::allocator<void> >[m[K’ {aka ‘[01m[Kstruct bt_leaf_nodes_interfaces::action::BT_Result_<std::allocator<void> >[m[K’} has no member named ‘[01m[Ksequence[m[K’
[6.718s]   101 |     for (auto number : result.result->[01;31m[Ksequence[m[K) {
[6.718s]       |                                       [01;31m[K^~~~~~~~[m[K
[7.256s] [ 75%] [32m[1mLinking CXX executable bt_node_client[0m
[7.427s] [ 75%] Built target bt_node_client
[7.525s] gmake[2]: *** [CMakeFiles/BT_node_client.dir/build.make:76: CMakeFiles/BT_node_client.dir/src/bt_leaf_node_client.cpp.o] Error 1
[7.525s] gmake[1]: *** [CMakeFiles/Makefile2:139: CMakeFiles/BT_node_client.dir/all] Error 2
[7.526s] gmake: *** [Makefile:146: all] Error 2
[7.529s] Invoked command in '/home/mcolledanchise/behavior-stack-example/libs/ros2_bt_nodes/ws/src/build/bt_leaf_nodes_clients' returned '2': AMENT_PREFIX_PATH=/home/mcolledanchise/behavior-stack-example/libs/ros2_bt_nodes/ws/src/install/bt_leaf_nodes_interfaces:${AMENT_PREFIX_PATH} CMAKE_PREFIX_PATH=/home/mcolledanchise/behavior-stack-example/libs/ros2_bt_nodes/ws/src/install/bt_leaf_nodes_interfaces:/opt/ros/humble LD_LIBRARY_PATH=/home/mcolledanchise/behavior-stack-example/libs/ros2_bt_nodes/ws/src/install/bt_leaf_nodes_interfaces/lib:${LD_LIBRARY_PATH} PYTHONPATH=/home/mcolledanchise/behavior-stack-example/libs/ros2_bt_nodes/ws/src/install/bt_leaf_nodes_interfaces/local/lib/python3.10/dist-packages:${PYTHONPATH} /usr/bin/cmake --build /home/mcolledanchise/behavior-stack-example/libs/ros2_bt_nodes/ws/src/build/bt_leaf_nodes_clients -- -j8 -l8
