[35m[1mConsolidate compiler generated dependencies of target BT_node_server[0m
[ 50%] Built target bt_node_server
[ 75%] [32mBuilding CXX object CMakeFiles/BT_node_server.dir/src/bt_action_node_server.cpp.o[0m
[01m[K/home/mcolledanchise/behavior-stack-example/libs/ros2_bt_nodes/ws/src/bt_leaf_nodes_servers/src/bt_action_node_server.cpp:[m[K In member function ‘[01m[Kvoid BT_leaf_nodes_servers::BTNodeServer::execute(std::shared_ptr<bt_leaf_nodes_interfaces::action::BT>)[m[K’:
[01m[K/home/mcolledanchise/behavior-stack-example/libs/ros2_bt_nodes/ws/src/bt_leaf_nodes_servers/src/bt_action_node_server.cpp:65:36:[m[K [01;31m[Kerror: [m[K‘[01m[Kusing element_type = struct bt_leaf_nodes_interfaces::action::BT[m[K’ {aka ‘[01m[Kstruct bt_leaf_nodes_interfaces::action::BT[m[K’} has no member named ‘[01m[Kget_goal[m[K’
   65 |     const auto goal = goal_handle->[01;31m[Kget_goal[m[K();
      |                                    [01;31m[K^~~~~~~~[m[K
[01m[K/home/mcolledanchise/behavior-stack-example/libs/ros2_bt_nodes/ws/src/bt_leaf_nodes_servers/src/bt_action_node_server.cpp:67:33:[m[K [01;31m[Kerror: [m[K‘[01m[Kusing element_type = struct bt_leaf_nodes_interfaces::action::BT_Feedback_<std::allocator<void> >[m[K’ {aka ‘[01m[Kstruct bt_leaf_nodes_interfaces::action::BT_Feedback_<std::allocator<void> >[m[K’} has no member named ‘[01m[Kpartial_sequence[m[K’
   67 |     auto & sequence = feedback->[01;31m[Kpartial_sequence[m[K;
      |                                 [01;31m[K^~~~~~~~~~~~~~~~[m[K
[01m[K/home/mcolledanchise/behavior-stack-example/libs/ros2_bt_nodes/ws/src/bt_leaf_nodes_servers/src/bt_action_node_server.cpp:74:24:[m[K [01;31m[Kerror: [m[K‘[01m[Kusing element_type = struct bt_leaf_nodes_interfaces::action::BT[m[K’ {aka ‘[01m[Kstruct bt_leaf_nodes_interfaces::action::BT[m[K’} has no member named ‘[01m[Kis_canceling[m[K’
   74 |       if (goal_handle->[01;31m[Kis_canceling[m[K()) {
      |                        [01;31m[K^~~~~~~~~~~~[m[K
[01m[K/home/mcolledanchise/behavior-stack-example/libs/ros2_bt_nodes/ws/src/bt_leaf_nodes_servers/src/bt_action_node_server.cpp:76:22:[m[K [01;31m[Kerror: [m[K‘[01m[Kusing element_type = struct bt_leaf_nodes_interfaces::action::BT[m[K’ {aka ‘[01m[Kstruct bt_leaf_nodes_interfaces::action::BT[m[K’} has no member named ‘[01m[Kcanceled[m[K’
   76 |         goal_handle->[01;31m[Kcanceled[m[K(result);
      |                      [01;31m[K^~~~~~~~[m[K
[01m[K/home/mcolledanchise/behavior-stack-example/libs/ros2_bt_nodes/ws/src/bt_leaf_nodes_servers/src/bt_action_node_server.cpp:83:20:[m[K [01;31m[Kerror: [m[K‘[01m[Kusing element_type = struct bt_leaf_nodes_interfaces::action::BT[m[K’ {aka ‘[01m[Kstruct bt_leaf_nodes_interfaces::action::BT[m[K’} has no member named ‘[01m[Kpublish_feedback[m[K’
   83 |       goal_handle->[01;31m[Kpublish_feedback[m[K(feedback);
      |                    [01;31m[K^~~~~~~~~~~~~~~~[m[K
[01m[K/home/mcolledanchise/behavior-stack-example/libs/ros2_bt_nodes/ws/src/bt_leaf_nodes_servers/src/bt_action_node_server.cpp:91:15:[m[K [01;31m[Kerror: [m[K‘[01m[Kusing element_type = struct bt_leaf_nodes_interfaces::action::BT_Result_<std::allocator<void> >[m[K’ {aka ‘[01m[Kstruct bt_leaf_nodes_interfaces::action::BT_Result_<std::allocator<void> >[m[K’} has no member named ‘[01m[Kfinal_return_status[m[K’; did you mean ‘[01m[Kcurrent_return_status[m[K’?
   91 |       result->[01;31m[Kfinal_return_status[m[K = sequence;
      |               [01;31m[K^~~~~~~~~~~~~~~~~~~[m[K
      |               [32m[Kcurrent_return_status[m[K
[01m[K/home/mcolledanchise/behavior-stack-example/libs/ros2_bt_nodes/ws/src/bt_leaf_nodes_servers/src/bt_action_node_server.cpp:92:20:[m[K [01;31m[Kerror: [m[K‘[01m[Kusing element_type = struct bt_leaf_nodes_interfaces::action::BT[m[K’ {aka ‘[01m[Kstruct bt_leaf_nodes_interfaces::action::BT[m[K’} has no member named ‘[01m[Ksucceed[m[K’
   92 |       goal_handle->[01;31m[Ksucceed[m[K(result);
      |                    [01;31m[K^~~~~~~[m[K
In file included from [01m[K/usr/include/c++/11/thread:43[m[K,
                 from [01m[K/home/mcolledanchise/behavior-stack-example/libs/ros2_bt_nodes/ws/src/bt_leaf_nodes_servers/src/bt_action_node_server.cpp:3[m[K:
/usr/include/c++/11/bits/std_thread.h: In instantiation of ‘[01m[Kstd::thread::thread(_Callable&&, _Args&& ...) [with _Callable = std::_Bind<void (BT_leaf_nodes_servers::BTNodeServer::*(BT_leaf_nodes_servers::BTNodeServer*, std::_Placeholder<1>))(std::shared_ptr<bt_leaf_nodes_interfaces::action::BT>)>; _Args = {const std::shared_ptr<rclcpp_action::ServerGoalHandle<bt_leaf_nodes_interfaces::action::BT> >&}; <template-parameter-1-3> = void][m[K’:
[01m[K/home/mcolledanchise/behavior-stack-example/libs/ros2_bt_nodes/ws/src/bt_leaf_nodes_servers/src/bt_action_node_server.cpp:58:73:[m[K   required from here
[01m[K/usr/include/c++/11/bits/std_thread.h:130:72:[m[K [01;31m[Kerror: [m[Kstatic assertion failed: std::thread arguments must be invocable after conversion to rvalues
  130 |                                       typename decay<_Args>::type...>::[01;31m[Kvalue[m[K,
      |                                                                        [01;31m[K^~~~~[m[K
[01m[K/usr/include/c++/11/bits/std_thread.h:130:72:[m[K [01;36m[Knote: [m[K‘[01m[Kstd::integral_constant<bool, false>::value[m[K’ evaluates to false
/usr/include/c++/11/bits/std_thread.h: In instantiation of ‘[01m[Kstruct std::thread::_Invoker<std::tuple<std::_Bind<void (BT_leaf_nodes_servers::BTNodeServer::*(BT_leaf_nodes_servers::BTNodeServer*, std::_Placeholder<1>))(std::shared_ptr<bt_leaf_nodes_interfaces::action::BT>)>, std::shared_ptr<rclcpp_action::ServerGoalHandle<bt_leaf_nodes_interfaces::action::BT> > > >[m[K’:
[01m[K/usr/include/c++/11/bits/std_thread.h:203:13:[m[K   required from ‘[01m[Kstruct std::thread::_State_impl<std::thread::_Invoker<std::tuple<std::_Bind<void (BT_leaf_nodes_servers::BTNodeServer::*(BT_leaf_nodes_servers::BTNodeServer*, std::_Placeholder<1>))(std::shared_ptr<bt_leaf_nodes_interfaces::action::BT>)>, std::shared_ptr<rclcpp_action::ServerGoalHandle<bt_leaf_nodes_interfaces::action::BT> > > > >[m[K’
[01m[K/usr/include/c++/11/bits/std_thread.h:143:29:[m[K   required from ‘[01m[Kstd::thread::thread(_Callable&&, _Args&& ...) [with _Callable = std::_Bind<void (BT_leaf_nodes_servers::BTNodeServer::*(BT_leaf_nodes_servers::BTNodeServer*, std::_Placeholder<1>))(std::shared_ptr<bt_leaf_nodes_interfaces::action::BT>)>; _Args = {const std::shared_ptr<rclcpp_action::ServerGoalHandle<bt_leaf_nodes_interfaces::action::BT> >&}; <template-parameter-1-3> = void][m[K’
[01m[K/home/mcolledanchise/behavior-stack-example/libs/ros2_bt_nodes/ws/src/bt_leaf_nodes_servers/src/bt_action_node_server.cpp:58:73:[m[K   required from here
[01m[K/usr/include/c++/11/bits/std_thread.h:252:11:[m[K [01;31m[Kerror: [m[Kno type named ‘[01m[Ktype[m[K’ in ‘[01m[Kstruct std::thread::_Invoker<std::tuple<std::_Bind<void (BT_leaf_nodes_servers::BTNodeServer::*(BT_leaf_nodes_servers::BTNodeServer*, std::_Placeholder<1>))(std::shared_ptr<bt_leaf_nodes_interfaces::action::BT>)>, std::shared_ptr<rclcpp_action::ServerGoalHandle<bt_leaf_nodes_interfaces::action::BT> > > >::__result<std::tuple<std::_Bind<void (BT_leaf_nodes_servers::BTNodeServer::*(BT_leaf_nodes_servers::BTNodeServer*, std::_Placeholder<1>))(std::shared_ptr<bt_leaf_nodes_interfaces::action::BT>)>, std::shared_ptr<rclcpp_action::ServerGoalHandle<bt_leaf_nodes_interfaces::action::BT> > > >[m[K’
  252 |           [01;31m[K_M_invoke[m[K(_Index_tuple<_Ind...>)
      |           [01;31m[K^~~~~~~~~[m[K
[01m[K/usr/include/c++/11/bits/std_thread.h:256:9:[m[K [01;31m[Kerror: [m[Kno type named ‘[01m[Ktype[m[K’ in ‘[01m[Kstruct std::thread::_Invoker<std::tuple<std::_Bind<void (BT_leaf_nodes_servers::BTNodeServer::*(BT_leaf_nodes_servers::BTNodeServer*, std::_Placeholder<1>))(std::shared_ptr<bt_leaf_nodes_interfaces::action::BT>)>, std::shared_ptr<rclcpp_action::ServerGoalHandle<bt_leaf_nodes_interfaces::action::BT> > > >::__result<std::tuple<std::_Bind<void (BT_leaf_nodes_servers::BTNodeServer::*(BT_leaf_nodes_servers::BTNodeServer*, std::_Placeholder<1>))(std::shared_ptr<bt_leaf_nodes_interfaces::action::BT>)>, std::shared_ptr<rclcpp_action::ServerGoalHandle<bt_leaf_nodes_interfaces::action::BT> > > >[m[K’
  256 |         [01;31m[Koperator[m[K()()
      |         [01;31m[K^~~~~~~~[m[K
gmake[2]: *** [CMakeFiles/BT_node_server.dir/build.make:76: CMakeFiles/BT_node_server.dir/src/bt_action_node_server.cpp.o] Error 1
gmake[1]: *** [CMakeFiles/Makefile2:139: CMakeFiles/BT_node_server.dir/all] Error 2
gmake: *** [Makefile:146: all] Error 2
