[0.013s] Invoking command in '/home/mcolledanchise/behavior-stack-example/libs/ros2_bt_nodes/ws/src/build/bt_leaf_nodes_interfaces': CMAKE_PREFIX_PATH=/opt/ros/humble /usr/bin/cmake --build /home/mcolledanchise/behavior-stack-example/libs/ros2_bt_nodes/ws/src/build/bt_leaf_nodes_interfaces -- -j8 -l8
[0.048s] [  3%] Built target bt_leaf_nodes_interfaces__cpp
[0.050s] [ 12%] Built target bt_leaf_nodes_interfaces__rosidl_generator_c
[0.056s] [ 12%] Built target ament_cmake_python_copy_bt_leaf_nodes_interfaces
[0.067s] [ 22%] Built target bt_leaf_nodes_interfaces__rosidl_typesupport_cpp
[0.070s] [ 54%] Built target bt_leaf_nodes_interfaces__rosidl_typesupport_introspection_cpp
[0.070s] [ 54%] Built target bt_leaf_nodes_interfaces__rosidl_typesupport_fastrtps_c
[0.070s] [ 54%] Built target bt_leaf_nodes_interfaces__rosidl_typesupport_introspection_c
[0.071s] [ 61%] Built target bt_leaf_nodes_interfaces__rosidl_typesupport_fastrtps_cpp
[0.073s] [ 70%] Built target bt_leaf_nodes_interfaces__rosidl_typesupport_c
[0.086s] [ 70%] Built target bt_leaf_nodes_interfaces
[0.103s] [ 74%] Built target bt_leaf_nodes_interfaces__py
[0.118s] [ 80%] Built target bt_leaf_nodes_interfaces__rosidl_generator_py
[0.133s] [ 93%] Built target bt_leaf_nodes_interfaces__rosidl_typesupport_c__pyext
[0.133s] [ 93%] Built target bt_leaf_nodes_interfaces__rosidl_typesupport_fastrtps_c__pyext
[0.134s] [100%] Built target bt_leaf_nodes_interfaces__rosidl_typesupport_introspection_c__pyext
[0.256s] running egg_info
[0.257s] writing bt_leaf_nodes_interfaces.egg-info/PKG-INFO
[0.257s] writing dependency_links to bt_leaf_nodes_interfaces.egg-info/dependency_links.txt
[0.257s] writing top-level names to bt_leaf_nodes_interfaces.egg-info/top_level.txt
[0.259s] reading manifest file 'bt_leaf_nodes_interfaces.egg-info/SOURCES.txt'
[0.259s] writing manifest file 'bt_leaf_nodes_interfaces.egg-info/SOURCES.txt'
[0.279s] [100%] Built target ament_cmake_python_build_bt_leaf_nodes_interfaces_egg
[0.288s] Invoked command in '/home/mcolledanchise/behavior-stack-example/libs/ros2_bt_nodes/ws/src/build/bt_leaf_nodes_interfaces' returned '0': CMAKE_PREFIX_PATH=/opt/ros/humble /usr/bin/cmake --build /home/mcolledanchise/behavior-stack-example/libs/ros2_bt_nodes/ws/src/build/bt_leaf_nodes_interfaces -- -j8 -l8
[0.332s] Invoking command in '/home/mcolledanchise/behavior-stack-example/libs/ros2_bt_nodes/ws/src/build/bt_leaf_nodes_interfaces': CMAKE_PREFIX_PATH=/opt/ros/humble /usr/bin/cmake --install /home/mcolledanchise/behavior-stack-example/libs/ros2_bt_nodes/ws/src/build/bt_leaf_nodes_interfaces
[0.337s] -- Install configuration: ""
[0.337s] -- Up-to-date: /home/mcolledanchise/behavior-stack-example/libs/ros2_bt_nodes/ws/src/install/bt_leaf_nodes_interfaces/share/ament_index/resource_index/rosidl_interfaces/bt_leaf_nodes_interfaces
[0.337s] -- Up-to-date: /home/mcolledanchise/behavior-stack-example/libs/ros2_bt_nodes/ws/src/install/bt_leaf_nodes_interfaces/include/bt_leaf_nodes_interfaces/bt_leaf_nodes_interfaces
[0.337s] -- Up-to-date: /home/mcolledanchise/behavior-stack-example/libs/ros2_bt_nodes/ws/src/install/bt_leaf_nodes_interfaces/include/bt_leaf_nodes_interfaces/bt_leaf_nodes_interfaces/msg
[0.337s] -- Up-to-date: /home/mcolledanchise/behavior-stack-example/libs/ros2_bt_nodes/ws/src/install/bt_leaf_nodes_interfaces/include/bt_leaf_nodes_interfaces/bt_leaf_nodes_interfaces/msg/rosidl_generator_c__visibility_control.h
[0.338s] -- Up-to-date: /home/mcolledanchise/behavior-stack-example/libs/ros2_bt_nodes/ws/src/install/bt_leaf_nodes_interfaces/include/bt_leaf_nodes_interfaces/bt_leaf_nodes_interfaces/action
[0.348s] -- Up-to-date: /home/mcolledanchise/behavior-stack-example/libs/ros2_bt_nodes/ws/src/install/bt_leaf_nodes_interfaces/include/bt_leaf_nodes_interfaces/bt_leaf_nodes_interfaces/action/detail
[0.348s] -- Up-to-date: /home/mcolledanchise/behavior-stack-example/libs/ros2_bt_nodes/ws/src/install/bt_leaf_nodes_interfaces/include/bt_leaf_nodes_interfaces/bt_leaf_nodes_interfaces/action/detail/bt__functions.h
[0.348s] -- Up-to-date: /home/mcolledanchise/behavior-stack-example/libs/ros2_bt_nodes/ws/src/install/bt_leaf_nodes_interfaces/include/bt_leaf_nodes_interfaces/bt_leaf_nodes_interfaces/action/detail/bt__struct.h
[0.349s] -- Up-to-date: /home/mcolledanchise/behavior-stack-example/libs/ros2_bt_nodes/ws/src/install/bt_leaf_nodes_interfaces/include/bt_leaf_nodes_interfaces/bt_leaf_nodes_interfaces/action/detail/bt__functions.c
[0.349s] -- Up-to-date: /home/mcolledanchise/behavior-stack-example/libs/ros2_bt_nodes/ws/src/install/bt_leaf_nodes_interfaces/include/bt_leaf_nodes_interfaces/bt_leaf_nodes_interfaces/action/detail/bt__type_support.h
[0.349s] -- Up-to-date: /home/mcolledanchise/behavior-stack-example/libs/ros2_bt_nodes/ws/src/install/bt_leaf_nodes_interfaces/include/bt_leaf_nodes_interfaces/bt_leaf_nodes_interfaces/action/bt.h
[0.349s] -- Up-to-date: /home/mcolledanchise/behavior-stack-example/libs/ros2_bt_nodes/ws/src/install/bt_leaf_nodes_interfaces/share/bt_leaf_nodes_interfaces/environment/library_path.sh
[0.349s] -- Up-to-date: /home/mcolledanchise/behavior-stack-example/libs/ros2_bt_nodes/ws/src/install/bt_leaf_nodes_interfaces/share/bt_leaf_nodes_interfaces/environment/library_path.dsv
[0.349s] -- Up-to-date: /home/mcolledanchise/behavior-stack-example/libs/ros2_bt_nodes/ws/src/install/bt_leaf_nodes_interfaces/lib/libbt_leaf_nodes_interfaces__rosidl_generator_c.so
[0.349s] -- Up-to-date: /home/mcolledanchise/behavior-stack-example/libs/ros2_bt_nodes/ws/src/install/bt_leaf_nodes_interfaces/include/bt_leaf_nodes_interfaces/bt_leaf_nodes_interfaces
[0.349s] -- Up-to-date: /home/mcolledanchise/behavior-stack-example/libs/ros2_bt_nodes/ws/src/install/bt_leaf_nodes_interfaces/include/bt_leaf_nodes_interfaces/bt_leaf_nodes_interfaces/msg
[0.350s] -- Up-to-date: /home/mcolledanchise/behavior-stack-example/libs/ros2_bt_nodes/ws/src/install/bt_leaf_nodes_interfaces/include/bt_leaf_nodes_interfaces/bt_leaf_nodes_interfaces/msg/rosidl_typesupport_fastrtps_c__visibility_control.h
[0.350s] -- Up-to-date: /home/mcolledanchise/behavior-stack-example/libs/ros2_bt_nodes/ws/src/install/bt_leaf_nodes_interfaces/include/bt_leaf_nodes_interfaces/bt_leaf_nodes_interfaces/action
[0.350s] -- Up-to-date: /home/mcolledanchise/behavior-stack-example/libs/ros2_bt_nodes/ws/src/install/bt_leaf_nodes_interfaces/include/bt_leaf_nodes_interfaces/bt_leaf_nodes_interfaces/action/detail
[0.350s] -- Up-to-date: /home/mcolledanchise/behavior-stack-example/libs/ros2_bt_nodes/ws/src/install/bt_leaf_nodes_interfaces/include/bt_leaf_nodes_interfaces/bt_leaf_nodes_interfaces/action/detail/bt__rosidl_typesupport_fastrtps_c.h
[0.350s] -- Up-to-date: /home/mcolledanchise/behavior-stack-example/libs/ros2_bt_nodes/ws/src/install/bt_leaf_nodes_interfaces/lib/libbt_leaf_nodes_interfaces__rosidl_typesupport_fastrtps_c.so
[0.350s] -- Up-to-date: /home/mcolledanchise/behavior-stack-example/libs/ros2_bt_nodes/ws/src/install/bt_leaf_nodes_interfaces/include/bt_leaf_nodes_interfaces/bt_leaf_nodes_interfaces
[0.350s] -- Up-to-date: /home/mcolledanchise/behavior-stack-example/libs/ros2_bt_nodes/ws/src/install/bt_leaf_nodes_interfaces/include/bt_leaf_nodes_interfaces/bt_leaf_nodes_interfaces/msg
[0.351s] -- Up-to-date: /home/mcolledanchise/behavior-stack-example/libs/ros2_bt_nodes/ws/src/install/bt_leaf_nodes_interfaces/include/bt_leaf_nodes_interfaces/bt_leaf_nodes_interfaces/msg/rosidl_typesupport_introspection_c__visibility_control.h
[0.351s] -- Up-to-date: /home/mcolledanchise/behavior-stack-example/libs/ros2_bt_nodes/ws/src/install/bt_leaf_nodes_interfaces/include/bt_leaf_nodes_interfaces/bt_leaf_nodes_interfaces/action
[0.351s] -- Up-to-date: /home/mcolledanchise/behavior-stack-example/libs/ros2_bt_nodes/ws/src/install/bt_leaf_nodes_interfaces/include/bt_leaf_nodes_interfaces/bt_leaf_nodes_interfaces/action/detail
[0.351s] -- Up-to-date: /home/mcolledanchise/behavior-stack-example/libs/ros2_bt_nodes/ws/src/install/bt_leaf_nodes_interfaces/include/bt_leaf_nodes_interfaces/bt_leaf_nodes_interfaces/action/detail/bt__rosidl_typesupport_introspection_c.h
[0.352s] -- Up-to-date: /home/mcolledanchise/behavior-stack-example/libs/ros2_bt_nodes/ws/src/install/bt_leaf_nodes_interfaces/include/bt_leaf_nodes_interfaces/bt_leaf_nodes_interfaces/action/detail/bt__type_support.c
[0.352s] -- Up-to-date: /home/mcolledanchise/behavior-stack-example/libs/ros2_bt_nodes/ws/src/install/bt_leaf_nodes_interfaces/lib/libbt_leaf_nodes_interfaces__rosidl_typesupport_introspection_c.so
[0.352s] -- Up-to-date: /home/mcolledanchise/behavior-stack-example/libs/ros2_bt_nodes/ws/src/install/bt_leaf_nodes_interfaces/lib/libbt_leaf_nodes_interfaces__rosidl_typesupport_c.so
[0.352s] -- Up-to-date: /home/mcolledanchise/behavior-stack-example/libs/ros2_bt_nodes/ws/src/install/bt_leaf_nodes_interfaces/include/bt_leaf_nodes_interfaces/bt_leaf_nodes_interfaces
[0.352s] -- Up-to-date: /home/mcolledanchise/behavior-stack-example/libs/ros2_bt_nodes/ws/src/install/bt_leaf_nodes_interfaces/include/bt_leaf_nodes_interfaces/bt_leaf_nodes_interfaces/action
[0.352s] -- Up-to-date: /home/mcolledanchise/behavior-stack-example/libs/ros2_bt_nodes/ws/src/install/bt_leaf_nodes_interfaces/include/bt_leaf_nodes_interfaces/bt_leaf_nodes_interfaces/action/bt.hpp
[0.353s] -- Up-to-date: /home/mcolledanchise/behavior-stack-example/libs/ros2_bt_nodes/ws/src/install/bt_leaf_nodes_interfaces/include/bt_leaf_nodes_interfaces/bt_leaf_nodes_interfaces/action/detail
[0.353s] -- Up-to-date: /home/mcolledanchise/behavior-stack-example/libs/ros2_bt_nodes/ws/src/install/bt_leaf_nodes_interfaces/include/bt_leaf_nodes_interfaces/bt_leaf_nodes_interfaces/action/detail/bt__traits.hpp
[0.353s] -- Up-to-date: /home/mcolledanchise/behavior-stack-example/libs/ros2_bt_nodes/ws/src/install/bt_leaf_nodes_interfaces/include/bt_leaf_nodes_interfaces/bt_leaf_nodes_interfaces/action/detail/bt__builder.hpp
[0.353s] -- Up-to-date: /home/mcolledanchise/behavior-stack-example/libs/ros2_bt_nodes/ws/src/install/bt_leaf_nodes_interfaces/include/bt_leaf_nodes_interfaces/bt_leaf_nodes_interfaces/action/detail/bt__struct.hpp
[0.353s] -- Up-to-date: /home/mcolledanchise/behavior-stack-example/libs/ros2_bt_nodes/ws/src/install/bt_leaf_nodes_interfaces/include/bt_leaf_nodes_interfaces/bt_leaf_nodes_interfaces
[0.353s] -- Up-to-date: /home/mcolledanchise/behavior-stack-example/libs/ros2_bt_nodes/ws/src/install/bt_leaf_nodes_interfaces/include/bt_leaf_nodes_interfaces/bt_leaf_nodes_interfaces/msg
[0.353s] -- Up-to-date: /home/mcolledanchise/behavior-stack-example/libs/ros2_bt_nodes/ws/src/install/bt_leaf_nodes_interfaces/include/bt_leaf_nodes_interfaces/bt_leaf_nodes_interfaces/msg/rosidl_typesupport_fastrtps_cpp__visibility_control.h
[0.353s] -- Up-to-date: /home/mcolledanchise/behavior-stack-example/libs/ros2_bt_nodes/ws/src/install/bt_leaf_nodes_interfaces/include/bt_leaf_nodes_interfaces/bt_leaf_nodes_interfaces/action
[0.354s] -- Up-to-date: /home/mcolledanchise/behavior-stack-example/libs/ros2_bt_nodes/ws/src/install/bt_leaf_nodes_interfaces/include/bt_leaf_nodes_interfaces/bt_leaf_nodes_interfaces/action/detail
[0.354s] -- Up-to-date: /home/mcolledanchise/behavior-stack-example/libs/ros2_bt_nodes/ws/src/install/bt_leaf_nodes_interfaces/include/bt_leaf_nodes_interfaces/bt_leaf_nodes_interfaces/action/detail/dds_fastrtps
[0.354s] -- Up-to-date: /home/mcolledanchise/behavior-stack-example/libs/ros2_bt_nodes/ws/src/install/bt_leaf_nodes_interfaces/include/bt_leaf_nodes_interfaces/bt_leaf_nodes_interfaces/action/detail/bt__rosidl_typesupport_fastrtps_cpp.hpp
[0.354s] -- Up-to-date: /home/mcolledanchise/behavior-stack-example/libs/ros2_bt_nodes/ws/src/install/bt_leaf_nodes_interfaces/lib/libbt_leaf_nodes_interfaces__rosidl_typesupport_fastrtps_cpp.so
[0.354s] -- Up-to-date: /home/mcolledanchise/behavior-stack-example/libs/ros2_bt_nodes/ws/src/install/bt_leaf_nodes_interfaces/include/bt_leaf_nodes_interfaces/bt_leaf_nodes_interfaces
[0.355s] -- Up-to-date: /home/mcolledanchise/behavior-stack-example/libs/ros2_bt_nodes/ws/src/install/bt_leaf_nodes_interfaces/include/bt_leaf_nodes_interfaces/bt_leaf_nodes_interfaces/action
[0.355s] -- Up-to-date: /home/mcolledanchise/behavior-stack-example/libs/ros2_bt_nodes/ws/src/install/bt_leaf_nodes_interfaces/include/bt_leaf_nodes_interfaces/bt_leaf_nodes_interfaces/action/detail
[0.355s] -- Up-to-date: /home/mcolledanchise/behavior-stack-example/libs/ros2_bt_nodes/ws/src/install/bt_leaf_nodes_interfaces/include/bt_leaf_nodes_interfaces/bt_leaf_nodes_interfaces/action/detail/bt__type_support.cpp
[0.355s] -- Up-to-date: /home/mcolledanchise/behavior-stack-example/libs/ros2_bt_nodes/ws/src/install/bt_leaf_nodes_interfaces/include/bt_leaf_nodes_interfaces/bt_leaf_nodes_interfaces/action/detail/bt__rosidl_typesupport_introspection_cpp.hpp
[0.355s] -- Up-to-date: /home/mcolledanchise/behavior-stack-example/libs/ros2_bt_nodes/ws/src/install/bt_leaf_nodes_interfaces/lib/libbt_leaf_nodes_interfaces__rosidl_typesupport_introspection_cpp.so
[0.355s] -- Up-to-date: /home/mcolledanchise/behavior-stack-example/libs/ros2_bt_nodes/ws/src/install/bt_leaf_nodes_interfaces/lib/libbt_leaf_nodes_interfaces__rosidl_typesupport_cpp.so
[0.355s] -- Up-to-date: /home/mcolledanchise/behavior-stack-example/libs/ros2_bt_nodes/ws/src/install/bt_leaf_nodes_interfaces/share/bt_leaf_nodes_interfaces/environment/pythonpath.sh
[0.356s] -- Up-to-date: /home/mcolledanchise/behavior-stack-example/libs/ros2_bt_nodes/ws/src/install/bt_leaf_nodes_interfaces/share/bt_leaf_nodes_interfaces/environment/pythonpath.dsv
[0.356s] -- Up-to-date: /home/mcolledanchise/behavior-stack-example/libs/ros2_bt_nodes/ws/src/install/bt_leaf_nodes_interfaces/local/lib/python3.10/dist-packages/bt_leaf_nodes_interfaces-0.0.0-py3.10.egg-info
[0.356s] -- Installing: /home/mcolledanchise/behavior-stack-example/libs/ros2_bt_nodes/ws/src/install/bt_leaf_nodes_interfaces/local/lib/python3.10/dist-packages/bt_leaf_nodes_interfaces-0.0.0-py3.10.egg-info/top_level.txt
[0.356s] -- Installing: /home/mcolledanchise/behavior-stack-example/libs/ros2_bt_nodes/ws/src/install/bt_leaf_nodes_interfaces/local/lib/python3.10/dist-packages/bt_leaf_nodes_interfaces-0.0.0-py3.10.egg-info/dependency_links.txt
[0.356s] -- Installing: /home/mcolledanchise/behavior-stack-example/libs/ros2_bt_nodes/ws/src/install/bt_leaf_nodes_interfaces/local/lib/python3.10/dist-packages/bt_leaf_nodes_interfaces-0.0.0-py3.10.egg-info/SOURCES.txt
[0.356s] -- Installing: /home/mcolledanchise/behavior-stack-example/libs/ros2_bt_nodes/ws/src/install/bt_leaf_nodes_interfaces/local/lib/python3.10/dist-packages/bt_leaf_nodes_interfaces-0.0.0-py3.10.egg-info/PKG-INFO
[0.356s] -- Up-to-date: /home/mcolledanchise/behavior-stack-example/libs/ros2_bt_nodes/ws/src/install/bt_leaf_nodes_interfaces/local/lib/python3.10/dist-packages/bt_leaf_nodes_interfaces
[0.356s] -- Up-to-date: /home/mcolledanchise/behavior-stack-example/libs/ros2_bt_nodes/ws/src/install/bt_leaf_nodes_interfaces/local/lib/python3.10/dist-packages/bt_leaf_nodes_interfaces/libbt_leaf_nodes_interfaces__rosidl_generator_py.so
[0.356s] -- Up-to-date: /home/mcolledanchise/behavior-stack-example/libs/ros2_bt_nodes/ws/src/install/bt_leaf_nodes_interfaces/local/lib/python3.10/dist-packages/bt_leaf_nodes_interfaces/bt_leaf_nodes_interfaces_s__rosidl_typesupport_fastrtps_c.cpython-310-x86_64-linux-gnu.so
[0.356s] -- Up-to-date: /home/mcolledanchise/behavior-stack-example/libs/ros2_bt_nodes/ws/src/install/bt_leaf_nodes_interfaces/local/lib/python3.10/dist-packages/bt_leaf_nodes_interfaces/_bt_leaf_nodes_interfaces_s.ep.rosidl_typesupport_fastrtps_c.c
[0.356s] -- Up-to-date: /home/mcolledanchise/behavior-stack-example/libs/ros2_bt_nodes/ws/src/install/bt_leaf_nodes_interfaces/local/lib/python3.10/dist-packages/bt_leaf_nodes_interfaces/_bt_leaf_nodes_interfaces_s.ep.rosidl_typesupport_c.c
[0.356s] -- Up-to-date: /home/mcolledanchise/behavior-stack-example/libs/ros2_bt_nodes/ws/src/install/bt_leaf_nodes_interfaces/local/lib/python3.10/dist-packages/bt_leaf_nodes_interfaces/bt_leaf_nodes_interfaces_s__rosidl_typesupport_introspection_c.cpython-310-x86_64-linux-gnu.so
[0.356s] -- Up-to-date: /home/mcolledanchise/behavior-stack-example/libs/ros2_bt_nodes/ws/src/install/bt_leaf_nodes_interfaces/local/lib/python3.10/dist-packages/bt_leaf_nodes_interfaces/_bt_leaf_nodes_interfaces_s.ep.rosidl_typesupport_introspection_c.c
[0.357s] -- Up-to-date: /home/mcolledanchise/behavior-stack-example/libs/ros2_bt_nodes/ws/src/install/bt_leaf_nodes_interfaces/local/lib/python3.10/dist-packages/bt_leaf_nodes_interfaces/bt_leaf_nodes_interfaces_s__rosidl_typesupport_c.cpython-310-x86_64-linux-gnu.so
[0.357s] -- Up-to-date: /home/mcolledanchise/behavior-stack-example/libs/ros2_bt_nodes/ws/src/install/bt_leaf_nodes_interfaces/local/lib/python3.10/dist-packages/bt_leaf_nodes_interfaces/__init__.py
[0.357s] -- Up-to-date: /home/mcolledanchise/behavior-stack-example/libs/ros2_bt_nodes/ws/src/install/bt_leaf_nodes_interfaces/local/lib/python3.10/dist-packages/bt_leaf_nodes_interfaces/action
[0.357s] -- Up-to-date: /home/mcolledanchise/behavior-stack-example/libs/ros2_bt_nodes/ws/src/install/bt_leaf_nodes_interfaces/local/lib/python3.10/dist-packages/bt_leaf_nodes_interfaces/action/_bt.py
[0.357s] -- Up-to-date: /home/mcolledanchise/behavior-stack-example/libs/ros2_bt_nodes/ws/src/install/bt_leaf_nodes_interfaces/local/lib/python3.10/dist-packages/bt_leaf_nodes_interfaces/action/_bt_s.c
[0.357s] -- Up-to-date: /home/mcolledanchise/behavior-stack-example/libs/ros2_bt_nodes/ws/src/install/bt_leaf_nodes_interfaces/local/lib/python3.10/dist-packages/bt_leaf_nodes_interfaces/action/__init__.py
[0.383s] Listing '/home/mcolledanchise/behavior-stack-example/libs/ros2_bt_nodes/ws/src/install/bt_leaf_nodes_interfaces/local/lib/python3.10/dist-packages/bt_leaf_nodes_interfaces'...
[0.383s] Listing '/home/mcolledanchise/behavior-stack-example/libs/ros2_bt_nodes/ws/src/install/bt_leaf_nodes_interfaces/local/lib/python3.10/dist-packages/bt_leaf_nodes_interfaces/action'...
[0.387s] -- Up-to-date: /home/mcolledanchise/behavior-stack-example/libs/ros2_bt_nodes/ws/src/install/bt_leaf_nodes_interfaces/local/lib/python3.10/dist-packages/bt_leaf_nodes_interfaces/bt_leaf_nodes_interfaces_s__rosidl_typesupport_fastrtps_c.cpython-310-x86_64-linux-gnu.so
[0.388s] -- Up-to-date: /home/mcolledanchise/behavior-stack-example/libs/ros2_bt_nodes/ws/src/install/bt_leaf_nodes_interfaces/local/lib/python3.10/dist-packages/bt_leaf_nodes_interfaces/bt_leaf_nodes_interfaces_s__rosidl_typesupport_introspection_c.cpython-310-x86_64-linux-gnu.so
[0.388s] -- Up-to-date: /home/mcolledanchise/behavior-stack-example/libs/ros2_bt_nodes/ws/src/install/bt_leaf_nodes_interfaces/local/lib/python3.10/dist-packages/bt_leaf_nodes_interfaces/bt_leaf_nodes_interfaces_s__rosidl_typesupport_c.cpython-310-x86_64-linux-gnu.so
[0.388s] -- Up-to-date: /home/mcolledanchise/behavior-stack-example/libs/ros2_bt_nodes/ws/src/install/bt_leaf_nodes_interfaces/lib/libbt_leaf_nodes_interfaces__rosidl_generator_py.so
[0.388s] -- Up-to-date: /home/mcolledanchise/behavior-stack-example/libs/ros2_bt_nodes/ws/src/install/bt_leaf_nodes_interfaces/share/bt_leaf_nodes_interfaces/action/BT.idl
[0.388s] -- Up-to-date: /home/mcolledanchise/behavior-stack-example/libs/ros2_bt_nodes/ws/src/install/bt_leaf_nodes_interfaces/share/bt_leaf_nodes_interfaces/action/BT.action
[0.389s] -- Up-to-date: /home/mcolledanchise/behavior-stack-example/libs/ros2_bt_nodes/ws/src/install/bt_leaf_nodes_interfaces/share/ament_index/resource_index/package_run_dependencies/bt_leaf_nodes_interfaces
[0.389s] -- Up-to-date: /home/mcolledanchise/behavior-stack-example/libs/ros2_bt_nodes/ws/src/install/bt_leaf_nodes_interfaces/share/ament_index/resource_index/parent_prefix_path/bt_leaf_nodes_interfaces
[0.389s] -- Up-to-date: /home/mcolledanchise/behavior-stack-example/libs/ros2_bt_nodes/ws/src/install/bt_leaf_nodes_interfaces/share/bt_leaf_nodes_interfaces/environment/ament_prefix_path.sh
[0.389s] -- Up-to-date: /home/mcolledanchise/behavior-stack-example/libs/ros2_bt_nodes/ws/src/install/bt_leaf_nodes_interfaces/share/bt_leaf_nodes_interfaces/environment/ament_prefix_path.dsv
[0.389s] -- Up-to-date: /home/mcolledanchise/behavior-stack-example/libs/ros2_bt_nodes/ws/src/install/bt_leaf_nodes_interfaces/share/bt_leaf_nodes_interfaces/environment/path.sh
[0.389s] -- Up-to-date: /home/mcolledanchise/behavior-stack-example/libs/ros2_bt_nodes/ws/src/install/bt_leaf_nodes_interfaces/share/bt_leaf_nodes_interfaces/environment/path.dsv
[0.390s] -- Up-to-date: /home/mcolledanchise/behavior-stack-example/libs/ros2_bt_nodes/ws/src/install/bt_leaf_nodes_interfaces/share/bt_leaf_nodes_interfaces/local_setup.bash
[0.390s] -- Up-to-date: /home/mcolledanchise/behavior-stack-example/libs/ros2_bt_nodes/ws/src/install/bt_leaf_nodes_interfaces/share/bt_leaf_nodes_interfaces/local_setup.sh
[0.390s] -- Up-to-date: /home/mcolledanchise/behavior-stack-example/libs/ros2_bt_nodes/ws/src/install/bt_leaf_nodes_interfaces/share/bt_leaf_nodes_interfaces/local_setup.zsh
[0.390s] -- Up-to-date: /home/mcolledanchise/behavior-stack-example/libs/ros2_bt_nodes/ws/src/install/bt_leaf_nodes_interfaces/share/bt_leaf_nodes_interfaces/local_setup.dsv
[0.390s] -- Installing: /home/mcolledanchise/behavior-stack-example/libs/ros2_bt_nodes/ws/src/install/bt_leaf_nodes_interfaces/share/bt_leaf_nodes_interfaces/package.dsv
[0.390s] -- Up-to-date: /home/mcolledanchise/behavior-stack-example/libs/ros2_bt_nodes/ws/src/install/bt_leaf_nodes_interfaces/share/ament_index/resource_index/packages/bt_leaf_nodes_interfaces
[0.391s] -- Up-to-date: /home/mcolledanchise/behavior-stack-example/libs/ros2_bt_nodes/ws/src/install/bt_leaf_nodes_interfaces/share/bt_leaf_nodes_interfaces/cmake/export_bt_leaf_nodes_interfaces__rosidl_generator_cExport.cmake
[0.391s] -- Up-to-date: /home/mcolledanchise/behavior-stack-example/libs/ros2_bt_nodes/ws/src/install/bt_leaf_nodes_interfaces/share/bt_leaf_nodes_interfaces/cmake/export_bt_leaf_nodes_interfaces__rosidl_generator_cExport-noconfig.cmake
[0.391s] -- Up-to-date: /home/mcolledanchise/behavior-stack-example/libs/ros2_bt_nodes/ws/src/install/bt_leaf_nodes_interfaces/share/bt_leaf_nodes_interfaces/cmake/export_bt_leaf_nodes_interfaces__rosidl_typesupport_fastrtps_cExport.cmake
[0.391s] -- Up-to-date: /home/mcolledanchise/behavior-stack-example/libs/ros2_bt_nodes/ws/src/install/bt_leaf_nodes_interfaces/share/bt_leaf_nodes_interfaces/cmake/export_bt_leaf_nodes_interfaces__rosidl_typesupport_fastrtps_cExport-noconfig.cmake
[0.391s] -- Up-to-date: /home/mcolledanchise/behavior-stack-example/libs/ros2_bt_nodes/ws/src/install/bt_leaf_nodes_interfaces/share/bt_leaf_nodes_interfaces/cmake/bt_leaf_nodes_interfaces__rosidl_typesupport_introspection_cExport.cmake
[0.391s] -- Up-to-date: /home/mcolledanchise/behavior-stack-example/libs/ros2_bt_nodes/ws/src/install/bt_leaf_nodes_interfaces/share/bt_leaf_nodes_interfaces/cmake/bt_leaf_nodes_interfaces__rosidl_typesupport_introspection_cExport-noconfig.cmake
[0.391s] -- Up-to-date: /home/mcolledanchise/behavior-stack-example/libs/ros2_bt_nodes/ws/src/install/bt_leaf_nodes_interfaces/share/bt_leaf_nodes_interfaces/cmake/bt_leaf_nodes_interfaces__rosidl_typesupport_cExport.cmake
[0.391s] -- Up-to-date: /home/mcolledanchise/behavior-stack-example/libs/ros2_bt_nodes/ws/src/install/bt_leaf_nodes_interfaces/share/bt_leaf_nodes_interfaces/cmake/bt_leaf_nodes_interfaces__rosidl_typesupport_cExport-noconfig.cmake
[0.391s] -- Up-to-date: /home/mcolledanchise/behavior-stack-example/libs/ros2_bt_nodes/ws/src/install/bt_leaf_nodes_interfaces/share/bt_leaf_nodes_interfaces/cmake/export_bt_leaf_nodes_interfaces__rosidl_generator_cppExport.cmake
[0.392s] -- Up-to-date: /home/mcolledanchise/behavior-stack-example/libs/ros2_bt_nodes/ws/src/install/bt_leaf_nodes_interfaces/share/bt_leaf_nodes_interfaces/cmake/export_bt_leaf_nodes_interfaces__rosidl_typesupport_fastrtps_cppExport.cmake
[0.392s] -- Up-to-date: /home/mcolledanchise/behavior-stack-example/libs/ros2_bt_nodes/ws/src/install/bt_leaf_nodes_interfaces/share/bt_leaf_nodes_interfaces/cmake/export_bt_leaf_nodes_interfaces__rosidl_typesupport_fastrtps_cppExport-noconfig.cmake
[0.392s] -- Up-to-date: /home/mcolledanchise/behavior-stack-example/libs/ros2_bt_nodes/ws/src/install/bt_leaf_nodes_interfaces/share/bt_leaf_nodes_interfaces/cmake/bt_leaf_nodes_interfaces__rosidl_typesupport_introspection_cppExport.cmake
[0.392s] -- Up-to-date: /home/mcolledanchise/behavior-stack-example/libs/ros2_bt_nodes/ws/src/install/bt_leaf_nodes_interfaces/share/bt_leaf_nodes_interfaces/cmake/bt_leaf_nodes_interfaces__rosidl_typesupport_introspection_cppExport-noconfig.cmake
[0.392s] -- Up-to-date: /home/mcolledanchise/behavior-stack-example/libs/ros2_bt_nodes/ws/src/install/bt_leaf_nodes_interfaces/share/bt_leaf_nodes_interfaces/cmake/bt_leaf_nodes_interfaces__rosidl_typesupport_cppExport.cmake
[0.393s] -- Up-to-date: /home/mcolledanchise/behavior-stack-example/libs/ros2_bt_nodes/ws/src/install/bt_leaf_nodes_interfaces/share/bt_leaf_nodes_interfaces/cmake/bt_leaf_nodes_interfaces__rosidl_typesupport_cppExport-noconfig.cmake
[0.393s] -- Up-to-date: /home/mcolledanchise/behavior-stack-example/libs/ros2_bt_nodes/ws/src/install/bt_leaf_nodes_interfaces/share/bt_leaf_nodes_interfaces/cmake/export_bt_leaf_nodes_interfaces__rosidl_generator_pyExport.cmake
[0.393s] -- Up-to-date: /home/mcolledanchise/behavior-stack-example/libs/ros2_bt_nodes/ws/src/install/bt_leaf_nodes_interfaces/share/bt_leaf_nodes_interfaces/cmake/export_bt_leaf_nodes_interfaces__rosidl_generator_pyExport-noconfig.cmake
[0.393s] -- Up-to-date: /home/mcolledanchise/behavior-stack-example/libs/ros2_bt_nodes/ws/src/install/bt_leaf_nodes_interfaces/share/bt_leaf_nodes_interfaces/cmake/rosidl_cmake-extras.cmake
[0.393s] -- Up-to-date: /home/mcolledanchise/behavior-stack-example/libs/ros2_bt_nodes/ws/src/install/bt_leaf_nodes_interfaces/share/bt_leaf_nodes_interfaces/cmake/ament_cmake_export_dependencies-extras.cmake
[0.394s] -- Up-to-date: /home/mcolledanchise/behavior-stack-example/libs/ros2_bt_nodes/ws/src/install/bt_leaf_nodes_interfaces/share/bt_leaf_nodes_interfaces/cmake/ament_cmake_export_include_directories-extras.cmake
[0.394s] -- Up-to-date: /home/mcolledanchise/behavior-stack-example/libs/ros2_bt_nodes/ws/src/install/bt_leaf_nodes_interfaces/share/bt_leaf_nodes_interfaces/cmake/ament_cmake_export_libraries-extras.cmake
[0.394s] -- Up-to-date: /home/mcolledanchise/behavior-stack-example/libs/ros2_bt_nodes/ws/src/install/bt_leaf_nodes_interfaces/share/bt_leaf_nodes_interfaces/cmake/ament_cmake_export_targets-extras.cmake
[0.394s] -- Up-to-date: /home/mcolledanchise/behavior-stack-example/libs/ros2_bt_nodes/ws/src/install/bt_leaf_nodes_interfaces/share/bt_leaf_nodes_interfaces/cmake/rosidl_cmake_export_typesupport_targets-extras.cmake
[0.395s] -- Up-to-date: /home/mcolledanchise/behavior-stack-example/libs/ros2_bt_nodes/ws/src/install/bt_leaf_nodes_interfaces/share/bt_leaf_nodes_interfaces/cmake/rosidl_cmake_export_typesupport_libraries-extras.cmake
[0.395s] -- Up-to-date: /home/mcolledanchise/behavior-stack-example/libs/ros2_bt_nodes/ws/src/install/bt_leaf_nodes_interfaces/share/bt_leaf_nodes_interfaces/cmake/bt_leaf_nodes_interfacesConfig.cmake
[0.395s] -- Up-to-date: /home/mcolledanchise/behavior-stack-example/libs/ros2_bt_nodes/ws/src/install/bt_leaf_nodes_interfaces/share/bt_leaf_nodes_interfaces/cmake/bt_leaf_nodes_interfacesConfig-version.cmake
[0.395s] -- Up-to-date: /home/mcolledanchise/behavior-stack-example/libs/ros2_bt_nodes/ws/src/install/bt_leaf_nodes_interfaces/share/bt_leaf_nodes_interfaces/package.xml
[0.396s] Invoked command in '/home/mcolledanchise/behavior-stack-example/libs/ros2_bt_nodes/ws/src/build/bt_leaf_nodes_interfaces' returned '0': CMAKE_PREFIX_PATH=/opt/ros/humble /usr/bin/cmake --install /home/mcolledanchise/behavior-stack-example/libs/ros2_bt_nodes/ws/src/build/bt_leaf_nodes_interfaces
