[35m[1mConsolidate compiler generated dependencies of target BT_node_server[0m
[ 50%] Built target bt_node_server
[ 75%] [32mBuilding CXX object CMakeFiles/BT_node_server.dir/src/bt_action_node_server.cpp.o[0m
[100%] [32m[1mLinking CXX shared library libBT_node_server.so[0m
[100%] Built target BT_node_server
-- Install configuration: ""
-- Installing: /home/mcolledanchise/behavior-stack-example/libs/ros2_bt_nodes/ws/src/install/bt_leaf_nodes_servers/lib/bt_leaf_nodes_servers/bt_node_server
-- Set runtime path of "/home/mcolledanchise/behavior-stack-example/libs/ros2_bt_nodes/ws/src/install/bt_leaf_nodes_servers/lib/bt_leaf_nodes_servers/bt_node_server" to ""
-- Installing: /home/mcolledanchise/behavior-stack-example/libs/ros2_bt_nodes/ws/src/install/bt_leaf_nodes_servers/lib/libBT_node_server.so
-- Set runtime path of "/home/mcolledanchise/behavior-stack-example/libs/ros2_bt_nodes/ws/src/install/bt_leaf_nodes_servers/lib/libBT_node_server.so" to ""
-- Installing: /home/mcolledanchise/behavior-stack-example/libs/ros2_bt_nodes/ws/src/install/bt_leaf_nodes_servers/share/ament_index/resource_index/package_run_dependencies/bt_leaf_nodes_servers
-- Installing: /home/mcolledanchise/behavior-stack-example/libs/ros2_bt_nodes/ws/src/install/bt_leaf_nodes_servers/share/ament_index/resource_index/parent_prefix_path/bt_leaf_nodes_servers
-- Installing: /home/mcolledanchise/behavior-stack-example/libs/ros2_bt_nodes/ws/src/install/bt_leaf_nodes_servers/share/bt_leaf_nodes_servers/environment/ament_prefix_path.sh
-- Installing: /home/mcolledanchise/behavior-stack-example/libs/ros2_bt_nodes/ws/src/install/bt_leaf_nodes_servers/share/bt_leaf_nodes_servers/environment/ament_prefix_path.dsv
-- Installing: /home/mcolledanchise/behavior-stack-example/libs/ros2_bt_nodes/ws/src/install/bt_leaf_nodes_servers/share/bt_leaf_nodes_servers/environment/path.sh
-- Installing: /home/mcolledanchise/behavior-stack-example/libs/ros2_bt_nodes/ws/src/install/bt_leaf_nodes_servers/share/bt_leaf_nodes_servers/environment/path.dsv
-- Installing: /home/mcolledanchise/behavior-stack-example/libs/ros2_bt_nodes/ws/src/install/bt_leaf_nodes_servers/share/bt_leaf_nodes_servers/local_setup.bash
-- Installing: /home/mcolledanchise/behavior-stack-example/libs/ros2_bt_nodes/ws/src/install/bt_leaf_nodes_servers/share/bt_leaf_nodes_servers/local_setup.sh
-- Installing: /home/mcolledanchise/behavior-stack-example/libs/ros2_bt_nodes/ws/src/install/bt_leaf_nodes_servers/share/bt_leaf_nodes_servers/local_setup.zsh
-- Installing: /home/mcolledanchise/behavior-stack-example/libs/ros2_bt_nodes/ws/src/install/bt_leaf_nodes_servers/share/bt_leaf_nodes_servers/local_setup.dsv
-- Installing: /home/mcolledanchise/behavior-stack-example/libs/ros2_bt_nodes/ws/src/install/bt_leaf_nodes_servers/share/bt_leaf_nodes_servers/package.dsv
-- Installing: /home/mcolledanchise/behavior-stack-example/libs/ros2_bt_nodes/ws/src/install/bt_leaf_nodes_servers/share/ament_index/resource_index/packages/bt_leaf_nodes_servers
-- Installing: /home/mcolledanchise/behavior-stack-example/libs/ros2_bt_nodes/ws/src/install/bt_leaf_nodes_servers/share/ament_index/resource_index/rclcpp_components/bt_leaf_nodes_servers
-- Installing: /home/mcolledanchise/behavior-stack-example/libs/ros2_bt_nodes/ws/src/install/bt_leaf_nodes_servers/share/bt_leaf_nodes_servers/cmake/bt_leaf_nodes_serversConfig.cmake
-- Installing: /home/mcolledanchise/behavior-stack-example/libs/ros2_bt_nodes/ws/src/install/bt_leaf_nodes_servers/share/bt_leaf_nodes_servers/cmake/bt_leaf_nodes_serversConfig-version.cmake
-- Installing: /home/mcolledanchise/behavior-stack-example/libs/ros2_bt_nodes/ws/src/install/bt_leaf_nodes_servers/share/bt_leaf_nodes_servers/package.xml
