[0.059s] Invoking command in '/home/mcolledanchise/behavior-stack-example/libs/ros2_bt_nodes/ws/src/build/bt_leaf_nodes_clients': AMENT_PREFIX_PATH=/home/mcolledanchise/behavior-stack-example/libs/ros2_bt_nodes/ws/src/install/bt_leaf_nodes_interfaces:${AMENT_PREFIX_PATH} CMAKE_PREFIX_PATH=/home/mcolledanchise/behavior-stack-example/libs/ros2_bt_nodes/ws/src/install/bt_leaf_nodes_interfaces:/opt/ros/humble LD_LIBRARY_PATH=/home/mcolledanchise/behavior-stack-example/libs/ros2_bt_nodes/ws/src/install/bt_leaf_nodes_interfaces/lib:${LD_LIBRARY_PATH} PYTHONPATH=/home/mcolledanchise/behavior-stack-example/libs/ros2_bt_nodes/ws/src/install/bt_leaf_nodes_interfaces/local/lib/python3.10/dist-packages:${PYTHONPATH} /usr/bin/cmake --build /home/mcolledanchise/behavior-stack-example/libs/ros2_bt_nodes/ws/src/build/bt_leaf_nodes_clients --clean-first -- -j8 -l8
[0.132s] [ 25%] [32mBuilding CXX object CMakeFiles/BT_node_client.dir/src/bt_leaf_node_client.cpp.o[0m
[0.134s] [ 50%] [32mBuilding CXX object CMakeFiles/bt_node_client.dir/rclcpp_components/node_main_bt_node_client.cpp.o[0m
[3.261s] [01m[K/home/mcolledanchise/behavior-stack-example/libs/ros2_bt_nodes/ws/src/bt_leaf_nodes_clients/src/bt_leaf_node_client.cpp:[m[K In member function ‘[01m[Kvoid BT_leaf_nodes_servers::BTNodeClient::feedback_callback(rclcpp_action::ClientGoalHandle<bt_leaf_nodes_interfaces::action::BT>::SharedPtr, std::shared_ptr<const bt_leaf_nodes_interfaces::action::BT_Feedback_<std::allocator<void> > >)[m[K’:
[3.261s] [01m[K/home/mcolledanchise/behavior-stack-example/libs/ros2_bt_nodes/ws/src/bt_leaf_nodes_clients/src/bt_leaf_node_client.cpp:74:47:[m[K [01;35m[Kwarning: [m[Kunused parameter ‘[01m[Kfeedback[m[K’ [[01;35m[K]8;;https://gcc.gnu.org/onlinedocs/gcc/Warning-Options.html#index-Wunused-parameter-Wunused-parameter]8;;[m[K]
[3.262s]    74 |     [01;35m[Kconst std::shared_ptr<const BT::Feedback> feedback[m[K)
[3.262s]       |     [01;35m[K~~~~~~~~~~~~~~~~~~~~~~~~~~~~~~~~~~~~~~~~~~^~~~~~~~[m[K
[3.273s] In file included from [01m[K/opt/ros/humble/include/class_loader/class_loader/class_loader.hpp:56[m[K,
[3.273s]                  from [01m[K/opt/ros/humble/include/rclcpp_components/rclcpp_components/register_node_macro.hpp:18[m[K,
[3.273s]                  from [01m[K/home/mcolledanchise/behavior-stack-example/libs/ros2_bt_nodes/ws/src/bt_leaf_nodes_clients/src/bt_leaf_node_client.cpp:11[m[K:
[3.273s] [01m[K/home/mcolledanchise/behavior-stack-example/libs/ros2_bt_nodes/ws/src/bt_leaf_nodes_clients/src/bt_leaf_node_client.cpp:[m[K At global scope:
[3.274s] [01m[K/home/mcolledanchise/behavior-stack-example/libs/ros2_bt_nodes/ws/src/bt_leaf_nodes_clients/src/bt_leaf_node_client.cpp:110:33:[m[K [01;31m[Kerror: [m[K‘[01m[KBT_leaf_nodes_clients[m[K’ was not declared in this scope; did you mean ‘[01m[KBT_leaf_nodes_servers[m[K’?
[3.274s]   110 | RCLCPP_COMPONENTS_REGISTER_NODE([01;31m[KBT_leaf_nodes_clients[m[K::BTNodeClient)
[3.274s]       |                                 [01;31m[K^~~~~~~~~~~~~~~~~~~~~[m[K
[3.274s] [01m[K/home/mcolledanchise/behavior-stack-example/libs/ros2_bt_nodes/ws/src/bt_leaf_nodes_clients/src/bt_leaf_node_client.cpp:110:1:[m[K [01;31m[Kerror: [m[Ktemplate argument 1 is invalid
[3.274s]   110 | [01;31m[KRCLCPP_COMPONENTS_REGISTER_NODE[m[K(BT_leaf_nodes_clients::BTNodeClient)
[3.274s]       | [01;31m[K^~~~~~~~~~~~~~~~~~~~~~~~~~~~~~~[m[K
[3.863s] [ 75%] [32m[1mLinking CXX executable bt_node_client[0m
[4.057s] In file included from [01m[K/opt/ros/humble/include/class_loader/class_loader/class_loader_core.hpp:57[m[K,
[4.057s]                  from [01m[K/opt/ros/humble/include/class_loader/class_loader/class_loader.hpp:55[m[K,
[4.057s]                  from [01m[K/opt/ros/humble/include/rclcpp_components/rclcpp_components/register_node_macro.hpp:18[m[K,
[4.057s]                  from [01m[K/home/mcolledanchise/behavior-stack-example/libs/ros2_bt_nodes/ws/src/bt_leaf_nodes_clients/src/bt_leaf_node_client.cpp:11[m[K:
[4.057s] /opt/ros/humble/include/class_loader/class_loader/meta_object.hpp: In instantiation of ‘[01m[KB* class_loader::impl::MetaObject<C, B>::create() const [with C = int; B = rclcpp_components::NodeFactory][m[K’:
[4.057s] [01m[K/opt/ros/humble/include/class_loader/class_loader/meta_object.hpp:216:7:[m[K   required from here
[4.057s] [01m[K/opt/ros/humble/include/class_loader/class_loader/meta_object.hpp:218:12:[m[K [01;31m[Kerror: [m[Kcannot convert ‘[01m[Kint*[m[K’ to ‘[01m[Krclcpp_components::NodeFactory*[m[K’ in return
[4.057s]   218 |     return [01;31m[Knew C[m[K;
[4.057s]       |            [01;31m[K^~~~~[m[K
[4.057s]       |            [01;31m[K|[m[K
[4.057s]       |            [01;31m[Kint*[m[K
[4.079s] [ 75%] Built target bt_node_client
[4.189s] gmake[2]: *** [CMakeFiles/BT_node_client.dir/build.make:76: CMakeFiles/BT_node_client.dir/src/bt_leaf_node_client.cpp.o] Error 1
[4.190s] gmake[1]: *** [CMakeFiles/Makefile2:139: CMakeFiles/BT_node_client.dir/all] Error 2
[4.190s] gmake: *** [Makefile:146: all] Error 2
[4.192s] Invoked command in '/home/mcolledanchise/behavior-stack-example/libs/ros2_bt_nodes/ws/src/build/bt_leaf_nodes_clients' returned '2': AMENT_PREFIX_PATH=/home/mcolledanchise/behavior-stack-example/libs/ros2_bt_nodes/ws/src/install/bt_leaf_nodes_interfaces:${AMENT_PREFIX_PATH} CMAKE_PREFIX_PATH=/home/mcolledanchise/behavior-stack-example/libs/ros2_bt_nodes/ws/src/install/bt_leaf_nodes_interfaces:/opt/ros/humble LD_LIBRARY_PATH=/home/mcolledanchise/behavior-stack-example/libs/ros2_bt_nodes/ws/src/install/bt_leaf_nodes_interfaces/lib:${LD_LIBRARY_PATH} PYTHONPATH=/home/mcolledanchise/behavior-stack-example/libs/ros2_bt_nodes/ws/src/install/bt_leaf_nodes_interfaces/local/lib/python3.10/dist-packages:${PYTHONPATH} /usr/bin/cmake --build /home/mcolledanchise/behavior-stack-example/libs/ros2_bt_nodes/ws/src/build/bt_leaf_nodes_clients --clean-first -- -j8 -l8
