[0.011s] Invoking command in '/home/mcolledanchise/behavior-stack-example/libs/ros2_bt_nodes/ws/src/build/bt_leaf_nodes_interfaces': CMAKE_PREFIX_PATH=/opt/ros/humble /usr/bin/cmake --build /home/mcolledanchise/behavior-stack-example/libs/ros2_bt_nodes/ws/src/build/bt_leaf_nodes_interfaces --clean-first -- -j8 -l8
[0.186s] [  3%] [34m[1mGenerating C code for ROS interfaces[0m
[0.193s] [  6%] [34m[1mGenerating C++ code for ROS interfaces[0m
[0.199s] [  6%] Built target ament_cmake_python_copy_bt_leaf_nodes_interfaces
[0.407s] running egg_info
[0.409s] writing bt_leaf_nodes_interfaces.egg-info/PKG-INFO
[0.409s] writing dependency_links to bt_leaf_nodes_interfaces.egg-info/dependency_links.txt
[0.409s] writing top-level names to bt_leaf_nodes_interfaces.egg-info/top_level.txt
[0.411s] reading manifest file 'bt_leaf_nodes_interfaces.egg-info/SOURCES.txt'
[0.412s] writing manifest file 'bt_leaf_nodes_interfaces.egg-info/SOURCES.txt'
[0.433s] [  6%] Built target ament_cmake_python_build_bt_leaf_nodes_interfaces_egg
[0.602s] [  6%] Built target bt_leaf_nodes_interfaces__cpp
[0.609s] [  9%] [34m[1mGenerating C++ introspection for ROS interfaces[0m
[0.610s] [ 12%] [34m[1mGenerating C++ type support dispatch for ROS interfaces[0m
[0.612s] [ 16%] [34m[1mGenerating C++ type support for eProsima Fast-RTPS[0m
[0.618s] [ 19%] [32mBuilding C object CMakeFiles/bt_leaf_nodes_interfaces__rosidl_generator_c.dir/rosidl_generator_c/bt_leaf_nodes_interfaces/action/detail/bt__functions.c.o[0m
[0.730s] [ 22%] [32m[1mLinking C shared library libbt_leaf_nodes_interfaces__rosidl_generator_c.so[0m
[0.830s] [ 22%] Built target bt_leaf_nodes_interfaces__rosidl_generator_c
[0.838s] [ 25%] [34m[1mGenerating C introspection for ROS interfaces[0m
[0.839s] [ 29%] [34m[1mGenerating C type support dispatch for ROS interfaces[0m
[0.839s] [ 32%] [34m[1mGenerating C type support for eProsima Fast-RTPS[0m
[0.985s] [ 35%] [32mBuilding CXX object CMakeFiles/bt_leaf_nodes_interfaces__rosidl_typesupport_cpp.dir/rosidl_typesupport_cpp/bt_leaf_nodes_interfaces/action/bt__type_support.cpp.o[0m
[1.039s] [ 38%] [32mBuilding CXX object CMakeFiles/bt_leaf_nodes_interfaces__rosidl_typesupport_introspection_cpp.dir/rosidl_typesupport_introspection_cpp/bt_leaf_nodes_interfaces/action/detail/bt__type_support.cpp.o[0m
[1.059s] [ 41%] [32mBuilding CXX object CMakeFiles/bt_leaf_nodes_interfaces__rosidl_typesupport_fastrtps_cpp.dir/rosidl_typesupport_fastrtps_cpp/bt_leaf_nodes_interfaces/action/detail/dds_fastrtps/bt__type_support.cpp.o[0m
[1.206s] [ 45%] [32mBuilding CXX object CMakeFiles/bt_leaf_nodes_interfaces__rosidl_typesupport_c.dir/rosidl_typesupport_c/bt_leaf_nodes_interfaces/action/bt__type_support.cpp.o[0m
[1.264s] [ 48%] [32m[1mLinking CXX shared library libbt_leaf_nodes_interfaces__rosidl_typesupport_c.so[0m
[1.324s] [ 51%] [32mBuilding C object CMakeFiles/bt_leaf_nodes_interfaces__rosidl_typesupport_introspection_c.dir/rosidl_typesupport_introspection_c/bt_leaf_nodes_interfaces/action/detail/bt__type_support.c.o[0m
[1.340s] [ 54%] [32mBuilding CXX object CMakeFiles/bt_leaf_nodes_interfaces__rosidl_typesupport_fastrtps_c.dir/rosidl_typesupport_fastrtps_c/bt_leaf_nodes_interfaces/action/detail/bt__type_support_c.cpp.o[0m
[1.374s] [ 54%] Built target bt_leaf_nodes_interfaces__rosidl_typesupport_c
[1.376s] [ 58%] [32m[1mLinking C shared library libbt_leaf_nodes_interfaces__rosidl_typesupport_introspection_c.so[0m
[1.467s] [ 58%] Built target bt_leaf_nodes_interfaces__rosidl_typesupport_introspection_c
[1.494s] [ 61%] [32m[1mLinking CXX shared library libbt_leaf_nodes_interfaces__rosidl_typesupport_cpp.so[0m
[1.591s] [ 61%] Built target bt_leaf_nodes_interfaces__rosidl_typesupport_cpp
[1.673s] [ 64%] [32m[1mLinking CXX shared library libbt_leaf_nodes_interfaces__rosidl_typesupport_fastrtps_cpp.so[0m
[1.700s] [ 67%] [32m[1mLinking CXX shared library libbt_leaf_nodes_interfaces__rosidl_typesupport_introspection_cpp.so[0m
[1.752s] [ 70%] [32m[1mLinking CXX shared library libbt_leaf_nodes_interfaces__rosidl_typesupport_fastrtps_c.so[0m
[1.795s] [ 70%] Built target bt_leaf_nodes_interfaces__rosidl_typesupport_fastrtps_cpp
[1.825s] [ 70%] Built target bt_leaf_nodes_interfaces__rosidl_typesupport_introspection_cpp
[1.870s] [ 70%] Built target bt_leaf_nodes_interfaces__rosidl_typesupport_fastrtps_c
[1.886s] [ 70%] Built target bt_leaf_nodes_interfaces
[1.902s] [ 74%] [34m[1mGenerating Python code for ROS interfaces[0m
[2.633s] [ 74%] Built target bt_leaf_nodes_interfaces__py
[2.649s] [ 77%] [32mBuilding C object CMakeFiles/bt_leaf_nodes_interfaces__rosidl_generator_py.dir/rosidl_generator_py/bt_leaf_nodes_interfaces/action/_bt_s.c.o[0m
[2.767s] [ 80%] [32m[1mLinking C shared library rosidl_generator_py/bt_leaf_nodes_interfaces/libbt_leaf_nodes_interfaces__rosidl_generator_py.so[0m
[2.853s] [ 80%] Built target bt_leaf_nodes_interfaces__rosidl_generator_py
[2.868s] [ 83%] [32mBuilding C object CMakeFiles/bt_leaf_nodes_interfaces__rosidl_typesupport_c__pyext.dir/rosidl_generator_py/bt_leaf_nodes_interfaces/_bt_leaf_nodes_interfaces_s.ep.rosidl_typesupport_c.c.o[0m
[2.868s] [ 90%] [32mBuilding C object CMakeFiles/bt_leaf_nodes_interfaces__rosidl_typesupport_fastrtps_c__pyext.dir/rosidl_generator_py/bt_leaf_nodes_interfaces/_bt_leaf_nodes_interfaces_s.ep.rosidl_typesupport_fastrtps_c.c.o[0m
[2.868s] [ 90%] [32mBuilding C object CMakeFiles/bt_leaf_nodes_interfaces__rosidl_typesupport_introspection_c__pyext.dir/rosidl_generator_py/bt_leaf_nodes_interfaces/_bt_leaf_nodes_interfaces_s.ep.rosidl_typesupport_introspection_c.c.o[0m
[2.958s] [ 93%] [32m[1mLinking C shared library rosidl_generator_py/bt_leaf_nodes_interfaces/bt_leaf_nodes_interfaces_s__rosidl_typesupport_introspection_c.cpython-310-x86_64-linux-gnu.so[0m
[2.965s] [ 96%] [32m[1mLinking C shared library rosidl_generator_py/bt_leaf_nodes_interfaces/bt_leaf_nodes_interfaces_s__rosidl_typesupport_fastrtps_c.cpython-310-x86_64-linux-gnu.so[0m
[2.971s] [100%] [32m[1mLinking C shared library rosidl_generator_py/bt_leaf_nodes_interfaces/bt_leaf_nodes_interfaces_s__rosidl_typesupport_c.cpython-310-x86_64-linux-gnu.so[0m
[3.037s] [100%] Built target bt_leaf_nodes_interfaces__rosidl_typesupport_fastrtps_c__pyext
[3.037s] [100%] Built target bt_leaf_nodes_interfaces__rosidl_typesupport_introspection_c__pyext
[3.056s] [100%] Built target bt_leaf_nodes_interfaces__rosidl_typesupport_c__pyext
[3.064s] Invoked command in '/home/mcolledanchise/behavior-stack-example/libs/ros2_bt_nodes/ws/src/build/bt_leaf_nodes_interfaces' returned '0': CMAKE_PREFIX_PATH=/opt/ros/humble /usr/bin/cmake --build /home/mcolledanchise/behavior-stack-example/libs/ros2_bt_nodes/ws/src/build/bt_leaf_nodes_interfaces --clean-first -- -j8 -l8
[3.109s] Invoking command in '/home/mcolledanchise/behavior-stack-example/libs/ros2_bt_nodes/ws/src/build/bt_leaf_nodes_interfaces': CMAKE_PREFIX_PATH=/opt/ros/humble /usr/bin/cmake --install /home/mcolledanchise/behavior-stack-example/libs/ros2_bt_nodes/ws/src/build/bt_leaf_nodes_interfaces
[3.114s] -- Install configuration: ""
[3.114s] -- Up-to-date: /home/mcolledanchise/behavior-stack-example/libs/ros2_bt_nodes/ws/src/install/bt_leaf_nodes_interfaces/share/ament_index/resource_index/rosidl_interfaces/bt_leaf_nodes_interfaces
[3.114s] -- Up-to-date: /home/mcolledanchise/behavior-stack-example/libs/ros2_bt_nodes/ws/src/install/bt_leaf_nodes_interfaces/include/bt_leaf_nodes_interfaces/bt_leaf_nodes_interfaces
[3.115s] -- Up-to-date: /home/mcolledanchise/behavior-stack-example/libs/ros2_bt_nodes/ws/src/install/bt_leaf_nodes_interfaces/include/bt_leaf_nodes_interfaces/bt_leaf_nodes_interfaces/msg
[3.115s] -- Up-to-date: /home/mcolledanchise/behavior-stack-example/libs/ros2_bt_nodes/ws/src/install/bt_leaf_nodes_interfaces/include/bt_leaf_nodes_interfaces/bt_leaf_nodes_interfaces/msg/rosidl_generator_c__visibility_control.h
[3.115s] -- Up-to-date: /home/mcolledanchise/behavior-stack-example/libs/ros2_bt_nodes/ws/src/install/bt_leaf_nodes_interfaces/include/bt_leaf_nodes_interfaces/bt_leaf_nodes_interfaces/action
[3.115s] -- Up-to-date: /home/mcolledanchise/behavior-stack-example/libs/ros2_bt_nodes/ws/src/install/bt_leaf_nodes_interfaces/include/bt_leaf_nodes_interfaces/bt_leaf_nodes_interfaces/action/detail
[3.115s] -- Installing: /home/mcolledanchise/behavior-stack-example/libs/ros2_bt_nodes/ws/src/install/bt_leaf_nodes_interfaces/include/bt_leaf_nodes_interfaces/bt_leaf_nodes_interfaces/action/detail/bt__functions.h
[3.115s] -- Installing: /home/mcolledanchise/behavior-stack-example/libs/ros2_bt_nodes/ws/src/install/bt_leaf_nodes_interfaces/include/bt_leaf_nodes_interfaces/bt_leaf_nodes_interfaces/action/detail/bt__struct.h
[3.116s] -- Installing: /home/mcolledanchise/behavior-stack-example/libs/ros2_bt_nodes/ws/src/install/bt_leaf_nodes_interfaces/include/bt_leaf_nodes_interfaces/bt_leaf_nodes_interfaces/action/detail/bt__functions.c
[3.116s] -- Installing: /home/mcolledanchise/behavior-stack-example/libs/ros2_bt_nodes/ws/src/install/bt_leaf_nodes_interfaces/include/bt_leaf_nodes_interfaces/bt_leaf_nodes_interfaces/action/detail/bt__type_support.h
[3.116s] -- Installing: /home/mcolledanchise/behavior-stack-example/libs/ros2_bt_nodes/ws/src/install/bt_leaf_nodes_interfaces/include/bt_leaf_nodes_interfaces/bt_leaf_nodes_interfaces/action/bt.h
[3.116s] -- Up-to-date: /home/mcolledanchise/behavior-stack-example/libs/ros2_bt_nodes/ws/src/install/bt_leaf_nodes_interfaces/share/bt_leaf_nodes_interfaces/environment/library_path.sh
[3.116s] -- Up-to-date: /home/mcolledanchise/behavior-stack-example/libs/ros2_bt_nodes/ws/src/install/bt_leaf_nodes_interfaces/share/bt_leaf_nodes_interfaces/environment/library_path.dsv
[3.116s] -- Installing: /home/mcolledanchise/behavior-stack-example/libs/ros2_bt_nodes/ws/src/install/bt_leaf_nodes_interfaces/lib/libbt_leaf_nodes_interfaces__rosidl_generator_c.so
[3.117s] -- Set runtime path of "/home/mcolledanchise/behavior-stack-example/libs/ros2_bt_nodes/ws/src/install/bt_leaf_nodes_interfaces/lib/libbt_leaf_nodes_interfaces__rosidl_generator_c.so" to ""
[3.117s] -- Up-to-date: /home/mcolledanchise/behavior-stack-example/libs/ros2_bt_nodes/ws/src/install/bt_leaf_nodes_interfaces/include/bt_leaf_nodes_interfaces/bt_leaf_nodes_interfaces
[3.117s] -- Up-to-date: /home/mcolledanchise/behavior-stack-example/libs/ros2_bt_nodes/ws/src/install/bt_leaf_nodes_interfaces/include/bt_leaf_nodes_interfaces/bt_leaf_nodes_interfaces/msg
[3.117s] -- Up-to-date: /home/mcolledanchise/behavior-stack-example/libs/ros2_bt_nodes/ws/src/install/bt_leaf_nodes_interfaces/include/bt_leaf_nodes_interfaces/bt_leaf_nodes_interfaces/msg/rosidl_typesupport_fastrtps_c__visibility_control.h
[3.117s] -- Up-to-date: /home/mcolledanchise/behavior-stack-example/libs/ros2_bt_nodes/ws/src/install/bt_leaf_nodes_interfaces/include/bt_leaf_nodes_interfaces/bt_leaf_nodes_interfaces/action
[3.118s] -- Up-to-date: /home/mcolledanchise/behavior-stack-example/libs/ros2_bt_nodes/ws/src/install/bt_leaf_nodes_interfaces/include/bt_leaf_nodes_interfaces/bt_leaf_nodes_interfaces/action/detail
[3.118s] -- Installing: /home/mcolledanchise/behavior-stack-example/libs/ros2_bt_nodes/ws/src/install/bt_leaf_nodes_interfaces/include/bt_leaf_nodes_interfaces/bt_leaf_nodes_interfaces/action/detail/bt__rosidl_typesupport_fastrtps_c.h
[3.118s] -- Installing: /home/mcolledanchise/behavior-stack-example/libs/ros2_bt_nodes/ws/src/install/bt_leaf_nodes_interfaces/lib/libbt_leaf_nodes_interfaces__rosidl_typesupport_fastrtps_c.so
[3.118s] -- Set runtime path of "/home/mcolledanchise/behavior-stack-example/libs/ros2_bt_nodes/ws/src/install/bt_leaf_nodes_interfaces/lib/libbt_leaf_nodes_interfaces__rosidl_typesupport_fastrtps_c.so" to ""
[3.118s] -- Up-to-date: /home/mcolledanchise/behavior-stack-example/libs/ros2_bt_nodes/ws/src/install/bt_leaf_nodes_interfaces/include/bt_leaf_nodes_interfaces/bt_leaf_nodes_interfaces
[3.118s] -- Up-to-date: /home/mcolledanchise/behavior-stack-example/libs/ros2_bt_nodes/ws/src/install/bt_leaf_nodes_interfaces/include/bt_leaf_nodes_interfaces/bt_leaf_nodes_interfaces/msg
[3.118s] -- Up-to-date: /home/mcolledanchise/behavior-stack-example/libs/ros2_bt_nodes/ws/src/install/bt_leaf_nodes_interfaces/include/bt_leaf_nodes_interfaces/bt_leaf_nodes_interfaces/msg/rosidl_typesupport_introspection_c__visibility_control.h
[3.119s] -- Up-to-date: /home/mcolledanchise/behavior-stack-example/libs/ros2_bt_nodes/ws/src/install/bt_leaf_nodes_interfaces/include/bt_leaf_nodes_interfaces/bt_leaf_nodes_interfaces/action
[3.119s] -- Up-to-date: /home/mcolledanchise/behavior-stack-example/libs/ros2_bt_nodes/ws/src/install/bt_leaf_nodes_interfaces/include/bt_leaf_nodes_interfaces/bt_leaf_nodes_interfaces/action/detail
[3.119s] -- Installing: /home/mcolledanchise/behavior-stack-example/libs/ros2_bt_nodes/ws/src/install/bt_leaf_nodes_interfaces/include/bt_leaf_nodes_interfaces/bt_leaf_nodes_interfaces/action/detail/bt__rosidl_typesupport_introspection_c.h
[3.119s] -- Installing: /home/mcolledanchise/behavior-stack-example/libs/ros2_bt_nodes/ws/src/install/bt_leaf_nodes_interfaces/include/bt_leaf_nodes_interfaces/bt_leaf_nodes_interfaces/action/detail/bt__type_support.c
[3.119s] -- Installing: /home/mcolledanchise/behavior-stack-example/libs/ros2_bt_nodes/ws/src/install/bt_leaf_nodes_interfaces/lib/libbt_leaf_nodes_interfaces__rosidl_typesupport_introspection_c.so
[3.119s] -- Set runtime path of "/home/mcolledanchise/behavior-stack-example/libs/ros2_bt_nodes/ws/src/install/bt_leaf_nodes_interfaces/lib/libbt_leaf_nodes_interfaces__rosidl_typesupport_introspection_c.so" to ""
[3.119s] -- Installing: /home/mcolledanchise/behavior-stack-example/libs/ros2_bt_nodes/ws/src/install/bt_leaf_nodes_interfaces/lib/libbt_leaf_nodes_interfaces__rosidl_typesupport_c.so
[3.120s] -- Set runtime path of "/home/mcolledanchise/behavior-stack-example/libs/ros2_bt_nodes/ws/src/install/bt_leaf_nodes_interfaces/lib/libbt_leaf_nodes_interfaces__rosidl_typesupport_c.so" to ""
[3.120s] -- Up-to-date: /home/mcolledanchise/behavior-stack-example/libs/ros2_bt_nodes/ws/src/install/bt_leaf_nodes_interfaces/include/bt_leaf_nodes_interfaces/bt_leaf_nodes_interfaces
[3.120s] -- Up-to-date: /home/mcolledanchise/behavior-stack-example/libs/ros2_bt_nodes/ws/src/install/bt_leaf_nodes_interfaces/include/bt_leaf_nodes_interfaces/bt_leaf_nodes_interfaces/action
[3.120s] -- Installing: /home/mcolledanchise/behavior-stack-example/libs/ros2_bt_nodes/ws/src/install/bt_leaf_nodes_interfaces/include/bt_leaf_nodes_interfaces/bt_leaf_nodes_interfaces/action/bt.hpp
[3.120s] -- Up-to-date: /home/mcolledanchise/behavior-stack-example/libs/ros2_bt_nodes/ws/src/install/bt_leaf_nodes_interfaces/include/bt_leaf_nodes_interfaces/bt_leaf_nodes_interfaces/action/detail
[3.120s] -- Installing: /home/mcolledanchise/behavior-stack-example/libs/ros2_bt_nodes/ws/src/install/bt_leaf_nodes_interfaces/include/bt_leaf_nodes_interfaces/bt_leaf_nodes_interfaces/action/detail/bt__traits.hpp
[3.120s] -- Installing: /home/mcolledanchise/behavior-stack-example/libs/ros2_bt_nodes/ws/src/install/bt_leaf_nodes_interfaces/include/bt_leaf_nodes_interfaces/bt_leaf_nodes_interfaces/action/detail/bt__builder.hpp
[3.120s] -- Installing: /home/mcolledanchise/behavior-stack-example/libs/ros2_bt_nodes/ws/src/install/bt_leaf_nodes_interfaces/include/bt_leaf_nodes_interfaces/bt_leaf_nodes_interfaces/action/detail/bt__struct.hpp
[3.121s] -- Up-to-date: /home/mcolledanchise/behavior-stack-example/libs/ros2_bt_nodes/ws/src/install/bt_leaf_nodes_interfaces/include/bt_leaf_nodes_interfaces/bt_leaf_nodes_interfaces
[3.121s] -- Up-to-date: /home/mcolledanchise/behavior-stack-example/libs/ros2_bt_nodes/ws/src/install/bt_leaf_nodes_interfaces/include/bt_leaf_nodes_interfaces/bt_leaf_nodes_interfaces/msg
[3.121s] -- Up-to-date: /home/mcolledanchise/behavior-stack-example/libs/ros2_bt_nodes/ws/src/install/bt_leaf_nodes_interfaces/include/bt_leaf_nodes_interfaces/bt_leaf_nodes_interfaces/msg/rosidl_typesupport_fastrtps_cpp__visibility_control.h
[3.121s] -- Up-to-date: /home/mcolledanchise/behavior-stack-example/libs/ros2_bt_nodes/ws/src/install/bt_leaf_nodes_interfaces/include/bt_leaf_nodes_interfaces/bt_leaf_nodes_interfaces/action
[3.121s] -- Up-to-date: /home/mcolledanchise/behavior-stack-example/libs/ros2_bt_nodes/ws/src/install/bt_leaf_nodes_interfaces/include/bt_leaf_nodes_interfaces/bt_leaf_nodes_interfaces/action/detail
[3.121s] -- Up-to-date: /home/mcolledanchise/behavior-stack-example/libs/ros2_bt_nodes/ws/src/install/bt_leaf_nodes_interfaces/include/bt_leaf_nodes_interfaces/bt_leaf_nodes_interfaces/action/detail/dds_fastrtps
[3.121s] -- Installing: /home/mcolledanchise/behavior-stack-example/libs/ros2_bt_nodes/ws/src/install/bt_leaf_nodes_interfaces/include/bt_leaf_nodes_interfaces/bt_leaf_nodes_interfaces/action/detail/bt__rosidl_typesupport_fastrtps_cpp.hpp
[3.121s] -- Installing: /home/mcolledanchise/behavior-stack-example/libs/ros2_bt_nodes/ws/src/install/bt_leaf_nodes_interfaces/lib/libbt_leaf_nodes_interfaces__rosidl_typesupport_fastrtps_cpp.so
[3.121s] -- Set runtime path of "/home/mcolledanchise/behavior-stack-example/libs/ros2_bt_nodes/ws/src/install/bt_leaf_nodes_interfaces/lib/libbt_leaf_nodes_interfaces__rosidl_typesupport_fastrtps_cpp.so" to ""
[3.122s] -- Up-to-date: /home/mcolledanchise/behavior-stack-example/libs/ros2_bt_nodes/ws/src/install/bt_leaf_nodes_interfaces/include/bt_leaf_nodes_interfaces/bt_leaf_nodes_interfaces
[3.122s] -- Up-to-date: /home/mcolledanchise/behavior-stack-example/libs/ros2_bt_nodes/ws/src/install/bt_leaf_nodes_interfaces/include/bt_leaf_nodes_interfaces/bt_leaf_nodes_interfaces/action
[3.122s] -- Up-to-date: /home/mcolledanchise/behavior-stack-example/libs/ros2_bt_nodes/ws/src/install/bt_leaf_nodes_interfaces/include/bt_leaf_nodes_interfaces/bt_leaf_nodes_interfaces/action/detail
[3.122s] -- Installing: /home/mcolledanchise/behavior-stack-example/libs/ros2_bt_nodes/ws/src/install/bt_leaf_nodes_interfaces/include/bt_leaf_nodes_interfaces/bt_leaf_nodes_interfaces/action/detail/bt__type_support.cpp
[3.122s] -- Installing: /home/mcolledanchise/behavior-stack-example/libs/ros2_bt_nodes/ws/src/install/bt_leaf_nodes_interfaces/include/bt_leaf_nodes_interfaces/bt_leaf_nodes_interfaces/action/detail/bt__rosidl_typesupport_introspection_cpp.hpp
[3.122s] -- Installing: /home/mcolledanchise/behavior-stack-example/libs/ros2_bt_nodes/ws/src/install/bt_leaf_nodes_interfaces/lib/libbt_leaf_nodes_interfaces__rosidl_typesupport_introspection_cpp.so
[3.122s] -- Set runtime path of "/home/mcolledanchise/behavior-stack-example/libs/ros2_bt_nodes/ws/src/install/bt_leaf_nodes_interfaces/lib/libbt_leaf_nodes_interfaces__rosidl_typesupport_introspection_cpp.so" to ""
[3.122s] -- Installing: /home/mcolledanchise/behavior-stack-example/libs/ros2_bt_nodes/ws/src/install/bt_leaf_nodes_interfaces/lib/libbt_leaf_nodes_interfaces__rosidl_typesupport_cpp.so
[3.122s] -- Set runtime path of "/home/mcolledanchise/behavior-stack-example/libs/ros2_bt_nodes/ws/src/install/bt_leaf_nodes_interfaces/lib/libbt_leaf_nodes_interfaces__rosidl_typesupport_cpp.so" to ""
[3.122s] -- Up-to-date: /home/mcolledanchise/behavior-stack-example/libs/ros2_bt_nodes/ws/src/install/bt_leaf_nodes_interfaces/share/bt_leaf_nodes_interfaces/environment/pythonpath.sh
[3.122s] -- Up-to-date: /home/mcolledanchise/behavior-stack-example/libs/ros2_bt_nodes/ws/src/install/bt_leaf_nodes_interfaces/share/bt_leaf_nodes_interfaces/environment/pythonpath.dsv
[3.122s] -- Up-to-date: /home/mcolledanchise/behavior-stack-example/libs/ros2_bt_nodes/ws/src/install/bt_leaf_nodes_interfaces/local/lib/python3.10/dist-packages/bt_leaf_nodes_interfaces-0.0.0-py3.10.egg-info
[3.122s] -- Installing: /home/mcolledanchise/behavior-stack-example/libs/ros2_bt_nodes/ws/src/install/bt_leaf_nodes_interfaces/local/lib/python3.10/dist-packages/bt_leaf_nodes_interfaces-0.0.0-py3.10.egg-info/top_level.txt
[3.122s] -- Installing: /home/mcolledanchise/behavior-stack-example/libs/ros2_bt_nodes/ws/src/install/bt_leaf_nodes_interfaces/local/lib/python3.10/dist-packages/bt_leaf_nodes_interfaces-0.0.0-py3.10.egg-info/dependency_links.txt
[3.122s] -- Installing: /home/mcolledanchise/behavior-stack-example/libs/ros2_bt_nodes/ws/src/install/bt_leaf_nodes_interfaces/local/lib/python3.10/dist-packages/bt_leaf_nodes_interfaces-0.0.0-py3.10.egg-info/SOURCES.txt
[3.122s] -- Installing: /home/mcolledanchise/behavior-stack-example/libs/ros2_bt_nodes/ws/src/install/bt_leaf_nodes_interfaces/local/lib/python3.10/dist-packages/bt_leaf_nodes_interfaces-0.0.0-py3.10.egg-info/PKG-INFO
[3.122s] -- Up-to-date: /home/mcolledanchise/behavior-stack-example/libs/ros2_bt_nodes/ws/src/install/bt_leaf_nodes_interfaces/local/lib/python3.10/dist-packages/bt_leaf_nodes_interfaces
[3.122s] -- Installing: /home/mcolledanchise/behavior-stack-example/libs/ros2_bt_nodes/ws/src/install/bt_leaf_nodes_interfaces/local/lib/python3.10/dist-packages/bt_leaf_nodes_interfaces/libbt_leaf_nodes_interfaces__rosidl_generator_py.so
[3.122s] -- Installing: /home/mcolledanchise/behavior-stack-example/libs/ros2_bt_nodes/ws/src/install/bt_leaf_nodes_interfaces/local/lib/python3.10/dist-packages/bt_leaf_nodes_interfaces/bt_leaf_nodes_interfaces_s__rosidl_typesupport_fastrtps_c.cpython-310-x86_64-linux-gnu.so
[3.122s] -- Installing: /home/mcolledanchise/behavior-stack-example/libs/ros2_bt_nodes/ws/src/install/bt_leaf_nodes_interfaces/local/lib/python3.10/dist-packages/bt_leaf_nodes_interfaces/_bt_leaf_nodes_interfaces_s.ep.rosidl_typesupport_fastrtps_c.c
[3.122s] -- Installing: /home/mcolledanchise/behavior-stack-example/libs/ros2_bt_nodes/ws/src/install/bt_leaf_nodes_interfaces/local/lib/python3.10/dist-packages/bt_leaf_nodes_interfaces/_bt_leaf_nodes_interfaces_s.ep.rosidl_typesupport_c.c
[3.123s] -- Installing: /home/mcolledanchise/behavior-stack-example/libs/ros2_bt_nodes/ws/src/install/bt_leaf_nodes_interfaces/local/lib/python3.10/dist-packages/bt_leaf_nodes_interfaces/bt_leaf_nodes_interfaces_s__rosidl_typesupport_introspection_c.cpython-310-x86_64-linux-gnu.so
[3.123s] -- Installing: /home/mcolledanchise/behavior-stack-example/libs/ros2_bt_nodes/ws/src/install/bt_leaf_nodes_interfaces/local/lib/python3.10/dist-packages/bt_leaf_nodes_interfaces/_bt_leaf_nodes_interfaces_s.ep.rosidl_typesupport_introspection_c.c
[3.123s] -- Installing: /home/mcolledanchise/behavior-stack-example/libs/ros2_bt_nodes/ws/src/install/bt_leaf_nodes_interfaces/local/lib/python3.10/dist-packages/bt_leaf_nodes_interfaces/bt_leaf_nodes_interfaces_s__rosidl_typesupport_c.cpython-310-x86_64-linux-gnu.so
[3.123s] -- Up-to-date: /home/mcolledanchise/behavior-stack-example/libs/ros2_bt_nodes/ws/src/install/bt_leaf_nodes_interfaces/local/lib/python3.10/dist-packages/bt_leaf_nodes_interfaces/__init__.py
[3.123s] -- Up-to-date: /home/mcolledanchise/behavior-stack-example/libs/ros2_bt_nodes/ws/src/install/bt_leaf_nodes_interfaces/local/lib/python3.10/dist-packages/bt_leaf_nodes_interfaces/action
[3.123s] -- Installing: /home/mcolledanchise/behavior-stack-example/libs/ros2_bt_nodes/ws/src/install/bt_leaf_nodes_interfaces/local/lib/python3.10/dist-packages/bt_leaf_nodes_interfaces/action/_bt.py
[3.123s] -- Installing: /home/mcolledanchise/behavior-stack-example/libs/ros2_bt_nodes/ws/src/install/bt_leaf_nodes_interfaces/local/lib/python3.10/dist-packages/bt_leaf_nodes_interfaces/action/_bt_s.c
[3.123s] -- Installing: /home/mcolledanchise/behavior-stack-example/libs/ros2_bt_nodes/ws/src/install/bt_leaf_nodes_interfaces/local/lib/python3.10/dist-packages/bt_leaf_nodes_interfaces/action/__init__.py
[3.153s] Listing '/home/mcolledanchise/behavior-stack-example/libs/ros2_bt_nodes/ws/src/install/bt_leaf_nodes_interfaces/local/lib/python3.10/dist-packages/bt_leaf_nodes_interfaces'...
[3.153s] Listing '/home/mcolledanchise/behavior-stack-example/libs/ros2_bt_nodes/ws/src/install/bt_leaf_nodes_interfaces/local/lib/python3.10/dist-packages/bt_leaf_nodes_interfaces/action'...
[3.153s] Compiling '/home/mcolledanchise/behavior-stack-example/libs/ros2_bt_nodes/ws/src/install/bt_leaf_nodes_interfaces/local/lib/python3.10/dist-packages/bt_leaf_nodes_interfaces/action/__init__.py'...
[3.153s] Compiling '/home/mcolledanchise/behavior-stack-example/libs/ros2_bt_nodes/ws/src/install/bt_leaf_nodes_interfaces/local/lib/python3.10/dist-packages/bt_leaf_nodes_interfaces/action/_bt.py'...
[3.157s] -- Installing: /home/mcolledanchise/behavior-stack-example/libs/ros2_bt_nodes/ws/src/install/bt_leaf_nodes_interfaces/local/lib/python3.10/dist-packages/bt_leaf_nodes_interfaces/bt_leaf_nodes_interfaces_s__rosidl_typesupport_fastrtps_c.cpython-310-x86_64-linux-gnu.so
[3.157s] -- Set runtime path of "/home/mcolledanchise/behavior-stack-example/libs/ros2_bt_nodes/ws/src/install/bt_leaf_nodes_interfaces/local/lib/python3.10/dist-packages/bt_leaf_nodes_interfaces/bt_leaf_nodes_interfaces_s__rosidl_typesupport_fastrtps_c.cpython-310-x86_64-linux-gnu.so" to ""
[3.158s] -- Installing: /home/mcolledanchise/behavior-stack-example/libs/ros2_bt_nodes/ws/src/install/bt_leaf_nodes_interfaces/local/lib/python3.10/dist-packages/bt_leaf_nodes_interfaces/bt_leaf_nodes_interfaces_s__rosidl_typesupport_introspection_c.cpython-310-x86_64-linux-gnu.so
[3.158s] -- Set runtime path of "/home/mcolledanchise/behavior-stack-example/libs/ros2_bt_nodes/ws/src/install/bt_leaf_nodes_interfaces/local/lib/python3.10/dist-packages/bt_leaf_nodes_interfaces/bt_leaf_nodes_interfaces_s__rosidl_typesupport_introspection_c.cpython-310-x86_64-linux-gnu.so" to ""
[3.158s] -- Installing: /home/mcolledanchise/behavior-stack-example/libs/ros2_bt_nodes/ws/src/install/bt_leaf_nodes_interfaces/local/lib/python3.10/dist-packages/bt_leaf_nodes_interfaces/bt_leaf_nodes_interfaces_s__rosidl_typesupport_c.cpython-310-x86_64-linux-gnu.so
[3.158s] -- Set runtime path of "/home/mcolledanchise/behavior-stack-example/libs/ros2_bt_nodes/ws/src/install/bt_leaf_nodes_interfaces/local/lib/python3.10/dist-packages/bt_leaf_nodes_interfaces/bt_leaf_nodes_interfaces_s__rosidl_typesupport_c.cpython-310-x86_64-linux-gnu.so" to ""
[3.159s] -- Installing: /home/mcolledanchise/behavior-stack-example/libs/ros2_bt_nodes/ws/src/install/bt_leaf_nodes_interfaces/lib/libbt_leaf_nodes_interfaces__rosidl_generator_py.so
[3.159s] -- Set runtime path of "/home/mcolledanchise/behavior-stack-example/libs/ros2_bt_nodes/ws/src/install/bt_leaf_nodes_interfaces/lib/libbt_leaf_nodes_interfaces__rosidl_generator_py.so" to ""
[3.159s] -- Up-to-date: /home/mcolledanchise/behavior-stack-example/libs/ros2_bt_nodes/ws/src/install/bt_leaf_nodes_interfaces/share/bt_leaf_nodes_interfaces/action/BT.idl
[3.159s] -- Up-to-date: /home/mcolledanchise/behavior-stack-example/libs/ros2_bt_nodes/ws/src/install/bt_leaf_nodes_interfaces/share/bt_leaf_nodes_interfaces/action/BT.action
[3.159s] -- Up-to-date: /home/mcolledanchise/behavior-stack-example/libs/ros2_bt_nodes/ws/src/install/bt_leaf_nodes_interfaces/share/ament_index/resource_index/package_run_dependencies/bt_leaf_nodes_interfaces
[3.159s] -- Up-to-date: /home/mcolledanchise/behavior-stack-example/libs/ros2_bt_nodes/ws/src/install/bt_leaf_nodes_interfaces/share/ament_index/resource_index/parent_prefix_path/bt_leaf_nodes_interfaces
[3.160s] -- Up-to-date: /home/mcolledanchise/behavior-stack-example/libs/ros2_bt_nodes/ws/src/install/bt_leaf_nodes_interfaces/share/bt_leaf_nodes_interfaces/environment/ament_prefix_path.sh
[3.160s] -- Up-to-date: /home/mcolledanchise/behavior-stack-example/libs/ros2_bt_nodes/ws/src/install/bt_leaf_nodes_interfaces/share/bt_leaf_nodes_interfaces/environment/ament_prefix_path.dsv
[3.160s] -- Up-to-date: /home/mcolledanchise/behavior-stack-example/libs/ros2_bt_nodes/ws/src/install/bt_leaf_nodes_interfaces/share/bt_leaf_nodes_interfaces/environment/path.sh
[3.160s] -- Up-to-date: /home/mcolledanchise/behavior-stack-example/libs/ros2_bt_nodes/ws/src/install/bt_leaf_nodes_interfaces/share/bt_leaf_nodes_interfaces/environment/path.dsv
[3.160s] -- Up-to-date: /home/mcolledanchise/behavior-stack-example/libs/ros2_bt_nodes/ws/src/install/bt_leaf_nodes_interfaces/share/bt_leaf_nodes_interfaces/local_setup.bash
[3.160s] -- Up-to-date: /home/mcolledanchise/behavior-stack-example/libs/ros2_bt_nodes/ws/src/install/bt_leaf_nodes_interfaces/share/bt_leaf_nodes_interfaces/local_setup.sh
[3.160s] -- Up-to-date: /home/mcolledanchise/behavior-stack-example/libs/ros2_bt_nodes/ws/src/install/bt_leaf_nodes_interfaces/share/bt_leaf_nodes_interfaces/local_setup.zsh
[3.161s] -- Up-to-date: /home/mcolledanchise/behavior-stack-example/libs/ros2_bt_nodes/ws/src/install/bt_leaf_nodes_interfaces/share/bt_leaf_nodes_interfaces/local_setup.dsv
[3.161s] -- Installing: /home/mcolledanchise/behavior-stack-example/libs/ros2_bt_nodes/ws/src/install/bt_leaf_nodes_interfaces/share/bt_leaf_nodes_interfaces/package.dsv
[3.161s] -- Up-to-date: /home/mcolledanchise/behavior-stack-example/libs/ros2_bt_nodes/ws/src/install/bt_leaf_nodes_interfaces/share/ament_index/resource_index/packages/bt_leaf_nodes_interfaces
[3.161s] -- Up-to-date: /home/mcolledanchise/behavior-stack-example/libs/ros2_bt_nodes/ws/src/install/bt_leaf_nodes_interfaces/share/bt_leaf_nodes_interfaces/cmake/export_bt_leaf_nodes_interfaces__rosidl_generator_cExport.cmake
[3.161s] -- Up-to-date: /home/mcolledanchise/behavior-stack-example/libs/ros2_bt_nodes/ws/src/install/bt_leaf_nodes_interfaces/share/bt_leaf_nodes_interfaces/cmake/export_bt_leaf_nodes_interfaces__rosidl_generator_cExport-noconfig.cmake
[3.161s] -- Up-to-date: /home/mcolledanchise/behavior-stack-example/libs/ros2_bt_nodes/ws/src/install/bt_leaf_nodes_interfaces/share/bt_leaf_nodes_interfaces/cmake/export_bt_leaf_nodes_interfaces__rosidl_typesupport_fastrtps_cExport.cmake
[3.161s] -- Up-to-date: /home/mcolledanchise/behavior-stack-example/libs/ros2_bt_nodes/ws/src/install/bt_leaf_nodes_interfaces/share/bt_leaf_nodes_interfaces/cmake/export_bt_leaf_nodes_interfaces__rosidl_typesupport_fastrtps_cExport-noconfig.cmake
[3.162s] -- Up-to-date: /home/mcolledanchise/behavior-stack-example/libs/ros2_bt_nodes/ws/src/install/bt_leaf_nodes_interfaces/share/bt_leaf_nodes_interfaces/cmake/bt_leaf_nodes_interfaces__rosidl_typesupport_introspection_cExport.cmake
[3.162s] -- Up-to-date: /home/mcolledanchise/behavior-stack-example/libs/ros2_bt_nodes/ws/src/install/bt_leaf_nodes_interfaces/share/bt_leaf_nodes_interfaces/cmake/bt_leaf_nodes_interfaces__rosidl_typesupport_introspection_cExport-noconfig.cmake
[3.162s] -- Up-to-date: /home/mcolledanchise/behavior-stack-example/libs/ros2_bt_nodes/ws/src/install/bt_leaf_nodes_interfaces/share/bt_leaf_nodes_interfaces/cmake/bt_leaf_nodes_interfaces__rosidl_typesupport_cExport.cmake
[3.162s] -- Up-to-date: /home/mcolledanchise/behavior-stack-example/libs/ros2_bt_nodes/ws/src/install/bt_leaf_nodes_interfaces/share/bt_leaf_nodes_interfaces/cmake/bt_leaf_nodes_interfaces__rosidl_typesupport_cExport-noconfig.cmake
[3.162s] -- Up-to-date: /home/mcolledanchise/behavior-stack-example/libs/ros2_bt_nodes/ws/src/install/bt_leaf_nodes_interfaces/share/bt_leaf_nodes_interfaces/cmake/export_bt_leaf_nodes_interfaces__rosidl_generator_cppExport.cmake
[3.162s] -- Up-to-date: /home/mcolledanchise/behavior-stack-example/libs/ros2_bt_nodes/ws/src/install/bt_leaf_nodes_interfaces/share/bt_leaf_nodes_interfaces/cmake/export_bt_leaf_nodes_interfaces__rosidl_typesupport_fastrtps_cppExport.cmake
[3.163s] -- Up-to-date: /home/mcolledanchise/behavior-stack-example/libs/ros2_bt_nodes/ws/src/install/bt_leaf_nodes_interfaces/share/bt_leaf_nodes_interfaces/cmake/export_bt_leaf_nodes_interfaces__rosidl_typesupport_fastrtps_cppExport-noconfig.cmake
[3.163s] -- Up-to-date: /home/mcolledanchise/behavior-stack-example/libs/ros2_bt_nodes/ws/src/install/bt_leaf_nodes_interfaces/share/bt_leaf_nodes_interfaces/cmake/bt_leaf_nodes_interfaces__rosidl_typesupport_introspection_cppExport.cmake
[3.163s] -- Up-to-date: /home/mcolledanchise/behavior-stack-example/libs/ros2_bt_nodes/ws/src/install/bt_leaf_nodes_interfaces/share/bt_leaf_nodes_interfaces/cmake/bt_leaf_nodes_interfaces__rosidl_typesupport_introspection_cppExport-noconfig.cmake
[3.163s] -- Up-to-date: /home/mcolledanchise/behavior-stack-example/libs/ros2_bt_nodes/ws/src/install/bt_leaf_nodes_interfaces/share/bt_leaf_nodes_interfaces/cmake/bt_leaf_nodes_interfaces__rosidl_typesupport_cppExport.cmake
[3.163s] -- Up-to-date: /home/mcolledanchise/behavior-stack-example/libs/ros2_bt_nodes/ws/src/install/bt_leaf_nodes_interfaces/share/bt_leaf_nodes_interfaces/cmake/bt_leaf_nodes_interfaces__rosidl_typesupport_cppExport-noconfig.cmake
[3.163s] -- Up-to-date: /home/mcolledanchise/behavior-stack-example/libs/ros2_bt_nodes/ws/src/install/bt_leaf_nodes_interfaces/share/bt_leaf_nodes_interfaces/cmake/export_bt_leaf_nodes_interfaces__rosidl_generator_pyExport.cmake
[3.166s] -- Up-to-date: /home/mcolledanchise/behavior-stack-example/libs/ros2_bt_nodes/ws/src/install/bt_leaf_nodes_interfaces/share/bt_leaf_nodes_interfaces/cmake/export_bt_leaf_nodes_interfaces__rosidl_generator_pyExport-noconfig.cmake
[3.167s] -- Up-to-date: /home/mcolledanchise/behavior-stack-example/libs/ros2_bt_nodes/ws/src/install/bt_leaf_nodes_interfaces/share/bt_leaf_nodes_interfaces/cmake/rosidl_cmake-extras.cmake
[3.167s] -- Up-to-date: /home/mcolledanchise/behavior-stack-example/libs/ros2_bt_nodes/ws/src/install/bt_leaf_nodes_interfaces/share/bt_leaf_nodes_interfaces/cmake/ament_cmake_export_dependencies-extras.cmake
[3.167s] -- Up-to-date: /home/mcolledanchise/behavior-stack-example/libs/ros2_bt_nodes/ws/src/install/bt_leaf_nodes_interfaces/share/bt_leaf_nodes_interfaces/cmake/ament_cmake_export_include_directories-extras.cmake
[3.167s] -- Up-to-date: /home/mcolledanchise/behavior-stack-example/libs/ros2_bt_nodes/ws/src/install/bt_leaf_nodes_interfaces/share/bt_leaf_nodes_interfaces/cmake/ament_cmake_export_libraries-extras.cmake
[3.167s] -- Up-to-date: /home/mcolledanchise/behavior-stack-example/libs/ros2_bt_nodes/ws/src/install/bt_leaf_nodes_interfaces/share/bt_leaf_nodes_interfaces/cmake/ament_cmake_export_targets-extras.cmake
[3.167s] -- Up-to-date: /home/mcolledanchise/behavior-stack-example/libs/ros2_bt_nodes/ws/src/install/bt_leaf_nodes_interfaces/share/bt_leaf_nodes_interfaces/cmake/rosidl_cmake_export_typesupport_targets-extras.cmake
[3.168s] -- Up-to-date: /home/mcolledanchise/behavior-stack-example/libs/ros2_bt_nodes/ws/src/install/bt_leaf_nodes_interfaces/share/bt_leaf_nodes_interfaces/cmake/rosidl_cmake_export_typesupport_libraries-extras.cmake
[3.168s] -- Up-to-date: /home/mcolledanchise/behavior-stack-example/libs/ros2_bt_nodes/ws/src/install/bt_leaf_nodes_interfaces/share/bt_leaf_nodes_interfaces/cmake/bt_leaf_nodes_interfacesConfig.cmake
[3.168s] -- Up-to-date: /home/mcolledanchise/behavior-stack-example/libs/ros2_bt_nodes/ws/src/install/bt_leaf_nodes_interfaces/share/bt_leaf_nodes_interfaces/cmake/bt_leaf_nodes_interfacesConfig-version.cmake
[3.168s] -- Up-to-date: /home/mcolledanchise/behavior-stack-example/libs/ros2_bt_nodes/ws/src/install/bt_leaf_nodes_interfaces/share/bt_leaf_nodes_interfaces/package.xml
[3.169s] Invoked command in '/home/mcolledanchise/behavior-stack-example/libs/ros2_bt_nodes/ws/src/build/bt_leaf_nodes_interfaces' returned '0': CMAKE_PREFIX_PATH=/opt/ros/humble /usr/bin/cmake --install /home/mcolledanchise/behavior-stack-example/libs/ros2_bt_nodes/ws/src/build/bt_leaf_nodes_interfaces
